SF:/nas/Temp/repos/GitForge/crates/gitforce-api/src/auth.rs
FN:169,_RNvNtNtCs9Kgo29zTVTG_12gitforce_api4auth5testss_17test_claims_debug
FN:110,_RNvNtNtCs9Kgo29zTVTG_12gitforce_api4auth5testss_18test_claims_expiry
FN:136,_RNvNtNtCs9Kgo29zTVTG_12gitforce_api4auth5testss_18test_extract_token
FN:143,_RNvNtNtCs9Kgo29zTVTG_12gitforce_api4auth5testss_18test_invalid_token
FN:102,_RNvNtNtCs9Kgo29zTVTG_12gitforce_api4auth5testss_20test_claims_creation
FN:186,_RNvNtNtCs9Kgo29zTVTG_12gitforce_api4auth5testss_23test_claims_iat_and_exp
FN:176,_RNvNtNtCs9Kgo29zTVTG_12gitforce_api4auth5testss_27test_token_with_long_expiry
FN:150,_RNvNtNtCs9Kgo29zTVTG_12gitforce_api4auth5testss_28test_wrong_secret_validation
FN:160,_RNvNtNtCs9Kgo29zTVTG_12gitforce_api4auth5testss_32test_claims_with_different_roles
FN:123,_RNvNtNtCs9Kgo29zTVTG_12gitforce_api4auth5testss_36test_token_generation_and_validation
FN:40,_RNvMNtCs9Kgo29zTVTG_12gitforce_api4authNtB2_6Claims10is_expired
FN:27,_RNvMNtCs9Kgo29zTVTG_12gitforce_api4authNtB2_6Claims3new
FN:92,_RNvMs_NtCs9Kgo29zTVTG_12gitforce_api4authNtB4_7ApiAuth13extract_token
FN:68,_RNvMs_NtCs9Kgo29zTVTG_12gitforce_api4authNtB4_7ApiAuth14generate_token
FN:78,_RNvMs_NtCs9Kgo29zTVTG_12gitforce_api4authNtB4_7ApiAuth14validate_token
FN:56,_RNvMs_NtCs9Kgo29zTVTG_12gitforce_api4authNtB4_7ApiAuth3new
FN:72,_RNCNvMs_NtCs9Kgo29zTVTG_12gitforce_api4authNtB6_7ApiAuth14generate_token0B8_
FN:80,_RNCNvMs_NtCs9Kgo29zTVTG_12gitforce_api4authNtB6_7ApiAuth14validate_token0B8_
FN:40,_RNvMNtCsjGpVpf3FQqF_12gitforce_api4authNtB2_6Claims10is_expired
FN:27,_RNvMNtCsjGpVpf3FQqF_12gitforce_api4authNtB2_6Claims3new
FN:92,_RNvMs_NtCsjGpVpf3FQqF_12gitforce_api4authNtB4_7ApiAuth13extract_token
FN:68,_RNvMs_NtCsjGpVpf3FQqF_12gitforce_api4authNtB4_7ApiAuth14generate_token
FN:78,_RNvMs_NtCsjGpVpf3FQqF_12gitforce_api4authNtB4_7ApiAuth14validate_token
FN:56,_RNvMs_NtCsjGpVpf3FQqF_12gitforce_api4authNtB4_7ApiAuth3new
FN:72,_RNCNvMs_NtCsjGpVpf3FQqF_12gitforce_api4authNtB6_7ApiAuth14generate_token0B8_
FN:80,_RNCNvMs_NtCsjGpVpf3FQqF_12gitforce_api4authNtB6_7ApiAuth14validate_token0B8_
FNDA:1,_RNvNtNtCs9Kgo29zTVTG_12gitforce_api4auth5testss_17test_claims_debug
FNDA:1,_RNvNtNtCs9Kgo29zTVTG_12gitforce_api4auth5testss_18test_claims_expiry
FNDA:1,_RNvNtNtCs9Kgo29zTVTG_12gitforce_api4auth5testss_18test_extract_token
FNDA:1,_RNvNtNtCs9Kgo29zTVTG_12gitforce_api4auth5testss_18test_invalid_token
FNDA:1,_RNvNtNtCs9Kgo29zTVTG_12gitforce_api4auth5testss_20test_claims_creation
FNDA:1,_RNvNtNtCs9Kgo29zTVTG_12gitforce_api4auth5testss_23test_claims_iat_and_exp
FNDA:1,_RNvNtNtCs9Kgo29zTVTG_12gitforce_api4auth5testss_27test_token_with_long_expiry
FNDA:1,_RNvNtNtCs9Kgo29zTVTG_12gitforce_api4auth5testss_28test_wrong_secret_validation
FNDA:1,_RNvNtNtCs9Kgo29zTVTG_12gitforce_api4auth5testss_32test_claims_with_different_roles
FNDA:1,_RNvNtNtCs9Kgo29zTVTG_12gitforce_api4auth5testss_36test_token_generation_and_validation
FNDA:5,_RNvMNtCs9Kgo29zTVTG_12gitforce_api4authNtB2_6Claims10is_expired
FNDA:10,_RNvMNtCs9Kgo29zTVTG_12gitforce_api4authNtB2_6Claims3new
FNDA:3,_RNvMs_NtCs9Kgo29zTVTG_12gitforce_api4authNtB4_7ApiAuth13extract_token
FNDA:3,_RNvMs_NtCs9Kgo29zTVTG_12gitforce_api4authNtB4_7ApiAuth14generate_token
FNDA:4,_RNvMs_NtCs9Kgo29zTVTG_12gitforce_api4authNtB4_7ApiAuth14validate_token
FNDA:9,_RNvMs_NtCs9Kgo29zTVTG_12gitforce_api4authNtB4_7ApiAuth3new
FNDA:0,_RNCNvMs_NtCs9Kgo29zTVTG_12gitforce_api4authNtB6_7ApiAuth14generate_token0B8_
FNDA:2,_RNCNvMs_NtCs9Kgo29zTVTG_12gitforce_api4authNtB6_7ApiAuth14validate_token0B8_
FNDA:8,_RNvMNtCsjGpVpf3FQqF_12gitforce_api4authNtB2_6Claims10is_expired
FNDA:21,_RNvMNtCsjGpVpf3FQqF_12gitforce_api4authNtB2_6Claims3new
FNDA:9,_RNvMs_NtCsjGpVpf3FQqF_12gitforce_api4authNtB4_7ApiAuth13extract_token
FNDA:21,_RNvMs_NtCsjGpVpf3FQqF_12gitforce_api4authNtB4_7ApiAuth14generate_token
FNDA:9,_RNvMs_NtCsjGpVpf3FQqF_12gitforce_api4authNtB4_7ApiAuth14validate_token
FNDA:54,_RNvMs_NtCsjGpVpf3FQqF_12gitforce_api4authNtB4_7ApiAuth3new
FNDA:0,_RNCNvMs_NtCsjGpVpf3FQqF_12gitforce_api4authNtB6_7ApiAuth14generate_token0B8_
FNDA:1,_RNCNvMs_NtCsjGpVpf3FQqF_12gitforce_api4authNtB6_7ApiAuth14validate_token0B8_
FNF:18
FNH:17
DA:27,31
DA:28,31
DA:29,31
DA:30,31
DA:31,31
DA:32,31
DA:33,31
DA:34,31
DA:35,31
DA:36,31
DA:37,31
DA:40,13
DA:41,13
DA:42,13
DA:56,63
DA:57,63
DA:58,63
DA:60,63
DA:61,63
DA:62,63
DA:63,63
DA:64,63
DA:65,63
DA:68,24
DA:69,24
DA:71,24
DA:72,24
DA:74,24
DA:75,24
DA:78,13
DA:79,13
DA:80,13
DA:82,10
DA:84,10
DA:85,0
DA:86,10
DA:88,10
DA:89,13
DA:92,12
DA:93,12
DA:94,12
DA:102,1
DA:103,1
DA:104,1
DA:105,1
DA:106,1
DA:107,1
DA:110,1
DA:111,1
DA:112,1
DA:114,1
DA:115,1
DA:116,1
DA:117,1
DA:118,1
DA:119,1
DA:120,1
DA:123,1
DA:124,1
DA:125,1
DA:127,1
DA:128,1
DA:130,1
DA:131,1
DA:132,1
DA:133,1
DA:136,1
DA:137,1
DA:138,1
DA:139,1
DA:140,1
DA:143,1
DA:144,1
DA:145,1
DA:146,1
DA:147,1
DA:150,1
DA:151,1
DA:152,1
DA:153,1
DA:154,1
DA:155,1
DA:156,1
DA:157,1
DA:160,1
DA:161,1
DA:162,1
DA:163,1
DA:164,1
DA:165,1
DA:166,1
DA:169,1
DA:170,1
DA:171,1
DA:172,1
DA:173,1
DA:176,1
DA:177,1
DA:178,1
DA:179,1
DA:180,1
DA:182,1
DA:183,1
DA:186,1
DA:187,1
DA:188,1
DA:189,1
DA:191,1
DA:192,1
DA:194,1
DA:195,1
BRF:0
BRH:0
LF:113
LH:111
end_of_record
SF:/nas/Temp/repos/GitForge/crates/gitforce-api/src/dashboard.rs
FN:172,_RNCNvNtCs9Kgo29zTVTG_12gitforce_api9dashboard9dashboard0B5_
FN:187,_RNvNtNtCs9Kgo29zTVTG_12gitforce_api9dashboard5testss_27test_dashboard_returns_html
FN:187,_RNCNvNtNtCs9Kgo29zTVTG_12gitforce_api9dashboard5testss_27test_dashboard_returns_html0B7_
FN:177,_RNvNtCs9Kgo29zTVTG_12gitforce_api9dashboard16dashboard_routes
FN:172,_RNvNtCs9Kgo29zTVTG_12gitforce_api9dashboard9dashboard
FN:172,_RNCNvNtCsjGpVpf3FQqF_12gitforce_api9dashboard9dashboard0B5_
FN:177,_RNvNtCsjGpVpf3FQqF_12gitforce_api9dashboard16dashboard_routes
FN:172,_RNvNtCsjGpVpf3FQqF_12gitforce_api9dashboard9dashboard
FNDA:1,_RNCNvNtCs9Kgo29zTVTG_12gitforce_api9dashboard9dashboard0B5_
FNDA:1,_RNvNtNtCs9Kgo29zTVTG_12gitforce_api9dashboard5testss_27test_dashboard_returns_html
FNDA:1,_RNCNvNtNtCs9Kgo29zTVTG_12gitforce_api9dashboard5testss_27test_dashboard_returns_html0B7_
FNDA:4,_RNvNtCs9Kgo29zTVTG_12gitforce_api9dashboard16dashboard_routes
FNDA:1,_RNvNtCs9Kgo29zTVTG_12gitforce_api9dashboard9dashboard
FNDA:1,_RNCNvNtCsjGpVpf3FQqF_12gitforce_api9dashboard9dashboard0B5_
FNDA:33,_RNvNtCsjGpVpf3FQqF_12gitforce_api9dashboard16dashboard_routes
FNDA:1,_RNvNtCsjGpVpf3FQqF_12gitforce_api9dashboard9dashboard
FNF:5
FNH:5
DA:172,2
DA:173,2
DA:174,2
DA:177,37
DA:178,37
DA:179,37
DA:180,37
DA:187,1
DA:188,1
DA:189,1
DA:190,1
BRF:0
BRH:0
LF:14
LH:14
end_of_record
SF:/nas/Temp/repos/GitForge/crates/gitforce-api/src/metrics.rs
FN:258,_RNvXs_NtCs9Kgo29zTVTG_12gitforce_api7metricsNtB4_7MetricsNtNtCs4NRVxsYgnAr_4core7default7Default7default
FN:200,_RNvMNtCs9Kgo29zTVTG_12gitforce_api7metricsNtB2_7Metrics19record_http_request
FN:228,_RNvMNtCs9Kgo29zTVTG_12gitforce_api7metricsNtB2_7Metrics19record_job_duration
FN:221,_RNvMNtCs9Kgo29zTVTG_12gitforce_api7metricsNtB2_7Metrics19record_pipeline_run
FN:252,_RNvMNtCs9Kgo29zTVTG_12gitforce_api7metricsNtB2_7Metrics20record_artifact_size
FN:207,_RNvMNtCs9Kgo29zTVTG_12gitforce_api7metricsNtB2_7Metrics20record_http_duration
FN:245,_RNvMNtCs9Kgo29zTVTG_12gitforce_api7metricsNtB2_7Metrics21record_event_consumed
FN:233,_RNvMNtCs9Kgo29zTVTG_12gitforce_api7metricsNtB2_7Metrics21record_job_assignment
FN:214,_RNvMNtCs9Kgo29zTVTG_12gitforce_api7metricsNtB2_7Metrics21record_repo_operation
FN:238,_RNvMNtCs9Kgo29zTVTG_12gitforce_api7metricsNtB2_7Metrics22record_event_published
FN:44,_RNvMNtCs9Kgo29zTVTG_12gitforce_api7metricsNtB2_7Metrics3new
FN:305,_RNvNtNtCs9Kgo29zTVTG_12gitforce_api7metrics5testss_17test_record_event
FN:333,_RNvNtNtCs9Kgo29zTVTG_12gitforce_api7metrics5testss_19test_runners_gauges
FN:268,_RNvNtNtCs9Kgo29zTVTG_12gitforce_api7metrics5testss_21test_metrics_creation
FN:277,_RNvNtNtCs9Kgo29zTVTG_12gitforce_api7metrics5testss_24test_record_http_request
FN:298,_RNvNtNtCs9Kgo29zTVTG_12gitforce_api7metrics5testss_24test_record_job_duration
FN:291,_RNvNtNtCs9Kgo29zTVTG_12gitforce_api7metrics5testss_24test_record_pipeline_run
FN:312,_RNvNtNtCs9Kgo29zTVTG_12gitforce_api7metrics5testss_25test_record_artifact_size
FN:319,_RNvNtNtCs9Kgo29zTVTG_12gitforce_api7metrics5testss_25test_record_http_duration
FN:326,_RNvNtNtCs9Kgo29zTVTG_12gitforce_api7metrics5testss_26test_record_job_assignment
FN:284,_RNvNtNtCs9Kgo29zTVTG_12gitforce_api7metrics5testss_26test_record_repo_operation
FN:200,_RNvMNtCsjGpVpf3FQqF_12gitforce_api7metricsNtB2_7Metrics19record_http_request
FN:228,_RNvMNtCsjGpVpf3FQqF_12gitforce_api7metricsNtB2_7Metrics19record_job_duration
FN:221,_RNvMNtCsjGpVpf3FQqF_12gitforce_api7metricsNtB2_7Metrics19record_pipeline_run
FN:252,_RNvMNtCsjGpVpf3FQqF_12gitforce_api7metricsNtB2_7Metrics20record_artifact_size
FN:207,_RNvMNtCsjGpVpf3FQqF_12gitforce_api7metricsNtB2_7Metrics20record_http_duration
FN:245,_RNvMNtCsjGpVpf3FQqF_12gitforce_api7metricsNtB2_7Metrics21record_event_consumed
FN:233,_RNvMNtCsjGpVpf3FQqF_12gitforce_api7metricsNtB2_7Metrics21record_job_assignment
FN:214,_RNvMNtCsjGpVpf3FQqF_12gitforce_api7metricsNtB2_7Metrics21record_repo_operation
FN:238,_RNvMNtCsjGpVpf3FQqF_12gitforce_api7metricsNtB2_7Metrics22record_event_published
FN:44,_RNvMNtCsjGpVpf3FQqF_12gitforce_api7metricsNtB2_7Metrics3new
FN:258,_RNvXs_NtCsjGpVpf3FQqF_12gitforce_api7metricsNtB4_7MetricsNtNtCs4NRVxsYgnAr_4core7default7Default7default
FNDA:0,_RNvXs_NtCs9Kgo29zTVTG_12gitforce_api7metricsNtB4_7MetricsNtNtCs4NRVxsYgnAr_4core7default7Default7default
FNDA:3,_RNvMNtCs9Kgo29zTVTG_12gitforce_api7metricsNtB2_7Metrics19record_http_request
FNDA:2,_RNvMNtCs9Kgo29zTVTG_12gitforce_api7metricsNtB2_7Metrics19record_job_duration
FNDA:2,_RNvMNtCs9Kgo29zTVTG_12gitforce_api7metricsNtB2_7Metrics19record_pipeline_run
FNDA:2,_RNvMNtCs9Kgo29zTVTG_12gitforce_api7metricsNtB2_7Metrics20record_artifact_size
FNDA:2,_RNvMNtCs9Kgo29zTVTG_12gitforce_api7metricsNtB2_7Metrics20record_http_duration
FNDA:1,_RNvMNtCs9Kgo29zTVTG_12gitforce_api7metricsNtB2_7Metrics21record_event_consumed
FNDA:2,_RNvMNtCs9Kgo29zTVTG_12gitforce_api7metricsNtB2_7Metrics21record_job_assignment
FNDA:2,_RNvMNtCs9Kgo29zTVTG_12gitforce_api7metricsNtB2_7Metrics21record_repo_operation
FNDA:1,_RNvMNtCs9Kgo29zTVTG_12gitforce_api7metricsNtB2_7Metrics22record_event_published
FNDA:14,_RNvMNtCs9Kgo29zTVTG_12gitforce_api7metricsNtB2_7Metrics3new
FNDA:1,_RNvNtNtCs9Kgo29zTVTG_12gitforce_api7metrics5testss_17test_record_event
FNDA:1,_RNvNtNtCs9Kgo29zTVTG_12gitforce_api7metrics5testss_19test_runners_gauges
FNDA:1,_RNvNtNtCs9Kgo29zTVTG_12gitforce_api7metrics5testss_21test_metrics_creation
FNDA:1,_RNvNtNtCs9Kgo29zTVTG_12gitforce_api7metrics5testss_24test_record_http_request
FNDA:1,_RNvNtNtCs9Kgo29zTVTG_12gitforce_api7metrics5testss_24test_record_job_duration
FNDA:1,_RNvNtNtCs9Kgo29zTVTG_12gitforce_api7metrics5testss_24test_record_pipeline_run
FNDA:1,_RNvNtNtCs9Kgo29zTVTG_12gitforce_api7metrics5testss_25test_record_artifact_size
FNDA:1,_RNvNtNtCs9Kgo29zTVTG_12gitforce_api7metrics5testss_25test_record_http_duration
FNDA:1,_RNvNtNtCs9Kgo29zTVTG_12gitforce_api7metrics5testss_26test_record_job_assignment
FNDA:1,_RNvNtNtCs9Kgo29zTVTG_12gitforce_api7metrics5testss_26test_record_repo_operation
FNDA:19,_RNvMNtCsjGpVpf3FQqF_12gitforce_api7metricsNtB2_7Metrics19record_http_request
FNDA:0,_RNvMNtCsjGpVpf3FQqF_12gitforce_api7metricsNtB2_7Metrics19record_job_duration
FNDA:0,_RNvMNtCsjGpVpf3FQqF_12gitforce_api7metricsNtB2_7Metrics19record_pipeline_run
FNDA:0,_RNvMNtCsjGpVpf3FQqF_12gitforce_api7metricsNtB2_7Metrics20record_artifact_size
FNDA:19,_RNvMNtCsjGpVpf3FQqF_12gitforce_api7metricsNtB2_7Metrics20record_http_duration
FNDA:0,_RNvMNtCsjGpVpf3FQqF_12gitforce_api7metricsNtB2_7Metrics21record_event_consumed
FNDA:0,_RNvMNtCsjGpVpf3FQqF_12gitforce_api7metricsNtB2_7Metrics21record_job_assignment
FNDA:0,_RNvMNtCsjGpVpf3FQqF_12gitforce_api7metricsNtB2_7Metrics21record_repo_operation
FNDA:0,_RNvMNtCsjGpVpf3FQqF_12gitforce_api7metricsNtB2_7Metrics22record_event_published
FNDA:33,_RNvMNtCsjGpVpf3FQqF_12gitforce_api7metricsNtB2_7Metrics3new
FNDA:0,_RNvXs_NtCsjGpVpf3FQqF_12gitforce_api7metricsNtB4_7MetricsNtNtCs4NRVxsYgnAr_4core7default7Default7default
FNF:21
FNH:20
DA:44,47
DA:45,47
DA:48,47
DA:49,47
DA:50,47
DA:52,47
DA:53,47
DA:54,47
DA:55,47
DA:57,47
DA:58,47
DA:62,47
DA:63,47
DA:65,47
DA:66,47
DA:67,47
DA:68,47
DA:71,47
DA:72,47
DA:73,47
DA:74,47
DA:75,47
DA:77,47
DA:78,47
DA:79,47
DA:81,47
DA:82,47
DA:83,47
DA:84,47
DA:87,47
DA:88,47
DA:89,47
DA:90,47
DA:91,47
DA:93,47
DA:94,47
DA:95,47
DA:97,47
DA:98,47
DA:99,47
DA:100,47
DA:102,47
DA:103,47
DA:104,47
DA:105,47
DA:106,47
DA:108,47
DA:109,47
DA:110,47
DA:112,47
DA:113,47
DA:114,47
DA:115,47
DA:118,47
DA:119,47
DA:120,47
DA:121,47
DA:122,47
DA:124,47
DA:125,47
DA:126,47
DA:127,47
DA:128,47
DA:130,47
DA:131,47
DA:132,47
DA:133,47
DA:134,47
DA:136,47
DA:137,47
DA:138,47
DA:139,47
DA:140,47
DA:141,47
DA:144,47
DA:145,47
DA:146,47
DA:148,47
DA:149,47
DA:150,47
DA:151,47
DA:153,47
DA:154,47
DA:155,47
DA:157,47
DA:158,47
DA:159,47
DA:160,47
DA:163,47
DA:164,47
DA:165,47
DA:166,47
DA:167,47
DA:169,47
DA:170,47
DA:171,47
DA:173,47
DA:174,47
DA:175,47
DA:176,47
DA:178,47
DA:179,47
DA:180,47
DA:181,47
DA:182,47
DA:183,47
DA:184,47
DA:185,47
DA:186,47
DA:187,47
DA:188,47
DA:189,47
DA:190,47
DA:191,47
DA:192,47
DA:193,47
DA:194,47
DA:195,47
DA:196,47
DA:197,47
DA:200,22
DA:201,22
DA:202,22
DA:203,22
DA:204,22
DA:207,21
DA:208,21
DA:209,21
DA:210,21
DA:211,21
DA:214,2
DA:215,2
DA:216,2
DA:217,2
DA:218,2
DA:221,2
DA:222,2
DA:223,2
DA:224,2
DA:225,2
DA:228,2
DA:229,2
DA:230,2
DA:233,2
DA:234,2
DA:235,2
DA:238,1
DA:239,1
DA:240,1
DA:241,1
DA:242,1
DA:245,1
DA:246,1
DA:247,1
DA:248,1
DA:249,1
DA:252,2
DA:253,2
DA:254,2
DA:258,0
DA:259,0
DA:260,0
DA:268,1
DA:269,1
DA:271,1
DA:272,1
DA:273,1
DA:274,1
DA:277,1
DA:278,1
DA:279,1
DA:280,1
DA:281,1
DA:284,1
DA:285,1
DA:286,1
DA:287,1
DA:288,1
DA:291,1
DA:292,1
DA:293,1
DA:294,1
DA:295,1
DA:298,1
DA:299,1
DA:300,1
DA:301,1
DA:302,1
DA:305,1
DA:306,1
DA:307,1
DA:308,1
DA:309,1
DA:312,1
DA:313,1
DA:314,1
DA:315,1
DA:316,1
DA:319,1
DA:320,1
DA:321,1
DA:322,1
DA:323,1
DA:326,1
DA:327,1
DA:328,1
DA:329,1
DA:330,1
DA:333,1
DA:334,1
DA:336,1
DA:337,1
DA:338,1
DA:339,1
DA:340,1
DA:341,1
DA:342,1
DA:343,1
BRF:0
BRH:0
LF:218
LH:215
end_of_record
SF:/nas/Temp/repos/GitForge/crates/gitforce-api/src/metrics_middleware.rs
FN:83,_RNvMs0_NtCs9Kgo29zTVTG_12gitforce_api18metrics_middlewareNtB5_12MetricsLayer3new
FN:118,_RNvNtCs9Kgo29zTVTG_12gitforce_api18metrics_middleware13is_id_segment
FN:101,_RNvNtCs9Kgo29zTVTG_12gitforce_api18metrics_middleware14normalize_path
FN:133,_RNvNtCs9Kgo29zTVTG_12gitforce_api18metrics_middleware7is_uuid
FN:200,_RNvNtNtCs9Kgo29zTVTG_12gitforce_api18metrics_middleware5testss_18test_is_id_segment
FN:186,_RNvNtNtCs9Kgo29zTVTG_12gitforce_api18metrics_middleware5testss_18test_is_uuid_valid
FN:192,_RNvNtNtCs9Kgo29zTVTG_12gitforce_api18metrics_middleware5testss_20test_is_uuid_invalid
FN:154,_RNvNtNtCs9Kgo29zTVTG_12gitforce_api18metrics_middleware5testss_29test_normalize_path_with_uuid
FN:178,_RNvNtNtCs9Kgo29zTVTG_12gitforce_api18metrics_middleware5testss_31test_normalize_path_nested_uuid
FN:162,_RNvNtNtCs9Kgo29zTVTG_12gitforce_api18metrics_middleware5testss_35test_normalize_path_with_numeric_id
FN:170,_RNvNtNtCs9Kgo29zTVTG_12gitforce_api18metrics_middleware5testss_45test_normalize_path_preserves_static_segments
FN:65,_RNCNCNvXs_NtCs9Kgo29zTVTG_12gitforce_api18metrics_middlewareINtB8_17MetricsMiddlewareNtNtNtCskB3foPdIAVc_4axum7routing5route5RouteEINtCs4rg4FREP9rL_13tower_service7ServiceINtNtCsdWydv2A1QEV_4http7request7RequestNtNtCs5YGKpAPWeHy_9axum_core4body4BodyEE4call00Ba_
FN:125,_RNCNvNtCs9Kgo29zTVTG_12gitforce_api18metrics_middleware13is_id_segment0B5_
FN:106,_RNCNvNtCs9Kgo29zTVTG_12gitforce_api18metrics_middleware14normalize_path0B5_
FN:142,_RNCNvNtCs9Kgo29zTVTG_12gitforce_api18metrics_middleware7is_uuid0B5_
FN:59,_RNCNvXs_NtCs9Kgo29zTVTG_12gitforce_api18metrics_middlewareINtB6_17MetricsMiddlewareNtNtNtCskB3foPdIAVc_4axum7routing5route5RouteEINtCs4rg4FREP9rL_13tower_service7ServiceINtNtCsdWydv2A1QEV_4http7request7RequestNtNtCs5YGKpAPWeHy_9axum_core4body4BodyEE4call0B8_
FN:28,_RNvMNtCs9Kgo29zTVTG_12gitforce_api18metrics_middlewareINtB2_17MetricsMiddlewareNtNtNtCskB3foPdIAVc_4axum7routing5route5RouteE3newB4_
FN:91,_RNvXs1_NtCs9Kgo29zTVTG_12gitforce_api18metrics_middlewareNtB5_12MetricsLayerINtCs1Z71PKKva4G_11tower_layer5LayerNtNtNtCskB3foPdIAVc_4axum7routing5route5RouteE5layerB7_
FN:42,_RNvXs_NtCs9Kgo29zTVTG_12gitforce_api18metrics_middlewareINtB4_17MetricsMiddlewareNtNtNtCskB3foPdIAVc_4axum7routing5route5RouteEINtCs4rg4FREP9rL_13tower_service7ServiceINtNtCsdWydv2A1QEV_4http7request7RequestNtNtCs5YGKpAPWeHy_9axum_core4body4BodyEE10poll_readyB6_
FN:47,_RNvXs_NtCs9Kgo29zTVTG_12gitforce_api18metrics_middlewareINtB4_17MetricsMiddlewareNtNtNtCskB3foPdIAVc_4axum7routing5route5RouteEINtCs4rg4FREP9rL_13tower_service7ServiceINtNtCsdWydv2A1QEV_4http7request7RequestNtNtCs5YGKpAPWeHy_9axum_core4body4BodyEE4callB6_
FN:83,_RNvMs0_NtCsjGpVpf3FQqF_12gitforce_api18metrics_middlewareNtB5_12MetricsLayer3new
FN:118,_RNvNtCsjGpVpf3FQqF_12gitforce_api18metrics_middleware13is_id_segment
FN:101,_RNvNtCsjGpVpf3FQqF_12gitforce_api18metrics_middleware14normalize_path
FN:133,_RNvNtCsjGpVpf3FQqF_12gitforce_api18metrics_middleware7is_uuid
FN:65,_RNCNCNvXs_NtCsjGpVpf3FQqF_12gitforce_api18metrics_middlewareINtB8_17MetricsMiddlewareNtNtNtCskB3foPdIAVc_4axum7routing5route5RouteEINtCs4rg4FREP9rL_13tower_service7ServiceINtNtCsdWydv2A1QEV_4http7request7RequestNtNtCs5YGKpAPWeHy_9axum_core4body4BodyEE4call00Ba_
FN:125,_RNCNvNtCsjGpVpf3FQqF_12gitforce_api18metrics_middleware13is_id_segment0B5_
FN:106,_RNCNvNtCsjGpVpf3FQqF_12gitforce_api18metrics_middleware14normalize_path0B5_
FN:142,_RNCNvNtCsjGpVpf3FQqF_12gitforce_api18metrics_middleware7is_uuid0B5_
FN:59,_RNCNvXs_NtCsjGpVpf3FQqF_12gitforce_api18metrics_middlewareINtB6_17MetricsMiddlewareNtNtNtCskB3foPdIAVc_4axum7routing5route5RouteEINtCs4rg4FREP9rL_13tower_service7ServiceINtNtCsdWydv2A1QEV_4http7request7RequestNtNtCs5YGKpAPWeHy_9axum_core4body4BodyEE4call0B8_
FN:28,_RNvMNtCsjGpVpf3FQqF_12gitforce_api18metrics_middlewareINtB2_17MetricsMiddlewareNtNtNtCskB3foPdIAVc_4axum7routing5route5RouteE3newB4_
FN:91,_RNvXs1_NtCsjGpVpf3FQqF_12gitforce_api18metrics_middlewareNtB5_12MetricsLayerINtCs1Z71PKKva4G_11tower_layer5LayerNtNtNtCskB3foPdIAVc_4axum7routing5route5RouteE5layerB7_
FN:42,_RNvXs_NtCsjGpVpf3FQqF_12gitforce_api18metrics_middlewareINtB4_17MetricsMiddlewareNtNtNtCskB3foPdIAVc_4axum7routing5route5RouteEINtCs4rg4FREP9rL_13tower_service7ServiceINtNtCsdWydv2A1QEV_4http7request7RequestNtNtCs5YGKpAPWeHy_9axum_core4body4BodyEE10poll_readyB6_
FN:47,_RNvXs_NtCsjGpVpf3FQqF_12gitforce_api18metrics_middlewareINtB4_17MetricsMiddlewareNtNtNtCskB3foPdIAVc_4axum7routing5route5RouteEINtCs4rg4FREP9rL_13tower_service7ServiceINtNtCsdWydv2A1QEV_4http7request7RequestNtNtCs5YGKpAPWeHy_9axum_core4body4BodyEE4callB6_
FNDA:4,_RNvMs0_NtCs9Kgo29zTVTG_12gitforce_api18metrics_middlewareNtB5_12MetricsLayer3new
FNDA:16,_RNvNtCs9Kgo29zTVTG_12gitforce_api18metrics_middleware13is_id_segment
FNDA:4,_RNvNtCs9Kgo29zTVTG_12gitforce_api18metrics_middleware14normalize_path
FNDA:22,_RNvNtCs9Kgo29zTVTG_12gitforce_api18metrics_middleware7is_uuid
FNDA:1,_RNvNtNtCs9Kgo29zTVTG_12gitforce_api18metrics_middleware5testss_18test_is_id_segment
FNDA:1,_RNvNtNtCs9Kgo29zTVTG_12gitforce_api18metrics_middleware5testss_18test_is_uuid_valid
FNDA:1,_RNvNtNtCs9Kgo29zTVTG_12gitforce_api18metrics_middleware5testss_20test_is_uuid_invalid
FNDA:1,_RNvNtNtCs9Kgo29zTVTG_12gitforce_api18metrics_middleware5testss_29test_normalize_path_with_uuid
FNDA:1,_RNvNtNtCs9Kgo29zTVTG_12gitforce_api18metrics_middleware5testss_31test_normalize_path_nested_uuid
FNDA:1,_RNvNtNtCs9Kgo29zTVTG_12gitforce_api18metrics_middleware5testss_35test_normalize_path_with_numeric_id
FNDA:1,_RNvNtNtCs9Kgo29zTVTG_12gitforce_api18metrics_middleware5testss_45test_normalize_path_preserves_static_segments
FNDA:0,_RNCNCNvXs_NtCs9Kgo29zTVTG_12gitforce_api18metrics_middlewareINtB8_17MetricsMiddlewareNtNtNtCskB3foPdIAVc_4axum7routing5route5RouteEINtCs4rg4FREP9rL_13tower_service7ServiceINtNtCsdWydv2A1QEV_4http7request7RequestNtNtCs5YGKpAPWeHy_9axum_core4body4BodyEE4call00Ba_
FNDA:19,_RNCNvNtCs9Kgo29zTVTG_12gitforce_api18metrics_middleware13is_id_segment0B5_
FNDA:12,_RNCNvNtCs9Kgo29zTVTG_12gitforce_api18metrics_middleware14normalize_path0B5_
FNDA:192,_RNCNvNtCs9Kgo29zTVTG_12gitforce_api18metrics_middleware7is_uuid0B5_
FNDA:0,_RNCNvXs_NtCs9Kgo29zTVTG_12gitforce_api18metrics_middlewareINtB6_17MetricsMiddlewareNtNtNtCskB3foPdIAVc_4axum7routing5route5RouteEINtCs4rg4FREP9rL_13tower_service7ServiceINtNtCsdWydv2A1QEV_4http7request7RequestNtNtCs5YGKpAPWeHy_9axum_core4body4BodyEE4call0B8_
FNDA:32,_RNvMNtCs9Kgo29zTVTG_12gitforce_api18metrics_middlewareINtB2_17MetricsMiddlewareNtNtNtCskB3foPdIAVc_4axum7routing5route5RouteE3newB4_
FNDA:32,_RNvXs1_NtCs9Kgo29zTVTG_12gitforce_api18metrics_middlewareNtB5_12MetricsLayerINtCs1Z71PKKva4G_11tower_layer5LayerNtNtNtCskB3foPdIAVc_4axum7routing5route5RouteE5layerB7_
FNDA:0,_RNvXs_NtCs9Kgo29zTVTG_12gitforce_api18metrics_middlewareINtB4_17MetricsMiddlewareNtNtNtCskB3foPdIAVc_4axum7routing5route5RouteEINtCs4rg4FREP9rL_13tower_service7ServiceINtNtCsdWydv2A1QEV_4http7request7RequestNtNtCs5YGKpAPWeHy_9axum_core4body4BodyEE10poll_readyB6_
FNDA:0,_RNvXs_NtCs9Kgo29zTVTG_12gitforce_api18metrics_middlewareINtB4_17MetricsMiddlewareNtNtNtCskB3foPdIAVc_4axum7routing5route5RouteEINtCs4rg4FREP9rL_13tower_service7ServiceINtNtCsdWydv2A1QEV_4http7request7RequestNtNtCs5YGKpAPWeHy_9axum_core4body4BodyEE4callB6_
FNDA:33,_RNvMs0_NtCsjGpVpf3FQqF_12gitforce_api18metrics_middlewareNtB5_12MetricsLayer3new
FNDA:47,_RNvNtCsjGpVpf3FQqF_12gitforce_api18metrics_middleware13is_id_segment
FNDA:19,_RNvNtCsjGpVpf3FQqF_12gitforce_api18metrics_middleware14normalize_path
FNDA:47,_RNvNtCsjGpVpf3FQqF_12gitforce_api18metrics_middleware7is_uuid
FNDA:19,_RNCNCNvXs_NtCsjGpVpf3FQqF_12gitforce_api18metrics_middlewareINtB8_17MetricsMiddlewareNtNtNtCskB3foPdIAVc_4axum7routing5route5RouteEINtCs4rg4FREP9rL_13tower_service7ServiceINtNtCsdWydv2A1QEV_4http7request7RequestNtNtCs5YGKpAPWeHy_9axum_core4body4BodyEE4call00Ba_
FNDA:39,_RNCNvNtCsjGpVpf3FQqF_12gitforce_api18metrics_middleware13is_id_segment0B5_
FNDA:47,_RNCNvNtCsjGpVpf3FQqF_12gitforce_api18metrics_middleware14normalize_path0B5_
FNDA:256,_RNCNvNtCsjGpVpf3FQqF_12gitforce_api18metrics_middleware7is_uuid0B5_
FNDA:19,_RNCNvXs_NtCsjGpVpf3FQqF_12gitforce_api18metrics_middlewareINtB6_17MetricsMiddlewareNtNtNtCskB3foPdIAVc_4axum7routing5route5RouteEINtCs4rg4FREP9rL_13tower_service7ServiceINtNtCsdWydv2A1QEV_4http7request7RequestNtNtCs5YGKpAPWeHy_9axum_core4body4BodyEE4call0B8_
FNDA:269,_RNvMNtCsjGpVpf3FQqF_12gitforce_api18metrics_middlewareINtB2_17MetricsMiddlewareNtNtNtCskB3foPdIAVc_4axum7routing5route5RouteE3newB4_
FNDA:269,_RNvXs1_NtCsjGpVpf3FQqF_12gitforce_api18metrics_middlewareNtB5_12MetricsLayerINtCs1Z71PKKva4G_11tower_layer5LayerNtNtNtCskB3foPdIAVc_4axum7routing5route5RouteE5layerB7_
FNDA:19,_RNvXs_NtCsjGpVpf3FQqF_12gitforce_api18metrics_middlewareINtB4_17MetricsMiddlewareNtNtNtCskB3foPdIAVc_4axum7routing5route5RouteEINtCs4rg4FREP9rL_13tower_service7ServiceINtNtCsdWydv2A1QEV_4http7request7RequestNtNtCs5YGKpAPWeHy_9axum_core4body4BodyEE10poll_readyB6_
FNDA:19,_RNvXs_NtCsjGpVpf3FQqF_12gitforce_api18metrics_middlewareINtB4_17MetricsMiddlewareNtNtNtCskB3foPdIAVc_4axum7routing5route5RouteEINtCs4rg4FREP9rL_13tower_service7ServiceINtNtCsdWydv2A1QEV_4http7request7RequestNtNtCs5YGKpAPWeHy_9axum_core4body4BodyEE4callB6_
FNF:20
FNH:20
DA:28,301
DA:29,301
DA:30,301
DA:42,19
DA:44,19
DA:45,19
DA:47,19
DA:48,19
DA:49,19
DA:52,19
DA:55,19
DA:56,19
DA:59,19
DA:60,19
DA:63,19
DA:65,19
DA:67,19
DA:68,19
DA:70,19
DA:71,19
DA:72,19
DA:83,37
DA:84,37
DA:85,37
DA:91,301
DA:92,301
DA:93,301
DA:101,23
DA:102,23
DA:103,23
DA:104,23
DA:105,23
DA:106,59
DA:107,59
DA:108,11
DA:110,48
DA:112,59
DA:113,23
DA:114,23
DA:115,23
DA:118,63
DA:120,63
DA:121,11
DA:122,52
DA:125,58
DA:126,2
DA:127,50
DA:129,50
DA:130,63
DA:133,69
DA:135,69
DA:136,69
DA:137,54
DA:138,15
DA:140,15
DA:141,73
DA:142,448
DA:143,2
DA:144,71
DA:146,13
DA:147,69
DA:154,1
DA:155,1
DA:156,1
DA:159,1
DA:162,1
DA:163,1
DA:164,1
DA:167,1
DA:170,1
DA:171,1
DA:172,1
DA:175,1
DA:178,1
DA:179,1
DA:180,1
DA:183,1
DA:186,1
DA:187,1
DA:188,1
DA:189,1
DA:192,1
DA:193,1
DA:194,1
DA:195,1
DA:196,1
DA:197,1
DA:200,1
DA:201,1
DA:202,1
DA:203,1
DA:204,1
DA:205,1
BRF:0
BRH:0
LF:98
LH:98
end_of_record
SF:/nas/Temp/repos/GitForge/crates/gitforce-api/src/middleware.rs
FN:103,_RNCNCNvXININtCs9Kgo29zTVTG_12gitforce_api10middlewares1_0pENtB9_17AuthenticatedUserINtNtCs5YGKpAPWeHy_9axum_core7extract16FromRequestPartspE18from_request_parts00Bb_
FN:30,_RNvNtCs9Kgo29zTVTG_12gitforce_api10middleware15auth_middleware
FN:98,_RNvXININtCs9Kgo29zTVTG_12gitforce_api10middlewares1_0pENtB5_17AuthenticatedUserINtNtCs5YGKpAPWeHy_9axum_core7extract16FromRequestPartspE18from_request_partsB7_
FN:48,_RNCNCNvNtCs9Kgo29zTVTG_12gitforce_api10middleware15auth_middleware00B7_
FN:34,_RNCNvNtCs9Kgo29zTVTG_12gitforce_api10middleware15auth_middleware0B5_
FN:78,_RNvNtCs9Kgo29zTVTG_12gitforce_api10middleware19auth_error_response
FN:123,_RNCNvNtNtCs9Kgo29zTVTG_12gitforce_api10middleware5testss_17test_public_paths0B7_
FN:125,_RNCNvNtNtCs9Kgo29zTVTG_12gitforce_api10middleware5testss_17test_public_pathss0_0B7_
FN:124,_RNCNvNtNtCs9Kgo29zTVTG_12gitforce_api10middleware5testss_17test_public_pathss_0B7_
FN:229,_RNCNvNtNtCs9Kgo29zTVTG_12gitforce_api10middleware5testss_29test_public_paths_exact_match0B7_
FN:230,_RNCNvNtNtCs9Kgo29zTVTG_12gitforce_api10middleware5testss_29test_public_paths_exact_matchs_0B7_
FN:142,_RNCNvNtNtCs9Kgo29zTVTG_12gitforce_api10middleware5testss_31test_public_paths_includes_docs0B7_
FN:136,_RNCNvNtNtCs9Kgo29zTVTG_12gitforce_api10middleware5testss_37test_public_paths_includes_swagger_ui0B7_
FN:137,_RNCNvNtNtCs9Kgo29zTVTG_12gitforce_api10middleware5testss_37test_public_paths_includes_swagger_uis_0B7_
FN:158,_RNCNvNtNtCs9Kgo29zTVTG_12gitforce_api10middleware5testss_39test_auth_middleware_skips_public_paths0B7_
FN:160,_RNCNvNtNtCs9Kgo29zTVTG_12gitforce_api10middleware5testss_39test_auth_middleware_skips_public_pathss_0B7_
FN:122,_RNvNtNtCs9Kgo29zTVTG_12gitforce_api10middleware5testss_17test_public_paths
FN:129,_RNvNtNtCs9Kgo29zTVTG_12gitforce_api10middleware5testss_24test_auth_error_response
FN:212,_RNvNtNtCs9Kgo29zTVTG_12gitforce_api10middleware5testss_29test_authenticated_user_clone
FN:197,_RNvNtNtCs9Kgo29zTVTG_12gitforce_api10middleware5testss_29test_authenticated_user_debug
FN:227,_RNvNtNtCs9Kgo29zTVTG_12gitforce_api10middleware5testss_29test_public_paths_exact_match
FN:141,_RNvNtNtCs9Kgo29zTVTG_12gitforce_api10middleware5testss_31test_public_paths_includes_docs
FN:146,_RNvNtNtCs9Kgo29zTVTG_12gitforce_api10middleware5testss_32test_auth_error_response_content
FN:183,_RNvNtNtCs9Kgo29zTVTG_12gitforce_api10middleware5testss_32test_authenticated_user_creation
FN:247,_RNvNtNtCs9Kgo29zTVTG_12gitforce_api10middleware5testss_33test_claims_in_authenticated_user
FN:234,_RNvNtNtCs9Kgo29zTVTG_12gitforce_api10middleware5testss_37test_auth_error_response_all_variants
FN:135,_RNvNtNtCs9Kgo29zTVTG_12gitforce_api10middleware5testss_37test_public_paths_includes_swagger_ui
FN:170,_RNvNtNtCs9Kgo29zTVTG_12gitforce_api10middleware5testss_38test_auth_error_response_invalid_token
FN:164,_RNvNtNtCs9Kgo29zTVTG_12gitforce_api10middleware5testss_38test_auth_error_response_missing_token
FN:176,_RNvNtNtCs9Kgo29zTVTG_12gitforce_api10middleware5testss_38test_authenticated_user_error_response
FN:152,_RNvNtNtCs9Kgo29zTVTG_12gitforce_api10middleware5testss_39test_auth_middleware_skips_public_paths
FN:103,_RNCNCNvXININtCsjGpVpf3FQqF_12gitforce_api10middlewares1_0pENtB9_17AuthenticatedUserINtNtCs5YGKpAPWeHy_9axum_core7extract16FromRequestPartspE18from_request_parts00Bb_
FN:98,_RNvXININtCsjGpVpf3FQqF_12gitforce_api10middlewares1_0pENtB5_17AuthenticatedUserINtNtCs5YGKpAPWeHy_9axum_core7extract16FromRequestPartspE18from_request_partsB7_
FN:48,_RNCNCNvNtCsjGpVpf3FQqF_12gitforce_api10middleware15auth_middleware00B7_
FN:34,_RNCNvNtCsjGpVpf3FQqF_12gitforce_api10middleware15auth_middleware0B5_
FN:30,_RNvNtCsjGpVpf3FQqF_12gitforce_api10middleware15auth_middleware
FN:78,_RNvNtCsjGpVpf3FQqF_12gitforce_api10middleware19auth_error_response
FNDA:0,_RNCNCNvXININtCs9Kgo29zTVTG_12gitforce_api10middlewares1_0pENtB9_17AuthenticatedUserINtNtCs5YGKpAPWeHy_9axum_core7extract16FromRequestPartspE18from_request_parts00Bb_
FNDA:0,_RNvNtCs9Kgo29zTVTG_12gitforce_api10middleware15auth_middleware
FNDA:0,_RNvXININtCs9Kgo29zTVTG_12gitforce_api10middlewares1_0pENtB5_17AuthenticatedUserINtNtCs5YGKpAPWeHy_9axum_core7extract16FromRequestPartspE18from_request_partsB7_
FNDA:0,_RNCNCNvNtCs9Kgo29zTVTG_12gitforce_api10middleware15auth_middleware00B7_
FNDA:0,_RNCNvNtCs9Kgo29zTVTG_12gitforce_api10middleware15auth_middleware0B5_
FNDA:8,_RNvNtCs9Kgo29zTVTG_12gitforce_api10middleware19auth_error_response
FNDA:1,_RNCNvNtNtCs9Kgo29zTVTG_12gitforce_api10middleware5testss_17test_public_paths0B7_
FNDA:5,_RNCNvNtNtCs9Kgo29zTVTG_12gitforce_api10middleware5testss_17test_public_pathss0_0B7_
FNDA:2,_RNCNvNtNtCs9Kgo29zTVTG_12gitforce_api10middleware5testss_17test_public_pathss_0B7_
FNDA:1,_RNCNvNtNtCs9Kgo29zTVTG_12gitforce_api10middleware5testss_29test_public_paths_exact_match0B7_
FNDA:2,_RNCNvNtNtCs9Kgo29zTVTG_12gitforce_api10middleware5testss_29test_public_paths_exact_matchs_0B7_
FNDA:5,_RNCNvNtNtCs9Kgo29zTVTG_12gitforce_api10middleware5testss_31test_public_paths_includes_docs0B7_
FNDA:3,_RNCNvNtNtCs9Kgo29zTVTG_12gitforce_api10middleware5testss_37test_public_paths_includes_swagger_ui0B7_
FNDA:4,_RNCNvNtNtCs9Kgo29zTVTG_12gitforce_api10middleware5testss_37test_public_paths_includes_swagger_uis_0B7_
FNDA:1,_RNCNvNtNtCs9Kgo29zTVTG_12gitforce_api10middleware5testss_39test_auth_middleware_skips_public_paths0B7_
FNDA:5,_RNCNvNtNtCs9Kgo29zTVTG_12gitforce_api10middleware5testss_39test_auth_middleware_skips_public_pathss_0B7_
FNDA:1,_RNvNtNtCs9Kgo29zTVTG_12gitforce_api10middleware5testss_17test_public_paths
FNDA:1,_RNvNtNtCs9Kgo29zTVTG_12gitforce_api10middleware5testss_24test_auth_error_response
FNDA:1,_RNvNtNtCs9Kgo29zTVTG_12gitforce_api10middleware5testss_29test_authenticated_user_clone
FNDA:1,_RNvNtNtCs9Kgo29zTVTG_12gitforce_api10middleware5testss_29test_authenticated_user_debug
FNDA:1,_RNvNtNtCs9Kgo29zTVTG_12gitforce_api10middleware5testss_29test_public_paths_exact_match
FNDA:1,_RNvNtNtCs9Kgo29zTVTG_12gitforce_api10middleware5testss_31test_public_paths_includes_docs
FNDA:1,_RNvNtNtCs9Kgo29zTVTG_12gitforce_api10middleware5testss_32test_auth_error_response_content
FNDA:1,_RNvNtNtCs9Kgo29zTVTG_12gitforce_api10middleware5testss_32test_authenticated_user_creation
FNDA:1,_RNvNtNtCs9Kgo29zTVTG_12gitforce_api10middleware5testss_33test_claims_in_authenticated_user
FNDA:1,_RNvNtNtCs9Kgo29zTVTG_12gitforce_api10middleware5testss_37test_auth_error_response_all_variants
FNDA:1,_RNvNtNtCs9Kgo29zTVTG_12gitforce_api10middleware5testss_37test_public_paths_includes_swagger_ui
FNDA:1,_RNvNtNtCs9Kgo29zTVTG_12gitforce_api10middleware5testss_38test_auth_error_response_invalid_token
FNDA:1,_RNvNtNtCs9Kgo29zTVTG_12gitforce_api10middleware5testss_38test_auth_error_response_missing_token
FNDA:1,_RNvNtNtCs9Kgo29zTVTG_12gitforce_api10middleware5testss_38test_authenticated_user_error_response
FNDA:1,_RNvNtNtCs9Kgo29zTVTG_12gitforce_api10middleware5testss_39test_auth_middleware_skips_public_paths
FNDA:0,_RNCNCNvXININtCsjGpVpf3FQqF_12gitforce_api10middlewares1_0pENtB9_17AuthenticatedUserINtNtCs5YGKpAPWeHy_9axum_core7extract16FromRequestPartspE18from_request_parts00Bb_
FNDA:0,_RNvXININtCsjGpVpf3FQqF_12gitforce_api10middlewares1_0pENtB5_17AuthenticatedUserINtNtCs5YGKpAPWeHy_9axum_core7extract16FromRequestPartspE18from_request_partsB7_
FNDA:0,_RNCNCNvNtCsjGpVpf3FQqF_12gitforce_api10middleware15auth_middleware00B7_
FNDA:0,_RNCNvNtCsjGpVpf3FQqF_12gitforce_api10middleware15auth_middleware0B5_
FNDA:0,_RNvNtCsjGpVpf3FQqF_12gitforce_api10middleware15auth_middleware
FNDA:0,_RNvNtCsjGpVpf3FQqF_12gitforce_api10middleware19auth_error_response
FNF:31
FNH:26
DA:30,0
DA:31,0
DA:32,0
DA:33,0
DA:34,0
DA:35,0
DA:38,0
DA:39,0
DA:40,0
DA:41,0
DA:45,0
DA:46,0
DA:47,0
DA:48,0
DA:50,0
DA:51,0
DA:52,0
DA:54,0
DA:58,0
DA:63,0
DA:64,0
DA:66,0
DA:67,0
DA:68,0
DA:70,0
DA:71,0
DA:72,0
DA:75,0
DA:78,8
DA:79,8
DA:80,8
DA:81,8
DA:82,8
DA:83,8
DA:98,0
DA:103,0
DA:104,0
DA:105,0
DA:106,0
DA:107,0
DA:108,0
DA:111,0
DA:122,1
DA:123,1
DA:124,2
DA:125,5
DA:126,1
DA:129,1
DA:130,1
DA:131,1
DA:132,1
DA:135,1
DA:136,3
DA:137,4
DA:138,1
DA:141,1
DA:142,5
DA:143,1
DA:146,1
DA:147,1
DA:148,1
DA:149,1
DA:152,1
DA:154,1
DA:155,1
DA:158,1
DA:160,5
DA:161,1
DA:164,1
DA:165,1
DA:166,1
DA:167,1
DA:170,1
DA:171,1
DA:172,1
DA:173,1
DA:176,1
DA:178,1
DA:179,1
DA:180,1
DA:183,1
DA:184,1
DA:185,1
DA:186,1
DA:187,1
DA:188,1
DA:189,1
DA:190,1
DA:191,1
DA:192,1
DA:193,1
DA:194,1
DA:197,1
DA:198,1
DA:199,1
DA:200,1
DA:201,1
DA:202,1
DA:203,1
DA:204,1
DA:205,1
DA:206,1
DA:207,1
DA:208,1
DA:209,1
DA:212,1
DA:213,1
DA:214,1
DA:215,1
DA:216,1
DA:217,1
DA:218,1
DA:219,1
DA:220,1
DA:221,1
DA:222,1
DA:223,1
DA:224,1
DA:227,1
DA:229,1
DA:230,2
DA:231,1
DA:234,1
DA:236,1
DA:237,1
DA:239,1
DA:240,1
DA:242,1
DA:243,1
DA:244,1
DA:247,1
DA:248,1
DA:249,1
DA:250,1
DA:251,1
DA:252,1
DA:253,1
BRF:0
BRH:0
LF:149
LH:111
end_of_record
SF:/nas/Temp/repos/GitForge/crates/gitforce-api/src/openapi.rs
FN:432,_RNCNvNtCs9Kgo29zTVTG_12gitforce_api7openapi10swagger_ui0B5_
FN:427,_RNCNvNtCs9Kgo29zTVTG_12gitforce_api7openapi12openapi_spec0B5_
FN:432,_RNvNtCs9Kgo29zTVTG_12gitforce_api7openapi10swagger_ui
FN:427,_RNvNtCs9Kgo29zTVTG_12gitforce_api7openapi12openapi_spec
FN:465,_RNvNtCs9Kgo29zTVTG_12gitforce_api7openapi15api_docs_routes
FN:13,_RNvNtCs9Kgo29zTVTG_12gitforce_api7openapi16get_openapi_spec
FN:491,_RNvNtNtCs9Kgo29zTVTG_12gitforce_api7openapi5testss_13test_api_info
FN:499,_RNvNtNtCs9Kgo29zTVTG_12gitforce_api7openapi5testss_20test_api_paths_exist
FN:485,_RNvNtNtCs9Kgo29zTVTG_12gitforce_api7openapi5testss_20test_openapi_version
FN:554,_RNvNtNtCs9Kgo29zTVTG_12gitforce_api7openapi5testss_22test_openapi_spec_tags
FN:546,_RNvNtNtCs9Kgo29zTVTG_12gitforce_api7openapi5testss_25test_openapi_spec_servers
FN:523,_RNvNtNtCs9Kgo29zTVTG_12gitforce_api7openapi5testss_26test_openapi_spec_endpoint
FN:510,_RNvNtNtCs9Kgo29zTVTG_12gitforce_api7openapi5testss_27test_api_components_schemas
FN:529,_RNvNtNtCs9Kgo29zTVTG_12gitforce_api7openapi5testss_28test_swagger_ui_returns_html
FN:539,_RNvNtNtCs9Kgo29zTVTG_12gitforce_api7openapi5testss_29test_api_docs_routes_creation
FN:561,_RNvNtNtCs9Kgo29zTVTG_12gitforce_api7openapi5testss_34test_openapi_paths_have_operations
FN:476,_RNvNtNtCs9Kgo29zTVTG_12gitforce_api7openapi5testss_42test_openapi_spec_contains_required_fields
FN:523,_RNCNvNtNtCs9Kgo29zTVTG_12gitforce_api7openapi5testss_26test_openapi_spec_endpoint0B7_
FN:529,_RNCNvNtNtCs9Kgo29zTVTG_12gitforce_api7openapi5testss_28test_swagger_ui_returns_html0B7_
FN:432,_RNvNtCsjGpVpf3FQqF_12gitforce_api7openapi10swagger_ui
FN:427,_RNvNtCsjGpVpf3FQqF_12gitforce_api7openapi12openapi_spec
FN:465,_RNvNtCsjGpVpf3FQqF_12gitforce_api7openapi15api_docs_routes
FN:13,_RNvNtCsjGpVpf3FQqF_12gitforce_api7openapi16get_openapi_spec
FN:432,_RNCNvNtCsjGpVpf3FQqF_12gitforce_api7openapi10swagger_ui0B5_
FN:427,_RNCNvNtCsjGpVpf3FQqF_12gitforce_api7openapi12openapi_spec0B5_
FNDA:1,_RNCNvNtCs9Kgo29zTVTG_12gitforce_api7openapi10swagger_ui0B5_
FNDA:1,_RNCNvNtCs9Kgo29zTVTG_12gitforce_api7openapi12openapi_spec0B5_
FNDA:1,_RNvNtCs9Kgo29zTVTG_12gitforce_api7openapi10swagger_ui
FNDA:1,_RNvNtCs9Kgo29zTVTG_12gitforce_api7openapi12openapi_spec
FNDA:1,_RNvNtCs9Kgo29zTVTG_12gitforce_api7openapi15api_docs_routes
FNDA:9,_RNvNtCs9Kgo29zTVTG_12gitforce_api7openapi16get_openapi_spec
FNDA:1,_RNvNtNtCs9Kgo29zTVTG_12gitforce_api7openapi5testss_13test_api_info
FNDA:1,_RNvNtNtCs9Kgo29zTVTG_12gitforce_api7openapi5testss_20test_api_paths_exist
FNDA:1,_RNvNtNtCs9Kgo29zTVTG_12gitforce_api7openapi5testss_20test_openapi_version
FNDA:1,_RNvNtNtCs9Kgo29zTVTG_12gitforce_api7openapi5testss_22test_openapi_spec_tags
FNDA:1,_RNvNtNtCs9Kgo29zTVTG_12gitforce_api7openapi5testss_25test_openapi_spec_servers
FNDA:1,_RNvNtNtCs9Kgo29zTVTG_12gitforce_api7openapi5testss_26test_openapi_spec_endpoint
FNDA:1,_RNvNtNtCs9Kgo29zTVTG_12gitforce_api7openapi5testss_27test_api_components_schemas
FNDA:1,_RNvNtNtCs9Kgo29zTVTG_12gitforce_api7openapi5testss_28test_swagger_ui_returns_html
FNDA:1,_RNvNtNtCs9Kgo29zTVTG_12gitforce_api7openapi5testss_29test_api_docs_routes_creation
FNDA:1,_RNvNtNtCs9Kgo29zTVTG_12gitforce_api7openapi5testss_34test_openapi_paths_have_operations
FNDA:1,_RNvNtNtCs9Kgo29zTVTG_12gitforce_api7openapi5testss_42test_openapi_spec_contains_required_fields
FNDA:1,_RNCNvNtNtCs9Kgo29zTVTG_12gitforce_api7openapi5testss_26test_openapi_spec_endpoint0B7_
FNDA:1,_RNCNvNtNtCs9Kgo29zTVTG_12gitforce_api7openapi5testss_28test_swagger_ui_returns_html0B7_
FNDA:1,_RNvNtCsjGpVpf3FQqF_12gitforce_api7openapi10swagger_ui
FNDA:1,_RNvNtCsjGpVpf3FQqF_12gitforce_api7openapi12openapi_spec
FNDA:0,_RNvNtCsjGpVpf3FQqF_12gitforce_api7openapi15api_docs_routes
FNDA:1,_RNvNtCsjGpVpf3FQqF_12gitforce_api7openapi16get_openapi_spec
FNDA:1,_RNCNvNtCsjGpVpf3FQqF_12gitforce_api7openapi10swagger_ui0B5_
FNDA:1,_RNCNvNtCsjGpVpf3FQqF_12gitforce_api7openapi12openapi_spec0B5_
FNF:19
FNH:19
DA:13,10
DA:14,10
DA:15,10
DA:16,10
DA:17,10
DA:18,10
DA:19,10
DA:20,10
DA:21,10
DA:22,10
DA:24,10
DA:25,10
DA:26,10
DA:29,10
DA:31,10
DA:32,10
DA:35,10
DA:36,10
DA:37,10
DA:38,10
DA:39,10
DA:40,10
DA:42,10
DA:43,10
DA:44,10
DA:45,10
DA:46,10
DA:47,10
DA:48,10
DA:49,10
DA:50,10
DA:51,10
DA:52,10
DA:53,10
DA:60,10
DA:61,10
DA:62,10
DA:63,10
DA:64,10
DA:65,10
DA:66,10
DA:67,10
DA:68,10
DA:69,10
DA:70,10
DA:71,10
DA:72,10
DA:79,10
DA:80,10
DA:81,10
DA:82,10
DA:83,10
DA:84,10
DA:85,10
DA:86,10
DA:87,10
DA:91,10
DA:92,10
DA:93,10
DA:94,10
DA:95,10
DA:96,10
DA:100,10
DA:104,10
DA:105,10
DA:106,10
DA:107,10
DA:108,10
DA:109,10
DA:111,10
DA:112,10
DA:113,10
DA:114,10
DA:117,10
DA:118,10
DA:119,10
DA:120,10
DA:121,10
DA:122,10
DA:126,10
DA:129,10
DA:130,10
DA:131,10
DA:132,10
DA:133,10
DA:135,10
DA:136,10
DA:137,10
DA:138,10
DA:141,10
DA:142,10
DA:143,10
DA:147,10
DA:148,10
DA:149,10
DA:150,10
DA:151,10
DA:152,10
DA:153,10
DA:157,10
DA:158,10
DA:159,10
DA:160,10
DA:161,10
DA:162,10
DA:164,10
DA:165,10
DA:166,10
DA:170,10
DA:171,10
DA:172,10
DA:173,10
DA:174,10
DA:175,10
DA:179,10
DA:180,10
DA:181,10
DA:182,10
DA:183,10
DA:184,10
DA:186,10
DA:187,10
DA:188,10
DA:189,10
DA:190,10
DA:191,10
DA:195,10
DA:199,10
DA:200,10
DA:201,10
DA:202,10
DA:203,10
DA:204,10
DA:206,10
DA:207,10
DA:211,10
DA:212,10
DA:213,10
DA:214,10
DA:215,10
DA:216,10
DA:218,10
DA:219,10
DA:220,10
DA:221,10
DA:222,10
DA:223,10
DA:227,10
DA:231,10
DA:232,10
DA:233,10
DA:234,10
DA:235,10
DA:236,10
DA:238,10
DA:239,10
DA:243,10
DA:244,10
DA:245,10
DA:246,10
DA:247,10
DA:248,10
DA:251,10
DA:252,10
DA:253,10
DA:254,10
DA:255,10
DA:256,10
DA:257,10
DA:258,10
DA:262,10
DA:263,10
DA:264,10
DA:265,10
DA:266,10
DA:267,10
DA:274,10
DA:275,10
DA:276,10
DA:277,10
DA:278,10
DA:279,10
DA:281,10
DA:282,10
DA:283,10
DA:284,10
DA:285,10
DA:286,10
DA:290,10
DA:294,10
DA:295,10
DA:296,10
DA:297,10
DA:298,10
DA:299,10
DA:303,10
DA:304,10
DA:305,10
DA:306,10
DA:307,10
DA:308,10
DA:310,10
DA:311,10
DA:312,10
DA:313,10
DA:314,10
DA:315,10
DA:319,10
DA:322,10
DA:323,10
DA:324,10
DA:325,10
DA:326,10
DA:328,10
DA:329,10
DA:330,10
DA:334,10
DA:335,10
DA:336,10
DA:337,10
DA:338,10
DA:339,10
DA:341,10
DA:342,10
DA:347,10
DA:348,10
DA:349,10
DA:350,10
DA:351,10
DA:352,10
DA:353,10
DA:356,10
DA:357,10
DA:358,10
DA:359,10
DA:360,10
DA:361,10
DA:362,10
DA:363,10
DA:364,10
DA:367,10
DA:368,10
DA:369,10
DA:370,10
DA:371,10
DA:372,10
DA:375,10
DA:376,10
DA:377,10
DA:378,10
DA:379,10
DA:380,10
DA:381,10
DA:382,10
DA:383,10
DA:384,10
DA:387,10
DA:388,10
DA:389,10
DA:390,10
DA:391,10
DA:392,10
DA:393,10
DA:394,10
DA:395,10
DA:398,10
DA:399,10
DA:400,10
DA:401,10
DA:402,10
DA:403,10
DA:404,10
DA:405,10
DA:406,10
DA:409,10
DA:410,10
DA:411,10
DA:412,10
DA:413,10
DA:414,10
DA:415,10
DA:416,10
DA:417,10
DA:418,10
DA:424,10
DA:427,2
DA:428,2
DA:429,2
DA:432,2
DA:433,2
DA:434,2
DA:435,2
DA:436,2
DA:437,2
DA:438,2
DA:439,2
DA:440,2
DA:441,2
DA:442,2
DA:443,2
DA:444,2
DA:445,2
DA:446,2
DA:447,2
DA:448,2
DA:449,2
DA:450,2
DA:451,2
DA:452,2
DA:453,2
DA:454,2
DA:455,2
DA:456,2
DA:457,2
DA:458,2
DA:459,2
DA:460,2
DA:461,2
DA:462,2
DA:465,1
DA:466,1
DA:467,1
DA:468,1
DA:469,1
DA:476,1
DA:477,1
DA:478,1
DA:479,1
DA:480,1
DA:481,1
DA:482,1
DA:485,1
DA:486,1
DA:487,1
DA:488,1
DA:491,1
DA:492,1
DA:493,1
DA:494,1
DA:495,1
DA:496,1
DA:499,1
DA:500,1
DA:501,1
DA:502,1
DA:503,1
DA:504,1
DA:505,1
DA:506,1
DA:507,1
DA:510,1
DA:511,1
DA:512,1
DA:513,1
DA:514,1
DA:515,1
DA:516,1
DA:517,1
DA:518,1
DA:519,1
DA:520,1
DA:523,1
DA:524,1
DA:525,1
DA:526,1
DA:529,1
DA:530,1
DA:531,1
DA:532,1
DA:533,1
DA:534,1
DA:535,1
DA:536,1
DA:539,1
DA:540,1
DA:542,1
DA:543,1
DA:546,1
DA:547,1
DA:548,1
DA:549,1
DA:550,1
DA:551,1
DA:554,1
DA:555,1
DA:556,1
DA:557,1
DA:558,1
DA:561,1
DA:562,1
DA:563,1
DA:565,1
DA:566,1
DA:567,1
BRF:0
BRH:0
LF:400
LH:400
end_of_record
SF:/nas/Temp/repos/GitForge/crates/gitforce-api/src/rate_limit.rs
FN:273,_RNvNtNtCs9Kgo29zTVTG_12gitforce_api10rate_limit5testss_22test_extract_client_id
FN:226,_RNvNtNtCs9Kgo29zTVTG_12gitforce_api10rate_limit5testss_23test_rate_limiter_allow
FN:237,_RNvNtNtCs9Kgo29zTVTG_12gitforce_api10rate_limit5testss_23test_rate_limiter_burst
FN:299,_RNvNtNtCs9Kgo29zTVTG_12gitforce_api10rate_limit5testss_27test_rate_limiter_remaining
FN:260,_RNvNtNtCs9Kgo29zTVTG_12gitforce_api10rate_limit5testss_29test_client_rate_limit_tokens
FN:253,_RNvNtNtCs9Kgo29zTVTG_12gitforce_api10rate_limit5testss_30test_rate_limit_config_default
FN:282,_RNvNtNtCs9Kgo29zTVTG_12gitforce_api10rate_limit5testss_35test_rate_limiter_different_clients
FN:205,_RINvNtCs9Kgo29zTVTG_12gitforce_api10rate_limit17extract_client_idpEB4_
FN:210,_RNCINvNtCs9Kgo29zTVTG_12gitforce_api10rate_limit17extract_client_idpE0B6_
FN:212,_RNCINvNtCs9Kgo29zTVTG_12gitforce_api10rate_limit17extract_client_idpEs0_0B6_
FN:213,_RNCINvNtCs9Kgo29zTVTG_12gitforce_api10rate_limit17extract_client_idpEs1_0B6_
FN:214,_RNCINvNtCs9Kgo29zTVTG_12gitforce_api10rate_limit17extract_client_idpEs2_0B6_
FN:211,_RNCINvNtCs9Kgo29zTVTG_12gitforce_api10rate_limit17extract_client_idpEs_0B6_
FN:212,_RNCNCINvNtCs9Kgo29zTVTG_12gitforce_api10rate_limit17extract_client_idpEs0_00B8_
FN:211,_RNCNCINvNtCs9Kgo29zTVTG_12gitforce_api10rate_limit17extract_client_idpEs_00B8_
FN:115,_RNCNCNvMs0_NtCs9Kgo29zTVTG_12gitforce_api10rate_limitNtB9_11RateLimiter7cleanup00Bb_
FN:113,_RNCNvMs0_NtCs9Kgo29zTVTG_12gitforce_api10rate_limitNtB7_11RateLimiter7cleanup0B9_
FN:161,_RNCNvXININtCs9Kgo29zTVTG_12gitforce_api10rate_limits2_0ppEINtB7_19RateLimitMiddlewarepEINtCs4rg4FREP9rL_13tower_service7ServiceINtNtCsdWydv2A1QEV_4http7request7RequestpEE4call0B9_
FN:113,_RNvMs0_NtCs9Kgo29zTVTG_12gitforce_api10rate_limitNtB5_11RateLimiter7cleanup
FN:138,_RNvMs1_NtCs9Kgo29zTVTG_12gitforce_api10rate_limitINtB5_19RateLimitMiddlewarepE3newB7_
FN:191,_RNvMs3_NtCs9Kgo29zTVTG_12gitforce_api10rate_limitNtB5_14RateLimitLayer3new
FN:153,_RNvXININtCs9Kgo29zTVTG_12gitforce_api10rate_limits2_0ppEINtB5_19RateLimitMiddlewarepEINtCs4rg4FREP9rL_13tower_service7ServiceINtNtCsdWydv2A1QEV_4http7request7RequestpEE10poll_readyB7_
FN:157,_RNvXININtCs9Kgo29zTVTG_12gitforce_api10rate_limits2_0ppEINtB5_19RateLimitMiddlewarepEINtCs4rg4FREP9rL_13tower_service7ServiceINtNtCsdWydv2A1QEV_4http7request7RequestpEE4callB7_
FN:199,_RNvXININtCs9Kgo29zTVTG_12gitforce_api10rate_limits4_0pENtB5_14RateLimitLayerINtCs1Z71PKKva4G_11tower_layer5LayerpE5layerB7_
FN:93,_RNCNCNvMs0_NtCs9Kgo29zTVTG_12gitforce_api10rate_limitNtB9_11RateLimiter16check_rate_limit00Bb_
FN:87,_RNCNvMs0_NtCs9Kgo29zTVTG_12gitforce_api10rate_limitNtB7_11RateLimiter16check_rate_limit0B9_
FN:99,_RNCNvMs0_NtCs9Kgo29zTVTG_12gitforce_api10rate_limitNtB7_11RateLimiter9remaining0B9_
FN:273,_RNCNvNtNtCs9Kgo29zTVTG_12gitforce_api10rate_limit5testss_22test_extract_client_id0B7_
FN:226,_RNCNvNtNtCs9Kgo29zTVTG_12gitforce_api10rate_limit5testss_23test_rate_limiter_allow0B7_
FN:237,_RNCNvNtNtCs9Kgo29zTVTG_12gitforce_api10rate_limit5testss_23test_rate_limiter_burst0B7_
FN:299,_RNCNvNtNtCs9Kgo29zTVTG_12gitforce_api10rate_limit5testss_27test_rate_limiter_remaining0B7_
FN:260,_RNCNvNtNtCs9Kgo29zTVTG_12gitforce_api10rate_limit5testss_29test_client_rate_limit_tokens0B7_
FN:282,_RNCNvNtNtCs9Kgo29zTVTG_12gitforce_api10rate_limit5testss_35test_rate_limiter_different_clients0B7_
FN:87,_RNvMs0_NtCs9Kgo29zTVTG_12gitforce_api10rate_limitNtB5_11RateLimiter16check_rate_limit
FN:79,_RNvMs0_NtCs9Kgo29zTVTG_12gitforce_api10rate_limitNtB5_11RateLimiter3new
FN:99,_RNvMs0_NtCs9Kgo29zTVTG_12gitforce_api10rate_limitNtB5_11RateLimiter9remaining
FN:53,_RNvMs_NtCs9Kgo29zTVTG_12gitforce_api10rate_limitNtB4_15ClientRateLimit11try_consume
FN:45,_RNvMs_NtCs9Kgo29zTVTG_12gitforce_api10rate_limitNtB4_15ClientRateLimit3new
FN:29,_RNvXNtCs9Kgo29zTVTG_12gitforce_api10rate_limitNtB2_15RateLimitConfigNtNtCs4NRVxsYgnAr_4core7default7Default7default
FN:205,_RINvNtCsjGpVpf3FQqF_12gitforce_api10rate_limit17extract_client_idpEB4_
FN:210,_RNCINvNtCsjGpVpf3FQqF_12gitforce_api10rate_limit17extract_client_idpE0B6_
FN:212,_RNCINvNtCsjGpVpf3FQqF_12gitforce_api10rate_limit17extract_client_idpEs0_0B6_
FN:213,_RNCINvNtCsjGpVpf3FQqF_12gitforce_api10rate_limit17extract_client_idpEs1_0B6_
FN:214,_RNCINvNtCsjGpVpf3FQqF_12gitforce_api10rate_limit17extract_client_idpEs2_0B6_
FN:211,_RNCINvNtCsjGpVpf3FQqF_12gitforce_api10rate_limit17extract_client_idpEs_0B6_
FN:212,_RNCNCINvNtCsjGpVpf3FQqF_12gitforce_api10rate_limit17extract_client_idpEs0_00B8_
FN:211,_RNCNCINvNtCsjGpVpf3FQqF_12gitforce_api10rate_limit17extract_client_idpEs_00B8_
FN:93,_RNCNCNvMs0_NtCsjGpVpf3FQqF_12gitforce_api10rate_limitNtB9_11RateLimiter16check_rate_limit00Bb_
FN:115,_RNCNCNvMs0_NtCsjGpVpf3FQqF_12gitforce_api10rate_limitNtB9_11RateLimiter7cleanup00Bb_
FN:87,_RNCNvMs0_NtCsjGpVpf3FQqF_12gitforce_api10rate_limitNtB7_11RateLimiter16check_rate_limit0B9_
FN:113,_RNCNvMs0_NtCsjGpVpf3FQqF_12gitforce_api10rate_limitNtB7_11RateLimiter7cleanup0B9_
FN:99,_RNCNvMs0_NtCsjGpVpf3FQqF_12gitforce_api10rate_limitNtB7_11RateLimiter9remaining0B9_
FN:161,_RNCNvXININtCsjGpVpf3FQqF_12gitforce_api10rate_limits2_0ppEINtB7_19RateLimitMiddlewarepEINtCs4rg4FREP9rL_13tower_service7ServiceINtNtCsdWydv2A1QEV_4http7request7RequestpEE4call0B9_
FN:138,_RNvMs1_NtCsjGpVpf3FQqF_12gitforce_api10rate_limitINtB5_19RateLimitMiddlewarepE3newB7_
FN:153,_RNvXININtCsjGpVpf3FQqF_12gitforce_api10rate_limits2_0ppEINtB5_19RateLimitMiddlewarepEINtCs4rg4FREP9rL_13tower_service7ServiceINtNtCsdWydv2A1QEV_4http7request7RequestpEE10poll_readyB7_
FN:157,_RNvXININtCsjGpVpf3FQqF_12gitforce_api10rate_limits2_0ppEINtB5_19RateLimitMiddlewarepEINtCs4rg4FREP9rL_13tower_service7ServiceINtNtCsdWydv2A1QEV_4http7request7RequestpEE4callB7_
FN:199,_RNvXININtCsjGpVpf3FQqF_12gitforce_api10rate_limits4_0pENtB5_14RateLimitLayerINtCs1Z71PKKva4G_11tower_layer5LayerpE5layerB7_
FNDA:1,_RNvNtNtCs9Kgo29zTVTG_12gitforce_api10rate_limit5testss_22test_extract_client_id
FNDA:1,_RNvNtNtCs9Kgo29zTVTG_12gitforce_api10rate_limit5testss_23test_rate_limiter_allow
FNDA:1,_RNvNtNtCs9Kgo29zTVTG_12gitforce_api10rate_limit5testss_23test_rate_limiter_burst
FNDA:1,_RNvNtNtCs9Kgo29zTVTG_12gitforce_api10rate_limit5testss_27test_rate_limiter_remaining
FNDA:1,_RNvNtNtCs9Kgo29zTVTG_12gitforce_api10rate_limit5testss_29test_client_rate_limit_tokens
FNDA:1,_RNvNtNtCs9Kgo29zTVTG_12gitforce_api10rate_limit5testss_30test_rate_limit_config_default
FNDA:1,_RNvNtNtCs9Kgo29zTVTG_12gitforce_api10rate_limit5testss_35test_rate_limiter_different_clients
FNDA:0,_RINvNtCs9Kgo29zTVTG_12gitforce_api10rate_limit17extract_client_idpEB4_
FNDA:0,_RNCINvNtCs9Kgo29zTVTG_12gitforce_api10rate_limit17extract_client_idpE0B6_
FNDA:0,_RNCINvNtCs9Kgo29zTVTG_12gitforce_api10rate_limit17extract_client_idpEs0_0B6_
FNDA:0,_RNCINvNtCs9Kgo29zTVTG_12gitforce_api10rate_limit17extract_client_idpEs1_0B6_
FNDA:0,_RNCINvNtCs9Kgo29zTVTG_12gitforce_api10rate_limit17extract_client_idpEs2_0B6_
FNDA:0,_RNCINvNtCs9Kgo29zTVTG_12gitforce_api10rate_limit17extract_client_idpEs_0B6_
FNDA:0,_RNCNCINvNtCs9Kgo29zTVTG_12gitforce_api10rate_limit17extract_client_idpEs0_00B8_
FNDA:0,_RNCNCINvNtCs9Kgo29zTVTG_12gitforce_api10rate_limit17extract_client_idpEs_00B8_
FNDA:0,_RNCNCNvMs0_NtCs9Kgo29zTVTG_12gitforce_api10rate_limitNtB9_11RateLimiter7cleanup00Bb_
FNDA:0,_RNCNvMs0_NtCs9Kgo29zTVTG_12gitforce_api10rate_limitNtB7_11RateLimiter7cleanup0B9_
FNDA:0,_RNCNvXININtCs9Kgo29zTVTG_12gitforce_api10rate_limits2_0ppEINtB7_19RateLimitMiddlewarepEINtCs4rg4FREP9rL_13tower_service7ServiceINtNtCsdWydv2A1QEV_4http7request7RequestpEE4call0B9_
FNDA:0,_RNvMs0_NtCs9Kgo29zTVTG_12gitforce_api10rate_limitNtB5_11RateLimiter7cleanup
FNDA:0,_RNvMs1_NtCs9Kgo29zTVTG_12gitforce_api10rate_limitINtB5_19RateLimitMiddlewarepE3newB7_
FNDA:0,_RNvMs3_NtCs9Kgo29zTVTG_12gitforce_api10rate_limitNtB5_14RateLimitLayer3new
FNDA:0,_RNvXININtCs9Kgo29zTVTG_12gitforce_api10rate_limits2_0ppEINtB5_19RateLimitMiddlewarepEINtCs4rg4FREP9rL_13tower_service7ServiceINtNtCsdWydv2A1QEV_4http7request7RequestpEE10poll_readyB7_
FNDA:0,_RNvXININtCs9Kgo29zTVTG_12gitforce_api10rate_limits2_0ppEINtB5_19RateLimitMiddlewarepEINtCs4rg4FREP9rL_13tower_service7ServiceINtNtCsdWydv2A1QEV_4http7request7RequestpEE4callB7_
FNDA:0,_RNvXININtCs9Kgo29zTVTG_12gitforce_api10rate_limits4_0pENtB5_14RateLimitLayerINtCs1Z71PKKva4G_11tower_layer5LayerpE5layerB7_
FNDA:5,_RNCNCNvMs0_NtCs9Kgo29zTVTG_12gitforce_api10rate_limitNtB9_11RateLimiter16check_rate_limit00Bb_
FNDA:14,_RNCNvMs0_NtCs9Kgo29zTVTG_12gitforce_api10rate_limitNtB7_11RateLimiter16check_rate_limit0B9_
FNDA:2,_RNCNvMs0_NtCs9Kgo29zTVTG_12gitforce_api10rate_limitNtB7_11RateLimiter9remaining0B9_
FNDA:1,_RNCNvNtNtCs9Kgo29zTVTG_12gitforce_api10rate_limit5testss_22test_extract_client_id0B7_
FNDA:1,_RNCNvNtNtCs9Kgo29zTVTG_12gitforce_api10rate_limit5testss_23test_rate_limiter_allow0B7_
FNDA:1,_RNCNvNtNtCs9Kgo29zTVTG_12gitforce_api10rate_limit5testss_23test_rate_limiter_burst0B7_
FNDA:1,_RNCNvNtNtCs9Kgo29zTVTG_12gitforce_api10rate_limit5testss_27test_rate_limiter_remaining0B7_
FNDA:1,_RNCNvNtNtCs9Kgo29zTVTG_12gitforce_api10rate_limit5testss_29test_client_rate_limit_tokens0B7_
FNDA:1,_RNCNvNtNtCs9Kgo29zTVTG_12gitforce_api10rate_limit5testss_35test_rate_limiter_different_clients0B7_
FNDA:14,_RNvMs0_NtCs9Kgo29zTVTG_12gitforce_api10rate_limitNtB5_11RateLimiter16check_rate_limit
FNDA:5,_RNvMs0_NtCs9Kgo29zTVTG_12gitforce_api10rate_limitNtB5_11RateLimiter3new
FNDA:2,_RNvMs0_NtCs9Kgo29zTVTG_12gitforce_api10rate_limitNtB5_11RateLimiter9remaining
FNDA:20,_RNvMs_NtCs9Kgo29zTVTG_12gitforce_api10rate_limitNtB4_15ClientRateLimit11try_consume
FNDA:6,_RNvMs_NtCs9Kgo29zTVTG_12gitforce_api10rate_limitNtB4_15ClientRateLimit3new
FNDA:2,_RNvXNtCs9Kgo29zTVTG_12gitforce_api10rate_limitNtB2_15RateLimitConfigNtNtCs4NRVxsYgnAr_4core7default7Default7default
FNDA:0,_RINvNtCsjGpVpf3FQqF_12gitforce_api10rate_limit17extract_client_idpEB4_
FNDA:0,_RNCINvNtCsjGpVpf3FQqF_12gitforce_api10rate_limit17extract_client_idpE0B6_
FNDA:0,_RNCINvNtCsjGpVpf3FQqF_12gitforce_api10rate_limit17extract_client_idpEs0_0B6_
FNDA:0,_RNCINvNtCsjGpVpf3FQqF_12gitforce_api10rate_limit17extract_client_idpEs1_0B6_
FNDA:0,_RNCINvNtCsjGpVpf3FQqF_12gitforce_api10rate_limit17extract_client_idpEs2_0B6_
FNDA:0,_RNCINvNtCsjGpVpf3FQqF_12gitforce_api10rate_limit17extract_client_idpEs_0B6_
FNDA:0,_RNCNCINvNtCsjGpVpf3FQqF_12gitforce_api10rate_limit17extract_client_idpEs0_00B8_
FNDA:0,_RNCNCINvNtCsjGpVpf3FQqF_12gitforce_api10rate_limit17extract_client_idpEs_00B8_
FNDA:0,_RNCNCNvMs0_NtCsjGpVpf3FQqF_12gitforce_api10rate_limitNtB9_11RateLimiter16check_rate_limit00Bb_
FNDA:0,_RNCNCNvMs0_NtCsjGpVpf3FQqF_12gitforce_api10rate_limitNtB9_11RateLimiter7cleanup00Bb_
FNDA:0,_RNCNvMs0_NtCsjGpVpf3FQqF_12gitforce_api10rate_limitNtB7_11RateLimiter16check_rate_limit0B9_
FNDA:0,_RNCNvMs0_NtCsjGpVpf3FQqF_12gitforce_api10rate_limitNtB7_11RateLimiter7cleanup0B9_
FNDA:0,_RNCNvMs0_NtCsjGpVpf3FQqF_12gitforce_api10rate_limitNtB7_11RateLimiter9remaining0B9_
FNDA:0,_RNCNvXININtCsjGpVpf3FQqF_12gitforce_api10rate_limits2_0ppEINtB7_19RateLimitMiddlewarepEINtCs4rg4FREP9rL_13tower_service7ServiceINtNtCsdWydv2A1QEV_4http7request7RequestpEE4call0B9_
FNDA:0,_RNvMs1_NtCsjGpVpf3FQqF_12gitforce_api10rate_limitINtB5_19RateLimitMiddlewarepE3newB7_
FNDA:0,_RNvXININtCsjGpVpf3FQqF_12gitforce_api10rate_limits2_0ppEINtB5_19RateLimitMiddlewarepEINtCs4rg4FREP9rL_13tower_service7ServiceINtNtCsdWydv2A1QEV_4http7request7RequestpEE10poll_readyB7_
FNDA:0,_RNvXININtCsjGpVpf3FQqF_12gitforce_api10rate_limits2_0ppEINtB5_19RateLimitMiddlewarepEINtCs4rg4FREP9rL_13tower_service7ServiceINtNtCsdWydv2A1QEV_4http7request7RequestpEE4callB7_
FNDA:0,_RNvXININtCsjGpVpf3FQqF_12gitforce_api10rate_limits4_0pENtB5_14RateLimitLayerINtCs1Z71PKKva4G_11tower_layer5LayerpE5layerB7_
FNF:39
FNH:22
DA:29,2
DA:30,2
DA:31,2
DA:32,2
DA:33,2
DA:34,2
DA:45,6
DA:46,6
DA:47,6
DA:48,6
DA:49,6
DA:50,6
DA:53,20
DA:54,20
DA:55,20
DA:56,20
DA:59,20
DA:61,20
DA:62,17
DA:63,17
DA:65,3
DA:67,20
DA:79,5
DA:80,5
DA:81,5
DA:82,5
DA:83,5
DA:84,5
DA:87,14
DA:88,14
DA:90,14
DA:91,14
DA:92,14
DA:93,14
DA:95,14
DA:96,14
DA:99,2
DA:100,2
DA:102,2
DA:103,2
DA:104,1
DA:105,1
DA:106,1
DA:108,1
DA:110,2
DA:113,0
DA:114,0
DA:115,0
DA:116,0
DA:117,0
DA:118,0
DA:119,0
DA:138,0
DA:139,0
DA:140,0
DA:153,0
DA:154,0
DA:155,0
DA:157,0
DA:158,0
DA:159,0
DA:161,0
DA:163,0
DA:166,0
DA:167,0
DA:168,0
DA:169,0
DA:170,0
DA:171,0
DA:172,0
DA:173,0
DA:174,0
DA:175,0
DA:176,0
DA:177,0
DA:179,0
DA:180,0
DA:181,0
DA:191,0
DA:192,0
DA:193,0
DA:199,0
DA:200,0
DA:201,0
DA:205,0
DA:207,0
DA:208,0
DA:209,0
DA:210,0
DA:211,0
DA:212,0
DA:213,0
DA:214,0
DA:218,0
DA:219,0
DA:226,1
DA:227,1
DA:228,1
DA:229,1
DA:230,1
DA:233,1
DA:234,1
DA:237,1
DA:238,1
DA:239,1
DA:240,1
DA:241,1
DA:244,1
DA:245,5
DA:246,1
DA:247,1
DA:248,1
DA:249,1
DA:250,1
DA:253,1
DA:254,1
DA:255,1
DA:256,1
DA:257,1
DA:260,1
DA:261,1
DA:264,1
DA:265,1
DA:266,1
DA:267,1
DA:268,1
DA:269,1
DA:270,1
DA:273,1
DA:276,1
DA:277,1
DA:279,1
DA:282,1
DA:283,1
DA:284,1
DA:285,1
DA:286,1
DA:289,1
DA:290,1
DA:291,1
DA:294,1
DA:295,1
DA:296,1
DA:299,1
DA:300,1
DA:301,1
DA:302,1
DA:303,1
DA:306,1
DA:309,1
DA:310,1
DA:311,1
DA:312,1
BRF:0
BRH:0
LF:180
LH:120
end_of_record
SF:/nas/Temp/repos/GitForge/crates/gitforce-api/src/routes/artifacts.rs
FN:30,_RINvNtNtCs9Kgo29zTVTG_12gitforce_api6routes9artifacts15artifact_routesuEB6_
FN:41,_RNCNvNtNtCs9Kgo29zTVTG_12gitforce_api6routes9artifacts12extract_user0B7_
FN:44,_RNCNvNtNtCs9Kgo29zTVTG_12gitforce_api6routes9artifacts12extract_users_0B7_
FN:102,_RNCNvNtNtCs9Kgo29zTVTG_12gitforce_api6routes9artifacts12get_artifact0B7_
FN:71,_RNCNvNtNtCs9Kgo29zTVTG_12gitforce_api6routes9artifacts14list_artifacts0B7_
FN:141,_RNCNvNtNtCs9Kgo29zTVTG_12gitforce_api6routes9artifacts15delete_artifact0B7_
FN:177,_RNCNvNtNtCs9Kgo29zTVTG_12gitforce_api6routes9artifacts17get_job_artifacts0B7_
FN:38,_RNvNtNtCs9Kgo29zTVTG_12gitforce_api6routes9artifacts12extract_user
FN:97,_RNvNtNtCs9Kgo29zTVTG_12gitforce_api6routes9artifacts12get_artifact
FN:67,_RNvNtNtCs9Kgo29zTVTG_12gitforce_api6routes9artifacts14list_artifacts
FN:136,_RNvNtNtCs9Kgo29zTVTG_12gitforce_api6routes9artifacts15delete_artifact
FN:172,_RNvNtNtCs9Kgo29zTVTG_12gitforce_api6routes9artifacts17get_job_artifacts
FN:54,_RNvNtNtCs9Kgo29zTVTG_12gitforce_api6routes9artifacts20artifact_to_response
FN:218,_RNvNtNtNtCs9Kgo29zTVTG_12gitforce_api6routes9artifacts5testss_26test_artifact_id_from_uuid
FN:294,_RNvNtNtNtCs9Kgo29zTVTG_12gitforce_api6routes9artifacts5testss_28test_artifact_response_debug
FN:309,_RNvNtNtNtCs9Kgo29zTVTG_12gitforce_api6routes9artifacts5testss_33test_artifact_response_large_size
FN:225,_RNvNtNtNtCs9Kgo29zTVTG_12gitforce_api6routes9artifacts5testss_36test_artifact_response_serialization
FN:342,_RNvNtNtNtCs9Kgo29zTVTG_12gitforce_api6routes9artifacts5testss_36test_artifact_to_response_all_fields
FN:259,_RNvNtNtNtCs9Kgo29zTVTG_12gitforce_api6routes9artifacts5testss_36test_artifact_to_response_conversion
FN:242,_RNvNtNtNtCs9Kgo29zTVTG_12gitforce_api6routes9artifacts5testss_38test_artifact_response_deserialization
FN:325,_RNvNtNtNtCs9Kgo29zTVTG_12gitforce_api6routes9artifacts5testss_41test_artifact_response_various_timestamps
FN:277,_RNvNtNtNtCs9Kgo29zTVTG_12gitforce_api6routes9artifacts5testss_45test_artifact_response_with_null_content_type
FN:362,_RNvNtNtNtCs9Kgo29zTVTG_12gitforce_api6routes9artifacts5testss_46test_artifact_response_deserialization_minimal
FN:30,_RINvNtNtCsjGpVpf3FQqF_12gitforce_api6routes9artifacts15artifact_routesuEB6_
FN:41,_RNCNvNtNtCsjGpVpf3FQqF_12gitforce_api6routes9artifacts12extract_user0B7_
FN:44,_RNCNvNtNtCsjGpVpf3FQqF_12gitforce_api6routes9artifacts12extract_users_0B7_
FN:102,_RNCNvNtNtCsjGpVpf3FQqF_12gitforce_api6routes9artifacts12get_artifact0B7_
FN:71,_RNCNvNtNtCsjGpVpf3FQqF_12gitforce_api6routes9artifacts14list_artifacts0B7_
FN:141,_RNCNvNtNtCsjGpVpf3FQqF_12gitforce_api6routes9artifacts15delete_artifact0B7_
FN:177,_RNCNvNtNtCsjGpVpf3FQqF_12gitforce_api6routes9artifacts17get_job_artifacts0B7_
FN:38,_RNvNtNtCsjGpVpf3FQqF_12gitforce_api6routes9artifacts12extract_user
FN:97,_RNvNtNtCsjGpVpf3FQqF_12gitforce_api6routes9artifacts12get_artifact
FN:67,_RNvNtNtCsjGpVpf3FQqF_12gitforce_api6routes9artifacts14list_artifacts
FN:136,_RNvNtNtCsjGpVpf3FQqF_12gitforce_api6routes9artifacts15delete_artifact
FN:172,_RNvNtNtCsjGpVpf3FQqF_12gitforce_api6routes9artifacts17get_job_artifacts
FN:54,_RNvNtNtCsjGpVpf3FQqF_12gitforce_api6routes9artifacts20artifact_to_response
FNDA:4,_RINvNtNtCs9Kgo29zTVTG_12gitforce_api6routes9artifacts15artifact_routesuEB6_
FNDA:0,_RNCNvNtNtCs9Kgo29zTVTG_12gitforce_api6routes9artifacts12extract_user0B7_
FNDA:0,_RNCNvNtNtCs9Kgo29zTVTG_12gitforce_api6routes9artifacts12extract_users_0B7_
FNDA:0,_RNCNvNtNtCs9Kgo29zTVTG_12gitforce_api6routes9artifacts12get_artifact0B7_
FNDA:0,_RNCNvNtNtCs9Kgo29zTVTG_12gitforce_api6routes9artifacts14list_artifacts0B7_
FNDA:0,_RNCNvNtNtCs9Kgo29zTVTG_12gitforce_api6routes9artifacts15delete_artifact0B7_
FNDA:0,_RNCNvNtNtCs9Kgo29zTVTG_12gitforce_api6routes9artifacts17get_job_artifacts0B7_
FNDA:0,_RNvNtNtCs9Kgo29zTVTG_12gitforce_api6routes9artifacts12extract_user
FNDA:0,_RNvNtNtCs9Kgo29zTVTG_12gitforce_api6routes9artifacts12get_artifact
FNDA:0,_RNvNtNtCs9Kgo29zTVTG_12gitforce_api6routes9artifacts14list_artifacts
FNDA:0,_RNvNtNtCs9Kgo29zTVTG_12gitforce_api6routes9artifacts15delete_artifact
FNDA:0,_RNvNtNtCs9Kgo29zTVTG_12gitforce_api6routes9artifacts17get_job_artifacts
FNDA:2,_RNvNtNtCs9Kgo29zTVTG_12gitforce_api6routes9artifacts20artifact_to_response
FNDA:1,_RNvNtNtNtCs9Kgo29zTVTG_12gitforce_api6routes9artifacts5testss_26test_artifact_id_from_uuid
FNDA:1,_RNvNtNtNtCs9Kgo29zTVTG_12gitforce_api6routes9artifacts5testss_28test_artifact_response_debug
FNDA:1,_RNvNtNtNtCs9Kgo29zTVTG_12gitforce_api6routes9artifacts5testss_33test_artifact_response_large_size
FNDA:1,_RNvNtNtNtCs9Kgo29zTVTG_12gitforce_api6routes9artifacts5testss_36test_artifact_response_serialization
FNDA:1,_RNvNtNtNtCs9Kgo29zTVTG_12gitforce_api6routes9artifacts5testss_36test_artifact_to_response_all_fields
FNDA:1,_RNvNtNtNtCs9Kgo29zTVTG_12gitforce_api6routes9artifacts5testss_36test_artifact_to_response_conversion
FNDA:1,_RNvNtNtNtCs9Kgo29zTVTG_12gitforce_api6routes9artifacts5testss_38test_artifact_response_deserialization
FNDA:1,_RNvNtNtNtCs9Kgo29zTVTG_12gitforce_api6routes9artifacts5testss_41test_artifact_response_various_timestamps
FNDA:1,_RNvNtNtNtCs9Kgo29zTVTG_12gitforce_api6routes9artifacts5testss_45test_artifact_response_with_null_content_type
FNDA:1,_RNvNtNtNtCs9Kgo29zTVTG_12gitforce_api6routes9artifacts5testss_46test_artifact_response_deserialization_minimal
FNDA:33,_RINvNtNtCsjGpVpf3FQqF_12gitforce_api6routes9artifacts15artifact_routesuEB6_
FNDA:1,_RNCNvNtNtCsjGpVpf3FQqF_12gitforce_api6routes9artifacts12extract_user0B7_
FNDA:1,_RNCNvNtNtCsjGpVpf3FQqF_12gitforce_api6routes9artifacts12extract_users_0B7_
FNDA:0,_RNCNvNtNtCsjGpVpf3FQqF_12gitforce_api6routes9artifacts12get_artifact0B7_
FNDA:2,_RNCNvNtNtCsjGpVpf3FQqF_12gitforce_api6routes9artifacts14list_artifacts0B7_
FNDA:0,_RNCNvNtNtCsjGpVpf3FQqF_12gitforce_api6routes9artifacts15delete_artifact0B7_
FNDA:0,_RNCNvNtNtCsjGpVpf3FQqF_12gitforce_api6routes9artifacts17get_job_artifacts0B7_
FNDA:2,_RNvNtNtCsjGpVpf3FQqF_12gitforce_api6routes9artifacts12extract_user
FNDA:0,_RNvNtNtCsjGpVpf3FQqF_12gitforce_api6routes9artifacts12get_artifact
FNDA:2,_RNvNtNtCsjGpVpf3FQqF_12gitforce_api6routes9artifacts14list_artifacts
FNDA:0,_RNvNtNtCsjGpVpf3FQqF_12gitforce_api6routes9artifacts15delete_artifact
FNDA:0,_RNvNtNtCsjGpVpf3FQqF_12gitforce_api6routes9artifacts17get_job_artifacts
FNDA:0,_RNvNtNtCsjGpVpf3FQqF_12gitforce_api6routes9artifacts20artifact_to_response
FNF:23
FNH:17
DA:30,37
DA:31,37
DA:32,37
DA:33,37
DA:34,37
DA:35,37
DA:38,2
DA:39,2
DA:40,2
DA:41,2
DA:43,2
DA:44,2
DA:45,2
DA:47,1
DA:48,1
DA:50,1
DA:51,2
DA:54,2
DA:55,2
DA:56,2
DA:57,2
DA:58,2
DA:59,2
DA:60,2
DA:61,2
DA:62,2
DA:63,2
DA:64,2
DA:67,2
DA:68,2
DA:69,2
DA:70,2
DA:71,2
DA:72,2
DA:73,1
DA:75,1
DA:76,1
DA:77,1
DA:78,1
DA:79,1
DA:80,1
DA:81,1
DA:82,1
DA:84,0
DA:85,0
DA:86,0
DA:87,0
DA:88,0
DA:89,0
DA:94,2
DA:97,0
DA:98,0
DA:99,0
DA:100,0
DA:101,0
DA:102,0
DA:103,0
DA:104,0
DA:106,0
DA:108,0
DA:109,0
DA:111,0
DA:112,0
DA:113,0
DA:114,0
DA:118,0
DA:119,0
DA:120,0
DA:121,0
DA:123,0
DA:124,0
DA:125,0
DA:126,0
DA:127,0
DA:128,0
DA:133,0
DA:136,0
DA:137,0
DA:138,0
DA:139,0
DA:140,0
DA:141,0
DA:142,0
DA:143,0
DA:145,0
DA:147,0
DA:148,0
DA:150,0
DA:151,0
DA:152,0
DA:153,0
DA:157,0
DA:158,0
DA:159,0
DA:160,0
DA:161,0
DA:162,0
DA:163,0
DA:164,0
DA:169,0
DA:172,0
DA:173,0
DA:174,0
DA:175,0
DA:176,0
DA:177,0
DA:178,0
DA:179,0
DA:181,0
DA:183,0
DA:184,0
DA:186,0
DA:187,0
DA:188,0
DA:189,0
DA:193,0
DA:194,0
DA:195,0
DA:196,0
DA:197,0
DA:198,0
DA:199,0
DA:201,0
DA:202,0
DA:203,0
DA:204,0
DA:205,0
DA:206,0
DA:211,0
DA:218,1
DA:219,1
DA:220,1
DA:222,1
DA:225,1
DA:226,1
DA:227,1
DA:228,1
DA:229,1
DA:230,1
DA:231,1
DA:232,1
DA:233,1
DA:234,1
DA:235,1
DA:236,1
DA:237,1
DA:238,1
DA:239,1
DA:242,1
DA:243,1
DA:244,1
DA:245,1
DA:246,1
DA:247,1
DA:248,1
DA:249,1
DA:250,1
DA:251,1
DA:252,1
DA:253,1
DA:254,1
DA:255,1
DA:256,1
DA:259,1
DA:260,1
DA:261,1
DA:262,1
DA:263,1
DA:264,1
DA:265,1
DA:266,1
DA:267,1
DA:268,1
DA:269,1
DA:270,1
DA:271,1
DA:272,1
DA:273,1
DA:274,1
DA:277,1
DA:279,1
DA:280,1
DA:281,1
DA:282,1
DA:283,1
DA:284,1
DA:285,1
DA:286,1
DA:287,1
DA:288,1
DA:289,1
DA:290,1
DA:291,1
DA:294,1
DA:295,1
DA:296,1
DA:297,1
DA:298,1
DA:299,1
DA:300,1
DA:301,1
DA:302,1
DA:303,1
DA:304,1
DA:305,1
DA:306,1
DA:309,1
DA:310,1
DA:311,1
DA:312,1
DA:313,1
DA:314,1
DA:315,1
DA:316,1
DA:317,1
DA:318,1
DA:319,1
DA:320,1
DA:321,1
DA:322,1
DA:325,1
DA:326,3
DA:327,3
DA:328,3
DA:329,3
DA:330,3
DA:331,3
DA:332,3
DA:333,3
DA:334,3
DA:335,3
DA:336,3
DA:337,3
DA:339,1
DA:342,1
DA:344,1
DA:345,1
DA:346,1
DA:347,1
DA:348,1
DA:349,1
DA:350,1
DA:351,1
DA:352,1
DA:353,1
DA:354,1
DA:355,1
DA:356,1
DA:357,1
DA:358,1
DA:359,1
DA:362,1
DA:363,1
DA:364,1
DA:365,1
DA:366,1
DA:367,1
BRF:0
BRH:0
LF:263
LH:175
end_of_record
SF:/nas/Temp/repos/GitForge/crates/gitforce-api/src/routes/ci.rs
FN:41,_RINvNtNtCs9Kgo29zTVTG_12gitforce_api6routes2ci9ci_routesuEB6_
FN:168,_RNCNCNCNvNtNtCs9Kgo29zTVTG_12gitforce_api6routes2ci18list_pipeline_runs000Bb_
FN:169,_RNCNCNCNvNtNtCs9Kgo29zTVTG_12gitforce_api6routes2ci18list_pipeline_runs00s_0Bb_
FN:258,_RNCNCNCNvNtNtCs9Kgo29zTVTG_12gitforce_api6routes2ci21get_pipeline_run_jobs000Bb_
FN:260,_RNCNCNCNvNtNtCs9Kgo29zTVTG_12gitforce_api6routes2ci21get_pipeline_run_jobs00s0_0Bb_
FN:259,_RNCNCNCNvNtNtCs9Kgo29zTVTG_12gitforce_api6routes2ci21get_pipeline_run_jobs00s_0Bb_
FN:79,_RNCNCNvNtNtCs9Kgo29zTVTG_12gitforce_api6routes2ci14list_pipelines00B9_
FN:207,_RNCNCNvNtNtCs9Kgo29zTVTG_12gitforce_api6routes2ci16get_pipeline_run0s0_0B9_
FN:206,_RNCNCNvNtNtCs9Kgo29zTVTG_12gitforce_api6routes2ci16get_pipeline_run0s_0B9_
FN:161,_RNCNCNvNtNtCs9Kgo29zTVTG_12gitforce_api6routes2ci18list_pipeline_runs00B9_
FN:253,_RNCNCNvNtNtCs9Kgo29zTVTG_12gitforce_api6routes2ci21get_pipeline_run_jobs00B9_
FN:307,_RNCNCNvNtNtCs9Kgo29zTVTG_12gitforce_api6routes2ci7get_job0s0_0B9_
FN:308,_RNCNCNvNtNtCs9Kgo29zTVTG_12gitforce_api6routes2ci7get_job0s1_0B9_
FN:306,_RNCNCNvNtNtCs9Kgo29zTVTG_12gitforce_api6routes2ci7get_job0s_0B9_
FN:56,_RNCNvNtNtCs9Kgo29zTVTG_12gitforce_api6routes2ci12extract_user0B7_
FN:59,_RNCNvNtNtCs9Kgo29zTVTG_12gitforce_api6routes2ci12extract_users_0B7_
FN:342,_RNCNvNtNtCs9Kgo29zTVTG_12gitforce_api6routes2ci12get_job_logs0B7_
FN:105,_RNCNvNtNtCs9Kgo29zTVTG_12gitforce_api6routes2ci12get_pipeline0B7_
FN:73,_RNCNvNtNtCs9Kgo29zTVTG_12gitforce_api6routes2ci14list_pipelines0B7_
FN:189,_RNCNvNtNtCs9Kgo29zTVTG_12gitforce_api6routes2ci16get_pipeline_run0B7_
FN:155,_RNCNvNtNtCs9Kgo29zTVTG_12gitforce_api6routes2ci18list_pipeline_runs0B7_
FN:242,_RNCNvNtNtCs9Kgo29zTVTG_12gitforce_api6routes2ci21get_pipeline_run_jobs0B7_
FN:291,_RNCNvNtNtCs9Kgo29zTVTG_12gitforce_api6routes2ci7get_job0B7_
FN:53,_RNvNtNtCs9Kgo29zTVTG_12gitforce_api6routes2ci12extract_user
FN:338,_RNvNtNtCs9Kgo29zTVTG_12gitforce_api6routes2ci12get_job_logs
FN:100,_RNvNtNtCs9Kgo29zTVTG_12gitforce_api6routes2ci12get_pipeline
FN:69,_RNvNtNtCs9Kgo29zTVTG_12gitforce_api6routes2ci14list_pipelines
FN:184,_RNvNtNtCs9Kgo29zTVTG_12gitforce_api6routes2ci16get_pipeline_run
FN:151,_RNvNtNtCs9Kgo29zTVTG_12gitforce_api6routes2ci18list_pipeline_runs
FN:237,_RNvNtNtCs9Kgo29zTVTG_12gitforce_api6routes2ci21get_pipeline_run_jobs
FN:286,_RNvNtNtCs9Kgo29zTVTG_12gitforce_api6routes2ci7get_job
FN:472,_RNvNtNtNtCs9Kgo29zTVTG_12gitforce_api6routes2ci5testss_23test_job_response_debug
FN:376,_RNvNtNtNtCs9Kgo29zTVTG_12gitforce_api6routes2ci5testss_31test_job_response_serialization
FN:408,_RNvNtNtNtCs9Kgo29zTVTG_12gitforce_api6routes2ci5testss_32test_job_response_without_runner
FN:457,_RNvNtNtNtCs9Kgo29zTVTG_12gitforce_api6routes2ci5testss_32test_pipeline_run_response_debug
FN:440,_RNvNtNtNtCs9Kgo29zTVTG_12gitforce_api6routes2ci5testss_33test_job_response_deserialization
FN:503,_RNvNtNtNtCs9Kgo29zTVTG_12gitforce_api6routes2ci5testss_35test_job_response_with_all_statuses
FN:533,_RNvNtNtNtCs9Kgo29zTVTG_12gitforce_api6routes2ci5testss_40test_job_response_with_runner_assignment
FN:360,_RNvNtNtNtCs9Kgo29zTVTG_12gitforce_api6routes2ci5testss_40test_pipeline_run_response_serialization
FN:547,_RNvNtNtNtCs9Kgo29zTVTG_12gitforce_api6routes2ci5testss_41test_pipeline_run_response_complete_cycle
FN:563,_RNvNtNtNtCs9Kgo29zTVTG_12gitforce_api6routes2ci5testss_42test_job_response_complete_with_timestamps
FN:423,_RNvNtNtNtCs9Kgo29zTVTG_12gitforce_api6routes2ci5testss_42test_pipeline_run_response_deserialization
FN:519,_RNvNtNtNtCs9Kgo29zTVTG_12gitforce_api6routes2ci5testss_44test_pipeline_run_response_large_commit_hash
FN:486,_RNvNtNtNtCs9Kgo29zTVTG_12gitforce_api6routes2ci5testss_44test_pipeline_run_response_with_all_statuses
FN:392,_RNvNtNtNtCs9Kgo29zTVTG_12gitforce_api6routes2ci5testss_45test_pipeline_run_response_without_timestamps
FN:41,_RINvNtNtCsjGpVpf3FQqF_12gitforce_api6routes2ci9ci_routesuEB6_
FN:168,_RNCNCNCNvNtNtCsjGpVpf3FQqF_12gitforce_api6routes2ci18list_pipeline_runs000Bb_
FN:169,_RNCNCNCNvNtNtCsjGpVpf3FQqF_12gitforce_api6routes2ci18list_pipeline_runs00s_0Bb_
FN:258,_RNCNCNCNvNtNtCsjGpVpf3FQqF_12gitforce_api6routes2ci21get_pipeline_run_jobs000Bb_
FN:260,_RNCNCNCNvNtNtCsjGpVpf3FQqF_12gitforce_api6routes2ci21get_pipeline_run_jobs00s0_0Bb_
FN:259,_RNCNCNCNvNtNtCsjGpVpf3FQqF_12gitforce_api6routes2ci21get_pipeline_run_jobs00s_0Bb_
FN:79,_RNCNCNvNtNtCsjGpVpf3FQqF_12gitforce_api6routes2ci14list_pipelines00B9_
FN:207,_RNCNCNvNtNtCsjGpVpf3FQqF_12gitforce_api6routes2ci16get_pipeline_run0s0_0B9_
FN:206,_RNCNCNvNtNtCsjGpVpf3FQqF_12gitforce_api6routes2ci16get_pipeline_run0s_0B9_
FN:161,_RNCNCNvNtNtCsjGpVpf3FQqF_12gitforce_api6routes2ci18list_pipeline_runs00B9_
FN:253,_RNCNCNvNtNtCsjGpVpf3FQqF_12gitforce_api6routes2ci21get_pipeline_run_jobs00B9_
FN:307,_RNCNCNvNtNtCsjGpVpf3FQqF_12gitforce_api6routes2ci7get_job0s0_0B9_
FN:308,_RNCNCNvNtNtCsjGpVpf3FQqF_12gitforce_api6routes2ci7get_job0s1_0B9_
FN:306,_RNCNCNvNtNtCsjGpVpf3FQqF_12gitforce_api6routes2ci7get_job0s_0B9_
FN:56,_RNCNvNtNtCsjGpVpf3FQqF_12gitforce_api6routes2ci12extract_user0B7_
FN:59,_RNCNvNtNtCsjGpVpf3FQqF_12gitforce_api6routes2ci12extract_users_0B7_
FN:342,_RNCNvNtNtCsjGpVpf3FQqF_12gitforce_api6routes2ci12get_job_logs0B7_
FN:105,_RNCNvNtNtCsjGpVpf3FQqF_12gitforce_api6routes2ci12get_pipeline0B7_
FN:73,_RNCNvNtNtCsjGpVpf3FQqF_12gitforce_api6routes2ci14list_pipelines0B7_
FN:189,_RNCNvNtNtCsjGpVpf3FQqF_12gitforce_api6routes2ci16get_pipeline_run0B7_
FN:155,_RNCNvNtNtCsjGpVpf3FQqF_12gitforce_api6routes2ci18list_pipeline_runs0B7_
FN:242,_RNCNvNtNtCsjGpVpf3FQqF_12gitforce_api6routes2ci21get_pipeline_run_jobs0B7_
FN:291,_RNCNvNtNtCsjGpVpf3FQqF_12gitforce_api6routes2ci7get_job0B7_
FN:53,_RNvNtNtCsjGpVpf3FQqF_12gitforce_api6routes2ci12extract_user
FN:338,_RNvNtNtCsjGpVpf3FQqF_12gitforce_api6routes2ci12get_job_logs
FN:100,_RNvNtNtCsjGpVpf3FQqF_12gitforce_api6routes2ci12get_pipeline
FN:69,_RNvNtNtCsjGpVpf3FQqF_12gitforce_api6routes2ci14list_pipelines
FN:184,_RNvNtNtCsjGpVpf3FQqF_12gitforce_api6routes2ci16get_pipeline_run
FN:151,_RNvNtNtCsjGpVpf3FQqF_12gitforce_api6routes2ci18list_pipeline_runs
FN:237,_RNvNtNtCsjGpVpf3FQqF_12gitforce_api6routes2ci21get_pipeline_run_jobs
FN:286,_RNvNtNtCsjGpVpf3FQqF_12gitforce_api6routes2ci7get_job
FNDA:4,_RINvNtNtCs9Kgo29zTVTG_12gitforce_api6routes2ci9ci_routesuEB6_
FNDA:0,_RNCNCNCNvNtNtCs9Kgo29zTVTG_12gitforce_api6routes2ci18list_pipeline_runs000Bb_
FNDA:0,_RNCNCNCNvNtNtCs9Kgo29zTVTG_12gitforce_api6routes2ci18list_pipeline_runs00s_0Bb_
FNDA:0,_RNCNCNCNvNtNtCs9Kgo29zTVTG_12gitforce_api6routes2ci21get_pipeline_run_jobs000Bb_
FNDA:0,_RNCNCNCNvNtNtCs9Kgo29zTVTG_12gitforce_api6routes2ci21get_pipeline_run_jobs00s0_0Bb_
FNDA:0,_RNCNCNCNvNtNtCs9Kgo29zTVTG_12gitforce_api6routes2ci21get_pipeline_run_jobs00s_0Bb_
FNDA:0,_RNCNCNvNtNtCs9Kgo29zTVTG_12gitforce_api6routes2ci14list_pipelines00B9_
FNDA:0,_RNCNCNvNtNtCs9Kgo29zTVTG_12gitforce_api6routes2ci16get_pipeline_run0s0_0B9_
FNDA:0,_RNCNCNvNtNtCs9Kgo29zTVTG_12gitforce_api6routes2ci16get_pipeline_run0s_0B9_
FNDA:0,_RNCNCNvNtNtCs9Kgo29zTVTG_12gitforce_api6routes2ci18list_pipeline_runs00B9_
FNDA:0,_RNCNCNvNtNtCs9Kgo29zTVTG_12gitforce_api6routes2ci21get_pipeline_run_jobs00B9_
FNDA:0,_RNCNCNvNtNtCs9Kgo29zTVTG_12gitforce_api6routes2ci7get_job0s0_0B9_
FNDA:0,_RNCNCNvNtNtCs9Kgo29zTVTG_12gitforce_api6routes2ci7get_job0s1_0B9_
FNDA:0,_RNCNCNvNtNtCs9Kgo29zTVTG_12gitforce_api6routes2ci7get_job0s_0B9_
FNDA:0,_RNCNvNtNtCs9Kgo29zTVTG_12gitforce_api6routes2ci12extract_user0B7_
FNDA:0,_RNCNvNtNtCs9Kgo29zTVTG_12gitforce_api6routes2ci12extract_users_0B7_
FNDA:0,_RNCNvNtNtCs9Kgo29zTVTG_12gitforce_api6routes2ci12get_job_logs0B7_
FNDA:0,_RNCNvNtNtCs9Kgo29zTVTG_12gitforce_api6routes2ci12get_pipeline0B7_
FNDA:0,_RNCNvNtNtCs9Kgo29zTVTG_12gitforce_api6routes2ci14list_pipelines0B7_
FNDA:0,_RNCNvNtNtCs9Kgo29zTVTG_12gitforce_api6routes2ci16get_pipeline_run0B7_
FNDA:0,_RNCNvNtNtCs9Kgo29zTVTG_12gitforce_api6routes2ci18list_pipeline_runs0B7_
FNDA:0,_RNCNvNtNtCs9Kgo29zTVTG_12gitforce_api6routes2ci21get_pipeline_run_jobs0B7_
FNDA:0,_RNCNvNtNtCs9Kgo29zTVTG_12gitforce_api6routes2ci7get_job0B7_
FNDA:0,_RNvNtNtCs9Kgo29zTVTG_12gitforce_api6routes2ci12extract_user
FNDA:0,_RNvNtNtCs9Kgo29zTVTG_12gitforce_api6routes2ci12get_job_logs
FNDA:0,_RNvNtNtCs9Kgo29zTVTG_12gitforce_api6routes2ci12get_pipeline
FNDA:0,_RNvNtNtCs9Kgo29zTVTG_12gitforce_api6routes2ci14list_pipelines
FNDA:0,_RNvNtNtCs9Kgo29zTVTG_12gitforce_api6routes2ci16get_pipeline_run
FNDA:0,_RNvNtNtCs9Kgo29zTVTG_12gitforce_api6routes2ci18list_pipeline_runs
FNDA:0,_RNvNtNtCs9Kgo29zTVTG_12gitforce_api6routes2ci21get_pipeline_run_jobs
FNDA:0,_RNvNtNtCs9Kgo29zTVTG_12gitforce_api6routes2ci7get_job
FNDA:1,_RNvNtNtNtCs9Kgo29zTVTG_12gitforce_api6routes2ci5testss_23test_job_response_debug
FNDA:1,_RNvNtNtNtCs9Kgo29zTVTG_12gitforce_api6routes2ci5testss_31test_job_response_serialization
FNDA:1,_RNvNtNtNtCs9Kgo29zTVTG_12gitforce_api6routes2ci5testss_32test_job_response_without_runner
FNDA:1,_RNvNtNtNtCs9Kgo29zTVTG_12gitforce_api6routes2ci5testss_32test_pipeline_run_response_debug
FNDA:1,_RNvNtNtNtCs9Kgo29zTVTG_12gitforce_api6routes2ci5testss_33test_job_response_deserialization
FNDA:1,_RNvNtNtNtCs9Kgo29zTVTG_12gitforce_api6routes2ci5testss_35test_job_response_with_all_statuses
FNDA:1,_RNvNtNtNtCs9Kgo29zTVTG_12gitforce_api6routes2ci5testss_40test_job_response_with_runner_assignment
FNDA:1,_RNvNtNtNtCs9Kgo29zTVTG_12gitforce_api6routes2ci5testss_40test_pipeline_run_response_serialization
FNDA:1,_RNvNtNtNtCs9Kgo29zTVTG_12gitforce_api6routes2ci5testss_41test_pipeline_run_response_complete_cycle
FNDA:1,_RNvNtNtNtCs9Kgo29zTVTG_12gitforce_api6routes2ci5testss_42test_job_response_complete_with_timestamps
FNDA:1,_RNvNtNtNtCs9Kgo29zTVTG_12gitforce_api6routes2ci5testss_42test_pipeline_run_response_deserialization
FNDA:1,_RNvNtNtNtCs9Kgo29zTVTG_12gitforce_api6routes2ci5testss_44test_pipeline_run_response_large_commit_hash
FNDA:1,_RNvNtNtNtCs9Kgo29zTVTG_12gitforce_api6routes2ci5testss_44test_pipeline_run_response_with_all_statuses
FNDA:1,_RNvNtNtNtCs9Kgo29zTVTG_12gitforce_api6routes2ci5testss_45test_pipeline_run_response_without_timestamps
FNDA:33,_RINvNtNtCsjGpVpf3FQqF_12gitforce_api6routes2ci9ci_routesuEB6_
FNDA:0,_RNCNCNCNvNtNtCsjGpVpf3FQqF_12gitforce_api6routes2ci18list_pipeline_runs000Bb_
FNDA:0,_RNCNCNCNvNtNtCsjGpVpf3FQqF_12gitforce_api6routes2ci18list_pipeline_runs00s_0Bb_
FNDA:0,_RNCNCNCNvNtNtCsjGpVpf3FQqF_12gitforce_api6routes2ci21get_pipeline_run_jobs000Bb_
FNDA:0,_RNCNCNCNvNtNtCsjGpVpf3FQqF_12gitforce_api6routes2ci21get_pipeline_run_jobs00s0_0Bb_
FNDA:0,_RNCNCNCNvNtNtCsjGpVpf3FQqF_12gitforce_api6routes2ci21get_pipeline_run_jobs00s_0Bb_
FNDA:0,_RNCNCNvNtNtCsjGpVpf3FQqF_12gitforce_api6routes2ci14list_pipelines00B9_
FNDA:0,_RNCNCNvNtNtCsjGpVpf3FQqF_12gitforce_api6routes2ci16get_pipeline_run0s0_0B9_
FNDA:0,_RNCNCNvNtNtCsjGpVpf3FQqF_12gitforce_api6routes2ci16get_pipeline_run0s_0B9_
FNDA:0,_RNCNCNvNtNtCsjGpVpf3FQqF_12gitforce_api6routes2ci18list_pipeline_runs00B9_
FNDA:0,_RNCNCNvNtNtCsjGpVpf3FQqF_12gitforce_api6routes2ci21get_pipeline_run_jobs00B9_
FNDA:0,_RNCNCNvNtNtCsjGpVpf3FQqF_12gitforce_api6routes2ci7get_job0s0_0B9_
FNDA:0,_RNCNCNvNtNtCsjGpVpf3FQqF_12gitforce_api6routes2ci7get_job0s1_0B9_
FNDA:0,_RNCNCNvNtNtCsjGpVpf3FQqF_12gitforce_api6routes2ci7get_job0s_0B9_
FNDA:2,_RNCNvNtNtCsjGpVpf3FQqF_12gitforce_api6routes2ci12extract_user0B7_
FNDA:2,_RNCNvNtNtCsjGpVpf3FQqF_12gitforce_api6routes2ci12extract_users_0B7_
FNDA:0,_RNCNvNtNtCsjGpVpf3FQqF_12gitforce_api6routes2ci12get_job_logs0B7_
FNDA:0,_RNCNvNtNtCsjGpVpf3FQqF_12gitforce_api6routes2ci12get_pipeline0B7_
FNDA:1,_RNCNvNtNtCsjGpVpf3FQqF_12gitforce_api6routes2ci14list_pipelines0B7_
FNDA:0,_RNCNvNtNtCsjGpVpf3FQqF_12gitforce_api6routes2ci16get_pipeline_run0B7_
FNDA:1,_RNCNvNtNtCsjGpVpf3FQqF_12gitforce_api6routes2ci18list_pipeline_runs0B7_
FNDA:0,_RNCNvNtNtCsjGpVpf3FQqF_12gitforce_api6routes2ci21get_pipeline_run_jobs0B7_
FNDA:0,_RNCNvNtNtCsjGpVpf3FQqF_12gitforce_api6routes2ci7get_job0B7_
FNDA:2,_RNvNtNtCsjGpVpf3FQqF_12gitforce_api6routes2ci12extract_user
FNDA:0,_RNvNtNtCsjGpVpf3FQqF_12gitforce_api6routes2ci12get_job_logs
FNDA:0,_RNvNtNtCsjGpVpf3FQqF_12gitforce_api6routes2ci12get_pipeline
FNDA:1,_RNvNtNtCsjGpVpf3FQqF_12gitforce_api6routes2ci14list_pipelines
FNDA:0,_RNvNtNtCsjGpVpf3FQqF_12gitforce_api6routes2ci16get_pipeline_run
FNDA:1,_RNvNtNtCsjGpVpf3FQqF_12gitforce_api6routes2ci18list_pipeline_runs
FNDA:0,_RNvNtNtCsjGpVpf3FQqF_12gitforce_api6routes2ci21get_pipeline_run_jobs
FNDA:0,_RNvNtNtCsjGpVpf3FQqF_12gitforce_api6routes2ci7get_job
FNF:45
FNH:22
DA:41,37
DA:42,37
DA:43,37
DA:44,37
DA:45,37
DA:46,37
DA:47,37
DA:48,37
DA:49,37
DA:50,37
DA:53,2
DA:54,2
DA:55,2
DA:56,2
DA:58,2
DA:59,2
DA:60,2
DA:62,2
DA:63,2
DA:65,2
DA:66,2
DA:69,1
DA:70,1
DA:71,1
DA:72,1
DA:73,1
DA:74,1
DA:75,0
DA:77,1
DA:78,1
DA:79,1
DA:80,0
DA:81,0
DA:82,0
DA:83,0
DA:84,0
DA:85,0
DA:87,1
DA:88,1
DA:90,0
DA:91,0
DA:92,0
DA:97,1
DA:100,0
DA:101,0
DA:102,0
DA:103,0
DA:104,0
DA:105,0
DA:106,0
DA:107,0
DA:109,0
DA:111,0
DA:112,0
DA:113,0
DA:114,0
DA:115,0
DA:116,0
DA:117,0
DA:118,0
DA:119,0
DA:120,0
DA:121,0
DA:122,0
DA:125,0
DA:126,0
DA:127,0
DA:128,0
DA:130,0
DA:131,0
DA:132,0
DA:133,0
DA:134,0
DA:135,0
DA:140,0
DA:141,0
DA:142,0
DA:143,0
DA:148,0
DA:151,1
DA:152,1
DA:153,1
DA:154,1
DA:155,1
DA:156,1
DA:157,0
DA:159,1
DA:160,1
DA:161,1
DA:162,0
DA:163,0
DA:164,0
DA:165,0
DA:166,0
DA:167,0
DA:168,0
DA:169,0
DA:171,1
DA:172,1
DA:174,0
DA:175,0
DA:176,0
DA:181,1
DA:184,0
DA:185,0
DA:186,0
DA:187,0
DA:188,0
DA:189,0
DA:190,0
DA:191,0
DA:193,0
DA:195,0
DA:196,0
DA:197,0
DA:198,0
DA:199,0
DA:200,0
DA:201,0
DA:202,0
DA:203,0
DA:204,0
DA:205,0
DA:206,0
DA:207,0
DA:208,0
DA:211,0
DA:212,0
DA:213,0
DA:214,0
DA:216,0
DA:217,0
DA:218,0
DA:219,0
DA:220,0
DA:221,0
DA:226,0
DA:227,0
DA:228,0
DA:229,0
DA:234,0
DA:237,0
DA:238,0
DA:239,0
DA:240,0
DA:241,0
DA:242,0
DA:243,0
DA:244,0
DA:246,0
DA:248,0
DA:249,0
DA:250,0
DA:251,0
DA:252,0
DA:253,0
DA:254,0
DA:255,0
DA:256,0
DA:257,0
DA:258,0
DA:259,0
DA:260,0
DA:262,0
DA:263,0
DA:265,0
DA:266,0
DA:267,0
DA:268,0
DA:269,0
DA:270,0
DA:275,0
DA:276,0
DA:277,0
DA:278,0
DA:283,0
DA:286,0
DA:287,0
DA:288,0
DA:289,0
DA:290,0
DA:291,0
DA:292,0
DA:293,0
DA:295,0
DA:297,0
DA:298,0
DA:299,0
DA:300,0
DA:301,0
DA:302,0
DA:303,0
DA:304,0
DA:305,0
DA:306,0
DA:307,0
DA:308,0
DA:309,0
DA:312,0
DA:313,0
DA:314,0
DA:315,0
DA:317,0
DA:318,0
DA:319,0
DA:320,0
DA:321,0
DA:322,0
DA:327,0
DA:328,0
DA:329,0
DA:330,0
DA:335,0
DA:338,0
DA:339,0
DA:340,0
DA:341,0
DA:342,0
DA:343,0
DA:344,0
DA:346,0
DA:347,0
DA:348,0
DA:349,0
DA:350,0
DA:353,0
DA:360,1
DA:361,1
DA:362,1
DA:363,1
DA:364,1
DA:365,1
DA:366,1
DA:367,1
DA:368,1
DA:369,1
DA:370,1
DA:371,1
DA:372,1
DA:373,1
DA:376,1
DA:377,1
DA:378,1
DA:379,1
DA:380,1
DA:381,1
DA:382,1
DA:383,1
DA:384,1
DA:385,1
DA:386,1
DA:387,1
DA:388,1
DA:389,1
DA:392,1
DA:393,1
DA:394,1
DA:395,1
DA:396,1
DA:397,1
DA:398,1
DA:399,1
DA:400,1
DA:401,1
DA:402,1
DA:403,1
DA:404,1
DA:405,1
DA:408,1
DA:409,1
DA:410,1
DA:411,1
DA:412,1
DA:413,1
DA:414,1
DA:415,1
DA:416,1
DA:417,1
DA:418,1
DA:419,1
DA:420,1
DA:423,1
DA:424,1
DA:425,1
DA:426,1
DA:427,1
DA:428,1
DA:429,1
DA:430,1
DA:431,1
DA:432,1
DA:433,1
DA:434,1
DA:435,1
DA:436,1
DA:437,1
DA:440,1
DA:441,1
DA:442,1
DA:443,1
DA:444,1
DA:445,1
DA:446,1
DA:447,1
DA:448,1
DA:449,1
DA:450,1
DA:451,1
DA:452,1
DA:453,1
DA:454,1
DA:457,1
DA:458,1
DA:459,1
DA:460,1
DA:461,1
DA:462,1
DA:463,1
DA:464,1
DA:465,1
DA:466,1
DA:467,1
DA:468,1
DA:469,1
DA:472,1
DA:473,1
DA:474,1
DA:475,1
DA:476,1
DA:477,1
DA:478,1
DA:479,1
DA:480,1
DA:481,1
DA:482,1
DA:483,1
DA:486,1
DA:487,5
DA:488,5
DA:489,5
DA:490,5
DA:491,5
DA:492,5
DA:493,5
DA:494,5
DA:495,5
DA:496,5
DA:497,5
DA:498,5
DA:500,1
DA:503,1
DA:504,5
DA:505,5
DA:506,5
DA:507,5
DA:508,5
DA:509,5
DA:510,5
DA:511,5
DA:512,5
DA:513,5
DA:514,5
DA:516,1
DA:519,1
DA:520,1
DA:521,1
DA:522,1
DA:523,1
DA:524,1
DA:525,1
DA:526,1
DA:527,1
DA:528,1
DA:529,1
DA:530,1
DA:533,1
DA:534,1
DA:535,1
DA:536,1
DA:537,1
DA:538,1
DA:539,1
DA:540,1
DA:541,1
DA:542,1
DA:543,1
DA:544,1
DA:547,1
DA:548,1
DA:549,1
DA:550,1
DA:551,1
DA:552,1
DA:553,1
DA:554,1
DA:555,1
DA:556,1
DA:557,1
DA:558,1
DA:559,1
DA:560,1
DA:563,1
DA:564,1
DA:565,1
DA:566,1
DA:567,1
DA:568,1
DA:569,1
DA:570,1
DA:571,1
DA:572,1
DA:573,1
DA:574,1
DA:575,1
BRF:0
BRH:0
LF:439
LH:237
end_of_record
SF:/nas/Temp/repos/GitForge/crates/gitforce-api/src/routes/repo.rs
FN:83,_RINvNtNtCs9Kgo29zTVTG_12gitforce_api6routes4repo11repo_routesuEB6_
FN:118,_RNCNCNvNtNtCs9Kgo29zTVTG_12gitforce_api6routes4repo10list_repos00B9_
FN:110,_RNCNvNtNtCs9Kgo29zTVTG_12gitforce_api6routes4repo10list_repos0B7_
FN:143,_RNCNvNtNtCs9Kgo29zTVTG_12gitforce_api6routes4repo11create_repo0B7_
FN:252,_RNCNvNtNtCs9Kgo29zTVTG_12gitforce_api6routes4repo11delete_repo0B7_
FN:93,_RNCNvNtNtCs9Kgo29zTVTG_12gitforce_api6routes4repo12extract_user0B7_
FN:96,_RNCNvNtNtCs9Kgo29zTVTG_12gitforce_api6routes4repo12extract_users_0B7_
[...]
DA:527,1
DA:528,1
DA:529,1
DA:530,1
DA:531,1
DA:532,1
DA:533,1
DA:534,1
DA:535,1
DA:536,1
DA:538,1
DA:539,1
DA:540,1
DA:541,1
DA:544,1
DA:545,1
DA:546,1
DA:548,1
DA:549,1
DA:552,1
DA:553,1
DA:554,1
DA:557,1
DA:558,1
DA:559,1
DA:560,1
DA:563,1
DA:564,1
DA:565,1
DA:568,1
DA:569,1
DA:572,1
DA:573,1
DA:574,1
DA:575,1
DA:576,1
DA:577,1
DA:578,1
DA:579,1
DA:580,1
DA:581,1
DA:582,1
DA:585,1
DA:586,1
DA:587,1
DA:588,1
DA:591,1
DA:592,1
DA:593,1
DA:595,1
DA:596,1
DA:599,1
DA:600,1
DA:601,1
DA:602,1
DA:603,1
DA:604,1
DA:605,1
DA:606,1
DA:607,1
DA:608,1
DA:609,1
DA:612,1
DA:613,1
DA:614,1
DA:615,1
DA:616,1
DA:617,1
DA:618,1
DA:619,1
DA:620,1
DA:621,1
DA:622,1
DA:625,1
DA:626,1
DA:627,1
DA:630,1
DA:631,1
DA:632,1
DA:633,1
DA:636,1
DA:637,1
DA:638,1
DA:640,1
DA:643,1
DA:644,1
DA:645,1
DA:648,1
DA:649,1
DA:650,1
DA:652,1
DA:655,5
DA:656,5
DA:657,5
DA:658,5
DA:659,5
DA:660,5
DA:661,5
DA:662,5
DA:663,5
DA:664,5
DA:665,5
DA:666,5
DA:669,1
DA:670,1
DA:671,1
DA:674,1
DA:675,1
DA:676,1
DA:678,1
DA:679,1
DA:682,3
DA:683,3
DA:684,3
DA:685,3
DA:686,3
DA:687,3
DA:688,3
DA:689,3
DA:690,3
DA:691,3
DA:692,3
DA:693,3
DA:697,1
DA:698,1
DA:701,1
DA:702,1
DA:703,1
DA:706,1
DA:707,1
DA:708,1
DA:711,1
DA:712,1
DA:713,1
DA:716,1
DA:717,1
DA:718,1
DA:720,1
DA:721,1
DA:723,1
DA:724,1
DA:725,1
DA:726,1
DA:727,1
DA:728,1
DA:729,1
DA:730,1
DA:731,1
DA:732,1
DA:735,1
DA:736,1
DA:737,1
DA:740,1
DA:741,1
DA:742,1
DA:743,1
DA:744,1
DA:745,1
DA:746,1
DA:747,1
DA:748,1
DA:749,1
DA:750,1
DA:751,1
DA:752,1
DA:753,1
BRF:0
BRH:0
LF:521
LH:441
end_of_record
SF:/nas/Temp/repos/GitForge/services/api/src/main.rs
FN:133,_RNCNCNvCsjzLBRuEI1RB_3api23graceful_shutdown_delay00B5_
FN:85,_RNCNvCsjzLBRuEI1RB_3api11load_config0B3_
FN:91,_RNCNvCsjzLBRuEI1RB_3api11load_configs0_0B3_
FN:87,_RNCNvCsjzLBRuEI1RB_3api11load_configs_0B3_
FN:124,_RNCNvCsjzLBRuEI1RB_3api22create_shutdown_future0B3_
FN:132,_RNCNvCsjzLBRuEI1RB_3api23graceful_shutdown_delay0B3_
FN:50,_RNCNCNvCsjzLBRuEI1RB_3api4main00B5_
FN:107,_RNCNvCsjzLBRuEI1RB_3api22spawn_shutdown_handler0B3_
FN:14,_RNCNvCsjzLBRuEI1RB_3api4main0B3_
FN:106,_RNvCsjzLBRuEI1RB_3api22spawn_shutdown_handler
FN:14,_RNvCsjzLBRuEI1RB_3api4main
FN:199,_RNCNCNvNtCsjzLBRuEI1RB_3api5testss_27test_create_shutdown_future00B7_
FN:194,_RNCNvNtCsjzLBRuEI1RB_3api5testss_27test_create_shutdown_future0B5_
FN:213,_RNCNvNtCsjzLBRuEI1RB_3api5testss_43test_graceful_shutdown_delay_does_not_panic0B5_
FN:145,_RNvNtCsjzLBRuEI1RB_3api5tests9clear_env
FN:152,_RNvNtCsjzLBRuEI1RB_3api5testss_25test_load_config_defaults
FN:163,_RNvNtCsjzLBRuEI1RB_3api5testss_25test_load_config_from_env
FN:194,_RNvNtCsjzLBRuEI1RB_3api5testss_27test_create_shutdown_future
FN:186,_RNvNtCsjzLBRuEI1RB_3api5testss_31test_create_shutdown_flag_clone
FN:180,_RNvNtCsjzLBRuEI1RB_3api5testss_39test_create_shutdown_flag_initial_state
FN:208,_RNvNtCsjzLBRuEI1RB_3api5testss_43test_graceful_shutdown_delay_does_not_panic
FN:84,_RNvCsjzLBRuEI1RB_3api11load_config
FN:101,_RNvCsjzLBRuEI1RB_3api20create_shutdown_flag
FN:124,_RNvCsjzLBRuEI1RB_3api22create_shutdown_future
FN:132,_RNvCsjzLBRuEI1RB_3api23graceful_shutdown_delay
FNDA:1,_RNCNCNvCsjzLBRuEI1RB_3api23graceful_shutdown_delay00B5_
FNDA:1,_RNCNvCsjzLBRuEI1RB_3api11load_config0B3_
FNDA:1,_RNCNvCsjzLBRuEI1RB_3api11load_configs0_0B3_
FNDA:1,_RNCNvCsjzLBRuEI1RB_3api11load_configs_0B3_
FNDA:1,_RNCNvCsjzLBRuEI1RB_3api22create_shutdown_future0B3_
FNDA:1,_RNCNvCsjzLBRuEI1RB_3api23graceful_shutdown_delay0B3_
FNDA:0,_RNCNCNvCsjzLBRuEI1RB_3api4main00B5_
FNDA:0,_RNCNvCsjzLBRuEI1RB_3api22spawn_shutdown_handler0B3_
FNDA:0,_RNCNvCsjzLBRuEI1RB_3api4main0B3_
FNDA:0,_RNvCsjzLBRuEI1RB_3api22spawn_shutdown_handler
FNDA:0,_RNvCsjzLBRuEI1RB_3api4main
FNDA:1,_RNCNCNvNtCsjzLBRuEI1RB_3api5testss_27test_create_shutdown_future00B7_
FNDA:1,_RNCNvNtCsjzLBRuEI1RB_3api5testss_27test_create_shutdown_future0B5_
FNDA:1,_RNCNvNtCsjzLBRuEI1RB_3api5testss_43test_graceful_shutdown_delay_does_not_panic0B5_
FNDA:3,_RNvNtCsjzLBRuEI1RB_3api5tests9clear_env
FNDA:1,_RNvNtCsjzLBRuEI1RB_3api5testss_25test_load_config_defaults
FNDA:1,_RNvNtCsjzLBRuEI1RB_3api5testss_25test_load_config_from_env
FNDA:1,_RNvNtCsjzLBRuEI1RB_3api5testss_27test_create_shutdown_future
FNDA:1,_RNvNtCsjzLBRuEI1RB_3api5testss_31test_create_shutdown_flag_clone
FNDA:1,_RNvNtCsjzLBRuEI1RB_3api5testss_39test_create_shutdown_flag_initial_state
FNDA:1,_RNvNtCsjzLBRuEI1RB_3api5testss_43test_graceful_shutdown_delay_does_not_panic
FNDA:2,_RNvCsjzLBRuEI1RB_3api11load_config
FNDA:3,_RNvCsjzLBRuEI1RB_3api20create_shutdown_flag
FNDA:1,_RNvCsjzLBRuEI1RB_3api22create_shutdown_future
FNDA:1,_RNvCsjzLBRuEI1RB_3api23graceful_shutdown_delay
FNF:25
FNH:20
DA:14,0
DA:16,0
DA:17,0
DA:18,0
DA:19,0
DA:21,0
DA:23,0
DA:26,0
DA:27,0
DA:30,0
DA:31,0
DA:32,0
DA:35,0
DA:37,0
DA:40,0
DA:41,0
DA:44,0
DA:47,0
DA:50,0
DA:51,0
DA:52,0
DA:53,0
DA:54,0
DA:57,0
DA:58,0
DA:59,0
DA:60,0
DA:61,0
DA:63,0
DA:64,0
DA:69,0
DA:70,0
DA:72,0
DA:73,0
DA:74,0
DA:84,2
DA:85,2
DA:86,2
DA:87,2
DA:88,2
DA:89,2
DA:90,2
DA:91,2
DA:93,2
DA:94,2
DA:95,2
DA:96,2
DA:97,2
DA:98,2
DA:101,3
DA:102,3
DA:103,3
DA:106,0
DA:107,0
DA:108,0
DA:109,0
DA:111,0
DA:112,0
DA:113,0
DA:115,0
DA:116,0
DA:119,0
DA:120,0
DA:121,0
DA:124,1
DA:125,2
DA:126,1
DA:128,1
DA:129,1
DA:132,1
DA:133,1
DA:134,1
DA:135,1
DA:136,1
DA:137,1
DA:138,1
DA:139,1
DA:145,3
DA:146,3
DA:147,3
DA:148,3
DA:149,3
DA:152,1
DA:154,1
DA:156,1
DA:157,1
DA:158,1
DA:159,1
DA:160,1
DA:163,1
DA:165,1
DA:166,1
DA:167,1
DA:168,1
DA:170,1
DA:171,1
DA:172,1
DA:173,1
DA:176,1
DA:177,1
DA:180,1
DA:181,1
DA:182,1
DA:183,1
DA:186,1
DA:187,1
DA:188,1
DA:189,1
DA:190,1
DA:191,1
DA:194,1
DA:195,1
DA:196,1
DA:199,1
DA:200,1
DA:201,1
DA:202,1
DA:204,1
DA:205,1
DA:208,1
DA:209,1
DA:210,1
DA:211,1
DA:212,1
DA:213,1
DA:214,1
DA:215,1
DA:216,1
BRF:0
BRH:0
LF:142
LH:91
end_of_record
SF:/nas/Temp/repos/GitForge/services/ci/src/main.rs
FN:203,_RNCNCNvCslbUaC1ZNHcv_2ci17handle_push_event00B5_
FN:56,_RNCNCNvCslbUaC1ZNHcv_2ci4main00B5_
FN:65,_RNCNCNvCslbUaC1ZNHcv_2ci4main0s_0B5_
FN:183,_RNCNvCslbUaC1ZNHcv_2ci17handle_push_event0B3_
FN:139,_RNCNvCslbUaC1ZNHcv_2ci18run_event_consumer0B3_
FN:101,_RNCNvCslbUaC1ZNHcv_2ci22spawn_shutdown_handler0B3_
FN:21,_RNCNvCslbUaC1ZNHcv_2ci4main0B3_
FN:179,_RNvCslbUaC1ZNHcv_2ci17handle_push_event
FN:134,_RNvCslbUaC1ZNHcv_2ci18run_event_consumer
FN:100,_RNvCslbUaC1ZNHcv_2ci22spawn_shutdown_handler
FN:21,_RNvCslbUaC1ZNHcv_2ci4main
FN:383,_RNCNCNvNtCslbUaC1ZNHcv_2ci5testss_27test_create_shutdown_future00B7_
FN:378,_RNCNvNtCslbUaC1ZNHcv_2ci5testss_27test_create_shutdown_future0B5_
FN:329,_RNCNvNtCslbUaC1ZNHcv_2ci5testss_40test_create_default_pipeline_build_steps0B5_
FN:330,_RNCNvNtCslbUaC1ZNHcv_2ci5testss_40test_create_default_pipeline_build_stepss_0B5_
FN:319,_RNCNvNtCslbUaC1ZNHcv_2ci5testss_41test_create_default_pipeline_has_test_job0B5_
FN:309,_RNCNvNtCslbUaC1ZNHcv_2ci5testss_42test_create_default_pipeline_has_build_job0B5_
FN:397,_RNCNvNtCslbUaC1ZNHcv_2ci5testss_43test_graceful_shutdown_delay_does_not_panic0B5_
FN:339,_RNCNvNtCslbUaC1ZNHcv_2ci5testss_50test_create_default_pipeline_test_depends_on_build0B5_
FN:126,_RNCNCNvCslbUaC1ZNHcv_2ci23graceful_shutdown_delay00B5_
FN:118,_RNCNvCslbUaC1ZNHcv_2ci22create_shutdown_future0B3_
FN:125,_RNCNvCslbUaC1ZNHcv_2ci23graceful_shutdown_delay0B3_
FN:378,_RNvNtCslbUaC1ZNHcv_2ci5testss_27test_create_shutdown_future
FN:295,_RNvNtCslbUaC1ZNHcv_2ci5testss_28test_create_default_pipeline
FN:370,_RNvNtCslbUaC1ZNHcv_2ci5testss_31test_create_shutdown_flag_clone
FN:354,_RNvNtCslbUaC1ZNHcv_2ci5testss_34test_create_default_pipeline_retry
FN:344,_RNvNtCslbUaC1ZNHcv_2ci5testss_36test_create_default_pipeline_timeout
FN:364,_RNvNtCslbUaC1ZNHcv_2ci5testss_39test_create_shutdown_flag_initial_state
FN:326,_RNvNtCslbUaC1ZNHcv_2ci5testss_40test_create_default_pipeline_build_steps
FN:316,_RNvNtCslbUaC1ZNHcv_2ci5testss_41test_create_default_pipeline_has_test_job
FN:306,_RNvNtCslbUaC1ZNHcv_2ci5testss_42test_create_default_pipeline_has_build_job
FN:392,_RNvNtCslbUaC1ZNHcv_2ci5testss_43test_graceful_shutdown_delay_does_not_panic
FN:336,_RNvNtCslbUaC1ZNHcv_2ci5testss_50test_create_default_pipeline_test_depends_on_build
FN:95,_RNvCslbUaC1ZNHcv_2ci20create_shutdown_flag
FN:118,_RNvCslbUaC1ZNHcv_2ci22create_shutdown_future
FN:238,_RNvCslbUaC1ZNHcv_2ci23create_default_pipeline
FN:125,_RNvCslbUaC1ZNHcv_2ci23graceful_shutdown_delay
FNDA:0,_RNCNCNvCslbUaC1ZNHcv_2ci17handle_push_event00B5_
FNDA:0,_RNCNCNvCslbUaC1ZNHcv_2ci4main00B5_
FNDA:0,_RNCNCNvCslbUaC1ZNHcv_2ci4main0s_0B5_
FNDA:0,_RNCNvCslbUaC1ZNHcv_2ci17handle_push_event0B3_
FNDA:0,_RNCNvCslbUaC1ZNHcv_2ci18run_event_consumer0B3_
FNDA:0,_RNCNvCslbUaC1ZNHcv_2ci22spawn_shutdown_handler0B3_
FNDA:0,_RNCNvCslbUaC1ZNHcv_2ci4main0B3_
FNDA:0,_RNvCslbUaC1ZNHcv_2ci17handle_push_event
FNDA:0,_RNvCslbUaC1ZNHcv_2ci18run_event_consumer
FNDA:0,_RNvCslbUaC1ZNHcv_2ci22spawn_shutdown_handler
FNDA:0,_RNvCslbUaC1ZNHcv_2ci4main
FNDA:1,_RNCNCNvNtCslbUaC1ZNHcv_2ci5testss_27test_create_shutdown_future00B7_
FNDA:1,_RNCNvNtCslbUaC1ZNHcv_2ci5testss_27test_create_shutdown_future0B5_
FNDA:1,_RNCNvNtCslbUaC1ZNHcv_2ci5testss_40test_create_default_pipeline_build_steps0B5_
FNDA:2,_RNCNvNtCslbUaC1ZNHcv_2ci5testss_40test_create_default_pipeline_build_stepss_0B5_
FNDA:2,_RNCNvNtCslbUaC1ZNHcv_2ci5testss_41test_create_default_pipeline_has_test_job0B5_
FNDA:1,_RNCNvNtCslbUaC1ZNHcv_2ci5testss_42test_create_default_pipeline_has_build_job0B5_
FNDA:1,_RNCNvNtCslbUaC1ZNHcv_2ci5testss_43test_graceful_shutdown_delay_does_not_panic0B5_
FNDA:2,_RNCNvNtCslbUaC1ZNHcv_2ci5testss_50test_create_default_pipeline_test_depends_on_build0B5_
FNDA:1,_RNCNCNvCslbUaC1ZNHcv_2ci23graceful_shutdown_delay00B5_
FNDA:1,_RNCNvCslbUaC1ZNHcv_2ci22create_shutdown_future0B3_
FNDA:1,_RNCNvCslbUaC1ZNHcv_2ci23graceful_shutdown_delay0B3_
FNDA:1,_RNvNtCslbUaC1ZNHcv_2ci5testss_27test_create_shutdown_future
FNDA:1,_RNvNtCslbUaC1ZNHcv_2ci5testss_28test_create_default_pipeline
FNDA:1,_RNvNtCslbUaC1ZNHcv_2ci5testss_31test_create_shutdown_flag_clone
FNDA:1,_RNvNtCslbUaC1ZNHcv_2ci5testss_34test_create_default_pipeline_retry
FNDA:1,_RNvNtCslbUaC1ZNHcv_2ci5testss_36test_create_default_pipeline_timeout
FNDA:1,_RNvNtCslbUaC1ZNHcv_2ci5testss_39test_create_shutdown_flag_initial_state
FNDA:1,_RNvNtCslbUaC1ZNHcv_2ci5testss_40test_create_default_pipeline_build_steps
FNDA:1,_RNvNtCslbUaC1ZNHcv_2ci5testss_41test_create_default_pipeline_has_test_job
FNDA:1,_RNvNtCslbUaC1ZNHcv_2ci5testss_42test_create_default_pipeline_has_build_job
FNDA:1,_RNvNtCslbUaC1ZNHcv_2ci5testss_43test_graceful_shutdown_delay_does_not_panic
FNDA:1,_RNvNtCslbUaC1ZNHcv_2ci5testss_50test_create_default_pipeline_test_depends_on_build
FNDA:3,_RNvCslbUaC1ZNHcv_2ci20create_shutdown_flag
FNDA:1,_RNvCslbUaC1ZNHcv_2ci22create_shutdown_future
FNDA:7,_RNvCslbUaC1ZNHcv_2ci23create_default_pipeline
FNDA:1,_RNvCslbUaC1ZNHcv_2ci23graceful_shutdown_delay
FNF:37
FNH:26
DA:21,0
DA:23,0
DA:24,0
DA:25,0
DA:26,0
DA:28,0
DA:30,0
DA:33,0
DA:36,0
DA:39,0
DA:40,0
DA:43,0
DA:44,0
DA:45,0
DA:48,0
DA:49,0
DA:52,0
DA:55,0
DA:56,0
DA:57,0
DA:58,0
DA:59,0
DA:60,0
DA:63,0
DA:64,0
DA:65,0
DA:66,0
DA:68,0
DA:69,0
DA:70,0
DA:71,0
DA:72,0
DA:73,0
DA:75,0
DA:77,0
DA:80,0
DA:83,0
DA:85,0
DA:88,0
DA:90,0
DA:91,0
DA:92,0
DA:95,3
DA:96,3
DA:97,3
DA:100,0
DA:101,0
DA:102,0
DA:103,0
DA:105,0
DA:106,0
DA:107,0
DA:109,0
DA:110,0
DA:113,0
DA:114,0
DA:115,0
DA:118,1
DA:119,2
DA:120,1
DA:122,1
DA:125,1
DA:126,1
DA:127,1
DA:128,1
DA:129,1
DA:130,1
DA:131,1
DA:134,0
DA:135,0
DA:136,0
DA:137,0
DA:138,0
DA:139,0
DA:140,0
DA:143,0
DA:144,0
DA:147,0
DA:148,0
DA:149,0
DA:150,0
DA:152,0
DA:153,0
DA:154,0
DA:155,0
DA:156,0
DA:158,0
DA:159,0
DA:160,0
DA:161,0
DA:162,0
DA:163,0
DA:164,0
DA:167,0
DA:168,0
DA:175,0
DA:176,0
DA:179,0
DA:180,0
DA:181,0
DA:182,0
DA:183,0
DA:185,0
DA:186,0
DA:189,0
DA:190,0
DA:192,0
DA:201,0
DA:202,0
DA:203,0
DA:204,0
DA:205,0
DA:209,0
DA:210,0
DA:211,0
DA:212,0
DA:213,0
DA:214,0
DA:217,0
DA:218,0
DA:220,0
DA:223,0
DA:224,0
DA:226,0
DA:227,0
DA:228,0
DA:229,0
DA:230,0
DA:231,0
DA:234,0
DA:235,0
DA:238,7
DA:239,7
DA:240,7
DA:241,7
DA:242,7
DA:243,7
DA:244,7
DA:245,7
DA:246,7
DA:247,7
DA:248,7
DA:249,7
DA:250,7
DA:251,7
DA:252,7
DA:253,7
DA:254,7
DA:255,7
DA:256,7
DA:257,7
DA:258,7
DA:259,7
DA:260,7
DA:261,7
DA:262,7
DA:263,7
DA:264,7
DA:265,7
DA:266,7
DA:267,7
DA:268,7
DA:269,7
DA:270,7
DA:271,7
DA:272,7
DA:273,7
DA:274,7
DA:275,7
DA:276,7
DA:277,7
DA:278,7
DA:279,7
DA:280,7
DA:281,7
DA:282,7
DA:283,7
DA:284,7
DA:285,7
DA:286,7
DA:287,7
DA:288,7
DA:295,1
DA:296,1
DA:298,1
DA:299,1
DA:300,1
DA:301,1
DA:302,1
DA:303,1
DA:306,1
DA:307,1
DA:309,1
DA:310,1
DA:311,1
DA:312,1
DA:313,1
DA:316,1
DA:317,1
DA:319,2
DA:320,1
DA:321,1
DA:322,1
DA:323,1
DA:326,1
DA:327,1
DA:329,1
DA:330,2
DA:331,1
DA:332,1
DA:333,1
DA:336,1
DA:337,1
DA:339,2
DA:340,1
DA:341,1
DA:344,1
DA:345,1
DA:347,2
DA:348,2
DA:349,2
DA:351,1
DA:354,1
DA:355,1
DA:357,2
DA:358,2
DA:359,2
DA:361,1
DA:364,1
DA:365,1
DA:366,1
DA:367,1
DA:370,1
DA:371,1
DA:372,1
DA:373,1
DA:374,1
DA:375,1
DA:378,1
DA:379,1
DA:380,1
DA:383,1
DA:384,1
DA:385,1
DA:386,1
DA:388,1
DA:389,1
DA:392,1
DA:393,1
DA:394,1
DA:395,1
DA:396,1
DA:397,1
DA:398,1
DA:399,1
DA:400,1
BRF:0
BRH:0
LF:277
LH:151
end_of_record
SF:/nas/Temp/repos/GitForge/services/git-server/src/main.rs
FN:68,_RNvCs3wuPwiuHEvw_10git_server12get_git_root
FN:73,_RNvCs3wuPwiuHEvw_10git_server20create_shutdown_flag
FN:96,_RNvCs3wuPwiuHEvw_10git_server22create_shutdown_future
FN:103,_RNvCs3wuPwiuHEvw_10git_server23graceful_shutdown_delay
FN:104,_RNCNCNvCs3wuPwiuHEvw_10git_server23graceful_shutdown_delay00B5_
FN:69,_RNCNvCs3wuPwiuHEvw_10git_server12get_git_root0B3_
FN:96,_RNCNvCs3wuPwiuHEvw_10git_server22create_shutdown_future0B3_
FN:103,_RNCNvCs3wuPwiuHEvw_10git_server23graceful_shutdown_delay0B3_
FN:79,_RNCNvCs3wuPwiuHEvw_10git_server22spawn_shutdown_handler0B3_
FN:14,_RNCNvCs3wuPwiuHEvw_10git_server4main0B3_
FN:78,_RNvCs3wuPwiuHEvw_10git_server22spawn_shutdown_handler
FN:14,_RNvCs3wuPwiuHEvw_10git_server4main
FN:164,_RNCNCNvNtCs3wuPwiuHEvw_10git_server5testss_27test_create_shutdown_future00B7_
FN:159,_RNCNvNtCs3wuPwiuHEvw_10git_server5testss_27test_create_shutdown_future0B5_
FN:153,_RNCNvNtCs3wuPwiuHEvw_10git_server5testss_43test_graceful_shutdown_delay_does_not_panic0B5_
FN:116,_RNvNtCs3wuPwiuHEvw_10git_server5testss_25test_get_git_root_default
FN:124,_RNvNtCs3wuPwiuHEvw_10git_server5testss_26test_get_git_root_from_env
FN:159,_RNvNtCs3wuPwiuHEvw_10git_server5testss_27test_create_shutdown_future
FN:139,_RNvNtCs3wuPwiuHEvw_10git_server5testss_31test_create_shutdown_flag_clone
FN:133,_RNvNtCs3wuPwiuHEvw_10git_server5testss_39test_create_shutdown_flag_initial_state
FN:147,_RNvNtCs3wuPwiuHEvw_10git_server5testss_43test_graceful_shutdown_delay_does_not_panic
FNDA:2,_RNvCs3wuPwiuHEvw_10git_server12get_git_root
FNDA:3,_RNvCs3wuPwiuHEvw_10git_server20create_shutdown_flag
FNDA:1,_RNvCs3wuPwiuHEvw_10git_server22create_shutdown_future
FNDA:1,_RNvCs3wuPwiuHEvw_10git_server23graceful_shutdown_delay
FNDA:1,_RNCNCNvCs3wuPwiuHEvw_10git_server23graceful_shutdown_delay00B5_
FNDA:1,_RNCNvCs3wuPwiuHEvw_10git_server12get_git_root0B3_
FNDA:1,_RNCNvCs3wuPwiuHEvw_10git_server22create_shutdown_future0B3_
FNDA:1,_RNCNvCs3wuPwiuHEvw_10git_server23graceful_shutdown_delay0B3_
FNDA:0,_RNCNvCs3wuPwiuHEvw_10git_server22spawn_shutdown_handler0B3_
FNDA:0,_RNCNvCs3wuPwiuHEvw_10git_server4main0B3_
FNDA:0,_RNvCs3wuPwiuHEvw_10git_server22spawn_shutdown_handler
FNDA:0,_RNvCs3wuPwiuHEvw_10git_server4main
FNDA:1,_RNCNCNvNtCs3wuPwiuHEvw_10git_server5testss_27test_create_shutdown_future00B7_
FNDA:1,_RNCNvNtCs3wuPwiuHEvw_10git_server5testss_27test_create_shutdown_future0B5_
FNDA:1,_RNCNvNtCs3wuPwiuHEvw_10git_server5testss_43test_graceful_shutdown_delay_does_not_panic0B5_
FNDA:1,_RNvNtCs3wuPwiuHEvw_10git_server5testss_25test_get_git_root_default
FNDA:1,_RNvNtCs3wuPwiuHEvw_10git_server5testss_26test_get_git_root_from_env
FNDA:1,_RNvNtCs3wuPwiuHEvw_10git_server5testss_27test_create_shutdown_future
FNDA:1,_RNvNtCs3wuPwiuHEvw_10git_server5testss_31test_create_shutdown_flag_clone
FNDA:1,_RNvNtCs3wuPwiuHEvw_10git_server5testss_39test_create_shutdown_flag_initial_state
FNDA:1,_RNvNtCs3wuPwiuHEvw_10git_server5testss_43test_graceful_shutdown_delay_does_not_panic
FNF:21
FNH:17
DA:14,0
DA:16,0
DA:17,0
DA:18,0
DA:19,0
DA:21,0
DA:23,0
DA:26,0
DA:27,0
DA:30,0
DA:31,0
DA:34,0
DA:37,0
DA:40,0
DA:42,0
DA:45,0
DA:46,0
DA:49,0
DA:52,0
DA:53,0
DA:56,0
DA:58,0
DA:61,0
DA:63,0
DA:64,0
DA:65,0
DA:68,2
DA:69,2
DA:70,2
DA:73,3
DA:74,3
DA:75,3
DA:78,0
DA:79,0
DA:80,0
DA:81,0
DA:83,0
DA:84,0
DA:85,0
DA:87,0
DA:88,0
DA:91,0
DA:92,0
DA:93,0
DA:96,1
DA:97,2
DA:98,1
DA:100,1
DA:103,1
DA:104,1
DA:105,1
DA:106,1
DA:107,1
DA:108,1
DA:109,1
DA:116,1
DA:118,1
DA:119,1
DA:120,1
DA:121,1
DA:124,1
DA:126,1
DA:127,1
DA:128,1
DA:129,1
DA:130,1
DA:133,1
DA:134,1
DA:135,1
DA:136,1
DA:139,1
DA:140,1
DA:141,1
DA:142,1
DA:143,1
DA:144,1
DA:147,1
DA:149,1
DA:150,1
DA:151,1
DA:152,1
DA:153,1
DA:154,1
DA:155,1
DA:156,1
DA:159,1
DA:160,1
DA:161,1
DA:164,1
DA:165,1
DA:166,1
DA:167,1
DA:169,1
DA:170,1
BRF:0
BRH:0
LF:105
LH:64
end_of_record
SF:/nas/Temp/repos/GitForge/services/runner/src/main.rs
FN:97,_RNCNCNvCsgFmPQOTJifR_6runner23graceful_shutdown_delay00B5_
FN:89,_RNCNvCsgFmPQOTJifR_6runner22create_shutdown_future0B3_
FN:96,_RNCNvCsgFmPQOTJifR_6runner23graceful_shutdown_delay0B3_
FN:134,_RNvNtCsgFmPQOTJifR_6runner5testss_27test_create_shutdown_future
FN:115,_RNvNtCsgFmPQOTJifR_6runner5testss_31test_create_shutdown_flag_clone
FN:109,_RNvNtCsgFmPQOTJifR_6runner5testss_39test_create_shutdown_flag_initial_state
FN:123,_RNvNtCsgFmPQOTJifR_6runner5testss_43test_graceful_shutdown_delay_does_not_panic
FN:72,_RNCNvCsgFmPQOTJifR_6runner22spawn_shutdown_handler0B3_
FN:13,_RNCNvCsgFmPQOTJifR_6runner4main0B3_
FN:71,_RNvCsgFmPQOTJifR_6runner22spawn_shutdown_handler
FN:13,_RNvCsgFmPQOTJifR_6runner4main
FN:66,_RNvCsgFmPQOTJifR_6runner20create_shutdown_flag
FN:89,_RNvCsgFmPQOTJifR_6runner22create_shutdown_future
FN:96,_RNvCsgFmPQOTJifR_6runner23graceful_shutdown_delay
FN:139,_RNCNCNvNtCsgFmPQOTJifR_6runner5testss_27test_create_shutdown_future00B7_
FN:134,_RNCNvNtCsgFmPQOTJifR_6runner5testss_27test_create_shutdown_future0B5_
FN:128,_RNCNvNtCsgFmPQOTJifR_6runner5testss_43test_graceful_shutdown_delay_does_not_panic0B5_
FNDA:1,_RNCNCNvCsgFmPQOTJifR_6runner23graceful_shutdown_delay00B5_
FNDA:1,_RNCNvCsgFmPQOTJifR_6runner22create_shutdown_future0B3_
FNDA:1,_RNCNvCsgFmPQOTJifR_6runner23graceful_shutdown_delay0B3_
FNDA:1,_RNvNtCsgFmPQOTJifR_6runner5testss_27test_create_shutdown_future
FNDA:1,_RNvNtCsgFmPQOTJifR_6runner5testss_31test_create_shutdown_flag_clone
FNDA:1,_RNvNtCsgFmPQOTJifR_6runner5testss_39test_create_shutdown_flag_initial_state
FNDA:1,_RNvNtCsgFmPQOTJifR_6runner5testss_43test_graceful_shutdown_delay_does_not_panic
FNDA:0,_RNCNvCsgFmPQOTJifR_6runner22spawn_shutdown_handler0B3_
FNDA:0,_RNCNvCsgFmPQOTJifR_6runner4main0B3_
FNDA:0,_RNvCsgFmPQOTJifR_6runner22spawn_shutdown_handler
FNDA:0,_RNvCsgFmPQOTJifR_6runner4main
FNDA:3,_RNvCsgFmPQOTJifR_6runner20create_shutdown_flag
FNDA:1,_RNvCsgFmPQOTJifR_6runner22create_shutdown_future
FNDA:1,_RNvCsgFmPQOTJifR_6runner23graceful_shutdown_delay
FNDA:1,_RNCNCNvNtCsgFmPQOTJifR_6runner5testss_27test_create_shutdown_future00B7_
FNDA:1,_RNCNvNtCsgFmPQOTJifR_6runner5testss_27test_create_shutdown_future0B5_
FNDA:1,_RNCNvNtCsgFmPQOTJifR_6runner5testss_43test_graceful_shutdown_delay_does_not_panic0B5_
FNF:17
FNH:13
DA:13,0
DA:15,0
DA:16,0
DA:17,0
DA:18,0
DA:20,0
DA:22,0
DA:25,0
DA:28,0
DA:31,0
DA:32,0
DA:35,0
DA:37,0
DA:40,0
DA:41,0
DA:44,0
DA:47,0
DA:48,0
DA:51,0
DA:53,0
DA:56,0
DA:59,0
DA:61,0
DA:62,0
DA:63,0
DA:66,3
DA:67,3
DA:68,3
DA:71,0
DA:72,0
DA:73,0
DA:74,0
DA:76,0
DA:77,0
DA:78,0
DA:80,0
DA:81,0
DA:84,0
DA:85,0
DA:86,0
DA:89,1
DA:90,2
DA:91,1
DA:93,1
DA:96,1
DA:97,1
DA:98,1
DA:99,1
DA:100,1
DA:101,1
DA:102,1
DA:109,1
DA:110,1
DA:111,1
DA:112,1
DA:115,1
DA:116,1
DA:117,1
DA:118,1
DA:119,1
DA:120,1
DA:123,1
DA:124,1
DA:125,1
DA:126,1
DA:127,1
DA:128,1
DA:129,1
DA:130,1
DA:131,1
DA:134,1
DA:135,1
DA:136,1
DA:139,1
DA:140,1
DA:141,1
DA:142,1
DA:144,1
DA:145,1
BRF:0
BRH:0
LF:89
LH:49
end_of_record