TN:
SF:/nas/Temp/repos/GitForge/crates/gitforce-api/src/auth.rs
FN:27,Claims::new
FN:40,Claims::is_expired
FN:56,ApiAuth::new
FN:68,ApiAuth::generate_token
FN:78,ApiAuth::validate_token
FN:92,ApiAuth::extract_token
FNF:6
FNDA:0,Claims::new
FNDA:0,Claims::is_expired
FNDA:0,ApiAuth::new
FNDA:0,ApiAuth::generate_token
FNDA:0,ApiAuth::validate_token
FNDA:0,ApiAuth::extract_token
DA:27,0
DA:28,0
DA:30,0
DA:32,0
DA:33,0
DA:34,0
DA:35,0
DA:40,0
DA:41,0
DA:56,0
DA:57,0
DA:58,0
DA:61,0
DA:68,0
DA:69,0
DA:71,0
DA:72,0
DA:74,0
DA:78,0
DA:79,0
DA:80,0
DA:82,0
DA:84,0
DA:85,0
DA:88,0
DA:92,0
DA:93,0
LF:27
LH:0
end_of_record
TN:
SF:/nas/Temp/repos/GitForge/crates/gitforce-api/src/metrics.rs
FN:44,Metrics::new
FN:200,Metrics::record_http_request
FN:207,Metrics::record_http_duration
FN:214,Metrics::record_repo_operation
FN:221,Metrics::record_pipeline_run
FN:228,Metrics::record_job_duration
FN:233,Metrics::record_job_assignment
FN:238,Metrics::record_event_published
FN:245,Metrics::record_event_consumed
FN:252,Metrics::record_artifact_size
FN:258,<impl Default for Metrics>::default
FNF:11
FNDA:0,Metrics::new
FNDA:0,Metrics::record_http_request
FNDA:0,Metrics::record_http_duration
FNDA:0,Metrics::record_repo_operation
FNDA:0,Metrics::record_pipeline_run
FNDA:0,Metrics::record_job_duration
FNDA:0,Metrics::record_job_assignment
FNDA:0,Metrics::record_event_published
FNDA:0,Metrics::record_event_consumed
FNDA:0,Metrics::record_artifact_size
FNDA:0,<impl Default for Metrics>::default
DA:44,0
DA:45,0
DA:49,0
DA:54,0
DA:58,0
DA:62,0
DA:67,0
DA:71,0
DA:74,0
DA:78,0
DA:83,0
DA:87,0
DA:90,0
DA:94,0
DA:99,0
DA:102,0
DA:105,0
DA:109,0
DA:110,0
DA:114,0
DA:118,0
DA:121,0
DA:124,0
DA:127,0
DA:130,0
DA:133,0
DA:136,0
DA:140,0
DA:145,0
DA:150,0
DA:154,0
DA:159,0
DA:163,0
DA:166,0
DA:170,0
DA:171,0
DA:175,0
DA:200,0
DA:201,0
DA:202,0
DA:207,0
DA:208,0
DA:209,0
DA:210,0
DA:214,0
DA:215,0
DA:216,0
DA:221,0
DA:222,0
DA:223,0
DA:228,0
DA:229,0
DA:233,0
DA:234,0
DA:238,0
DA:239,0
DA:240,0
DA:245,0
DA:246,0
DA:247,0
DA:252,0
DA:253,0
DA:258,0
DA:259,0
LF:64
LH:0
end_of_record
TN:
SF:/nas/Temp/repos/GitForge/crates/gitforce-api/src/metrics_middleware.rs
FN:28,MetricsMiddleware<S>::new
FN:42,<impl Service for MetricsMiddleware<S>>::poll_ready
FN:47,<impl Service for MetricsMiddleware<S>>::call
FN:83,MetricsLayer::new
FN:91,<impl Layer for MetricsLayer>::layer
FN:101,normalize_path
FN:118,is_id_segment
FN:133,is_uuid
FNF:8
FNDA:0,MetricsMiddleware<S>::new
FNDA:0,<impl Service for MetricsMiddleware<S>>::poll_ready
FNDA:0,<impl Service for MetricsMiddleware<S>>::call
FNDA:0,MetricsLayer::new
FNDA:0,<impl Layer for MetricsLayer>::layer
FNDA:0,normalize_path
FNDA:0,is_id_segment
FNDA:0,is_uuid
DA:28,0
DA:42,0
DA:44,0
DA:47,0
DA:48,0
DA:49,0
DA:52,0
DA:55,0
DA:56,0
DA:59,0
DA:60,0
DA:63,0
DA:65,0
DA:67,0
DA:68,0
DA:70,0
DA:83,0
DA:91,0
DA:92,0
DA:101,0
DA:102,0
DA:103,0
DA:106,0
DA:107,0
DA:108,0
DA:110,0
DA:114,0
DA:118,0
DA:120,0
DA:121,0
DA:125,0
DA:126,0
DA:129,0
DA:133,0
DA:135,0
DA:136,0
DA:137,0
DA:140,0
DA:141,0
DA:142,0
DA:143,0
DA:146,0
LF:42
LH:0
end_of_record
TN:
SF:/nas/Temp/repos/GitForge/crates/gitforce-api/src/middleware.rs
FN:30,auth_middleware
FN:78,auth_error_response
FN:98,<impl FromRequestParts for AuthenticatedUser>::from_request_parts
FNF:3
FNDA:0,auth_middleware
FNDA:0,auth_error_response
FNDA:0,<impl FromRequestParts for AuthenticatedUser>::from_request_parts
DA:30,0
DA:35,0
DA:38,0
DA:39,0
DA:40,0
DA:45,0
DA:48,0
DA:50,0
DA:51,0
DA:52,0
DA:54,0
DA:58,0
DA:63,0
DA:64,0
DA:66,0
DA:67,0
DA:68,0
DA:70,0
DA:71,0
DA:72,0
DA:78,0
DA:79,0
DA:80,0
DA:81,0
DA:82,0
DA:98,0
DA:99,0
DA:100,0
DA:103,0
DA:104,0
DA:105,0
DA:106,0
DA:107,0
DA:110,0
LF:34
LH:0
end_of_record
TN:
SF:/nas/Temp/repos/GitForge/crates/gitforce-api/src/openapi.rs
FN:13,get_openapi_spec
FN:427,openapi_spec
FN:432,swagger_ui
FN:465,api_docs_routes
FNF:4
FNDA:0,get_openapi_spec
FNDA:0,openapi_spec
FNDA:0,swagger_ui
FNDA:0,api_docs_routes
DA:13,0
DA:14,0
DA:427,0
DA:428,0
DA:432,0
DA:433,0
DA:465,0
DA:466,0
DA:467,0
DA:468,0
LF:10
LH:0
end_of_record
TN:
SF:/nas/Temp/repos/GitForge/crates/gitforce-api/src/routes/artifacts.rs
FN:30,artifact_routes
FN:38,extract_user
FN:54,artifact_to_response
FN:67,list_artifacts
FN:83,get_artifact
FN:122,delete_artifact
FN:158,get_job_artifacts
FNF:7
FNDA:0,artifact_routes
FNDA:0,extract_user
FNDA:0,artifact_to_response
FNDA:0,list_artifacts
FNDA:0,get_artifact
FNDA:0,delete_artifact
FNDA:0,get_job_artifacts
DA:30,0
DA:31,0
DA:32,0
DA:33,0
DA:34,0
DA:38,0
DA:41,0
DA:43,0
DA:44,0
DA:45,0
DA:47,0
DA:48,0
DA:50,0
DA:54,0
DA:56,0
DA:57,0
DA:58,0
DA:59,0
DA:60,0
DA:61,0
DA:62,0
DA:67,0
DA:72,0
DA:73,0
DA:75,0
DA:77,0
DA:83,0
DA:89,0
DA:90,0
DA:92,0
DA:94,0
DA:95,0
DA:97,0
DA:98,0
DA:99,0
DA:100,0
DA:104,0
DA:105,0
DA:106,0
DA:107,0
DA:109,0
DA:110,0
DA:111,0
DA:112,0
DA:113,0
DA:114,0
DA:122,0
DA:128,0
DA:129,0
DA:131,0
DA:133,0
DA:134,0
DA:136,0
DA:137,0
DA:138,0
DA:139,0
DA:143,0
DA:144,0
DA:145,0
DA:146,0
DA:147,0
DA:148,0
DA:149,0
DA:150,0
DA:158,0
DA:164,0
DA:165,0
DA:167,0
DA:169,0
LF:69
LH:0
end_of_record
TN:
SF:/nas/Temp/repos/GitForge/crates/gitforce-api/src/routes/ci.rs
FN:41,ci_routes
FN:53,extract_user
FN:69,list_pipelines
FN:100,get_pipeline
FN:151,list_pipeline_runs
FN:184,get_pipeline_run
FN:237,get_pipeline_run_jobs
FN:286,get_job
FN:338,get_job_logs
FNF:9
FNDA:0,ci_routes
FNDA:0,extract_user
FNDA:0,list_pipelines
FNDA:0,get_pipeline
FNDA:0,list_pipeline_runs
FNDA:0,get_pipeline_run
FNDA:0,get_pipeline_run_jobs
FNDA:0,get_job
FNDA:0,get_job_logs
DA:41,0
DA:42,0
DA:43,0
DA:44,0
DA:45,0
DA:46,0
DA:47,0
DA:48,0
DA:49,0
DA:53,0
DA:56,0
DA:58,0
DA:59,0
DA:60,0
DA:62,0
DA:63,0
DA:65,0
DA:69,0
DA:74,0
DA:75,0
DA:77,0
DA:78,0
DA:79,0
DA:80,0
DA:81,0
DA:82,0
DA:85,0
DA:87,0
DA:88,0
DA:90,0
DA:91,0
DA:92,0
DA:100,0
DA:106,0
DA:107,0
DA:109,0
DA:111,0
DA:112,0
DA:113,0
DA:114,0
DA:115,0
DA:116,0
DA:117,0
DA:118,0
DA:121,0
DA:122,0
DA:125,0
DA:128,0
DA:130,0
DA:131,0
DA:132,0
DA:134,0
DA:135,0
DA:140,0
DA:143,0
DA:151,0
DA:156,0
DA:157,0
DA:159,0
DA:160,0
DA:161,0
DA:162,0
DA:163,0
DA:164,0
DA:168,0
DA:169,0
DA:171,0
DA:172,0
DA:174,0
DA:175,0
DA:176,0
DA:184,0
DA:190,0
DA:191,0
DA:193,0
DA:195,0
DA:196,0
DA:197,0
DA:198,0
DA:199,0
DA:200,0
DA:201,0
DA:202,0
DA:206,0
DA:207,0
DA:208,0
DA:211,0
DA:214,0
DA:216,0
DA:217,0
DA:218,0
DA:220,0
DA:221,0
DA:226,0
DA:229,0
DA:237,0
DA:243,0
DA:244,0
DA:246,0
DA:248,0
DA:249,0
DA:250,0
DA:251,0
DA:252,0
DA:253,0
DA:254,0
DA:255,0
DA:258,0
DA:259,0
DA:260,0
DA:262,0
DA:263,0
DA:265,0
DA:266,0
DA:267,0
DA:269,0
DA:270,0
DA:275,0
DA:278,0
DA:286,0
DA:292,0
DA:293,0
DA:295,0
DA:297,0
DA:298,0
DA:299,0
DA:300,0
DA:301,0
DA:302,0
DA:303,0
DA:306,0
DA:307,0
DA:308,0
DA:309,0
DA:312,0
DA:315,0
DA:317,0
DA:318,0
DA:319,0
DA:321,0
DA:322,0
DA:327,0
DA:330,0
DA:338,0
DA:343,0
DA:344,0
DA:346,0
DA:347,0
DA:350,0
LF:149
LH:0
end_of_record
TN:
SF:/nas/Temp/repos/GitForge/crates/gitforce-api/src/routes/repo.rs
FN:37,repo_routes
FN:44,extract_user
FN:60,list_repos
FN:92,create_repo
FN:138,get_repo
FN:193,delete_repo
FNF:6
FNDA:0,repo_routes
FNDA:0,extract_user
FNDA:0,list_repos
FNDA:0,create_repo
FNDA:0,get_repo
FNDA:0,delete_repo
DA:37,0
DA:38,0
DA:39,0
DA:40,0
DA:44,0
DA:47,0
DA:49,0
DA:50,0
DA:51,0
DA:53,0
DA:54,0
DA:56,0
DA:60,0
DA:66,0
DA:67,0
DA:69,0
DA:70,0
DA:71,0
DA:72,0
DA:73,0
DA:74,0
DA:75,0
DA:76,0
DA:77,0
DA:78,0
DA:79,0
DA:80,0
DA:82,0
DA:83,0
DA:84,0
DA:92,0
DA:99,0
DA:100,0
DA:101,0
DA:104,0
DA:106,0
DA:109,0
DA:110,0
DA:111,0
DA:114,0
DA:117,0
DA:118,0
DA:119,0
DA:120,0
DA:121,0
DA:122,0
DA:123,0
DA:125,0
DA:127,0
DA:128,0
DA:129,0
DA:131,0
DA:132,0
DA:138,0
DA:145,0
DA:146,0
DA:148,0
DA:150,0
DA:151,0
DA:152,0
DA:153,0
DA:154,0
DA:156,0
DA:157,0
DA:158,0
DA:159,0
DA:160,0
DA:161,0
DA:162,0
DA:164,0
DA:167,0
DA:170,0
DA:172,0
DA:173,0
DA:174,0
DA:176,0
DA:177,0
DA:182,0
DA:185,0
DA:193,0
DA:200,0
DA:201,0
DA:203,0
DA:205,0
DA:206,0
DA:207,0
DA:208,0
DA:209,0
DA:210,0
DA:211,0
DA:212,0
DA:214,0
DA:215,0
DA:220,0
DA:223,0
LF:95
LH:0
end_of_record
TN:
SF:/nas/Temp/repos/GitForge/crates/gitforce-api/src/routes/runners.rs
FN:30,runner_routes
FN:37,extract_user
FN:53,list_runners
FN:83,register_runner
FN:125,get_runner
FNF:5
FNDA:0,runner_routes
FNDA:0,extract_user
FNDA:0,list_runners
FNDA:0,register_runner
FNDA:0,get_runner
DA:30,0
DA:31,0
DA:32,0
DA:33,0
DA:37,0
DA:40,0
DA:42,0
DA:43,0
DA:44,0
DA:46,0
DA:47,0
DA:49,0
DA:53,0
DA:58,0
DA:59,0
DA:61,0
DA:62,0
DA:63,0
DA:64,0
DA:65,0
DA:66,0
DA:67,0
DA:68,0
DA:69,0
DA:70,0
DA:71,0
DA:73,0
DA:74,0
DA:75,0
DA:83,0
DA:87,0
DA:89,0
DA:90,0
DA:91,0
DA:93,0
DA:94,0
DA:95,0
DA:96,0
DA:97,0
DA:100,0
DA:102,0
DA:105,0
DA:106,0
DA:107,0
DA:108,0
DA:109,0
DA:110,0
DA:112,0
DA:114,0
DA:115,0
DA:116,0
DA:118,0
DA:119,0
DA:125,0
DA:131,0
DA:132,0
DA:134,0
DA:136,0
DA:137,0
DA:138,0
DA:139,0
DA:140,0
DA:141,0
DA:142,0
DA:143,0
DA:144,0
DA:145,0
DA:146,0
DA:147,0
DA:148,0
DA:151,0
DA:154,0
DA:156,0
DA:157,0
DA:158,0
DA:160,0
DA:161,0
DA:166,0
DA:169,0
LF:79
LH:0
end_of_record
TN:
SF:/nas/Temp/repos/GitForge/crates/gitforce-api/src/server.rs
FN:30,ApiServer::new
FN:35,ApiServer::with_storage
FN:81,ApiServer::with_storage_extension
FN:88,ApiServer::with_port
FN:94,ApiServer::start
FN:109,health_check
FN:138,metrics_handler
FN:159,error_response
FNF:8
FNDA:0,ApiServer::new
FNDA:0,ApiServer::with_storage
FNDA:0,ApiServer::with_storage_extension
FNDA:0,ApiServer::with_port
FNDA:0,ApiServer::start
FNDA:0,health_check
FNDA:0,metrics_handler
FNDA:0,error_response
DA:30,0
DA:31,0
DA:35,0
DA:36,0
DA:37,0
DA:38,0
DA:41,0
DA:42,0
DA:43,0
DA:44,0
DA:47,0
DA:48,0
DA:49,0
DA:50,0
DA:53,0
DA:54,0
DA:55,0
DA:56,0
DA:57,0
DA:60,0
DA:62,0
DA:63,0
DA:64,0
DA:65,0
DA:66,0
DA:67,0
DA:70,0
DA:75,0
DA:81,0
DA:82,0
DA:88,0
DA:89,0
DA:90,0
DA:94,0
DA:95,0
DA:96,0
DA:97,0
DA:98,0
DA:99,0
DA:101,0
DA:102,0
DA:104,0
DA:109,0
DA:112,0
DA:113,0
DA:114,0
DA:115,0
DA:116,0
DA:120,0
DA:122,0
DA:123,0
DA:124,0
DA:125,0
DA:138,0
DA:142,0
DA:143,0
DA:144,0
DA:145,0
DA:146,0
DA:148,0
DA:159,0
DA:160,0
DA:161,0
DA:162,0
LF:64
LH:0
end_of_record
TN:
SF:/nas/Temp/repos/GitForge/crates/gitforce-ci/src/dag.rs
FN:25,JobGraph::entry_points
FN:33,JobGraph::get
FN:38,JobGraph::get_by_name
FN:43,JobGraph::dependents
FN:51,JobGraph::has_cycle
FN:63,JobGraph::detect_cycle_dfs
FN:92,JobGraph::topological_order
FN:103,JobGraph::visit
FN:126,DagBuilder::build
FN:171,DagBuilder::max_depth
FN:182,DagBuilder::compute_depth
FNF:11
FNDA:1,JobGraph::entry_points
FNDA:4,JobGraph::get
FNDA:1,JobGraph::get_by_name
FNDA:0,JobGraph::dependents
FNDA:4,JobGraph::has_cycle
FNDA:4,JobGraph::detect_cycle_dfs
FNDA:1,JobGraph::topological_order
FNDA:1,JobGraph::visit
FNDA:3,DagBuilder::build
FNDA:0,DagBuilder::max_depth
FNDA:0,DagBuilder::compute_depth
DA:25,1
DA:26,1
DA:28,3
DA:33,4
DA:34,12
DA:38,1
DA:39,3
DA:43,0
DA:44,0
DA:46,0
DA:51,4
DA:52,4
DA:53,4
DA:55,8
DA:56,7
DA:57,1
DA:60,3
DA:63,4
DA:69,4
DA:70,1
DA:72,4
DA:73,3
DA:76,4
DA:77,4
DA:79,8
DA:80,8
DA:81,1
DA:82,1
DA:87,3
DA:88,3
DA:92,1
DA:93,1
DA:94,1
DA:96,2
DA:97,2
DA:100,1
DA:103,1
DA:104,1
DA:108,1
DA:111,2
DA:112,2
DA:113,1
DA:117,1
DA:126,3
DA:130,3
DA:131,3
DA:134,6
DA:135,3
DA:136,3
DA:138,4
DA:140,3
DA:141,3
DA:142,4
DA:147,7
DA:148,4
DA:152,6
DA:155,3
DA:158,4
DA:161,5
DA:162,2
DA:167,3
DA:171,0
DA:172,0
DA:174,0
DA:175,0
DA:176,0
DA:179,0
DA:182,0
DA:187,0
DA:188,0
DA:191,0
DA:192,0
DA:193,0
DA:196,0
DA:197,0
DA:200,0
DA:203,0
DA:207,0
LF:78
LH:58
end_of_record
TN:
SF:/nas/Temp/repos/GitForge/crates/gitforce-ci/src/engine.rs
FN:24,CiEngineState::new
FN:41,CiEngineState::all_jobs_finished
FN:46,CiEngineState::all_jobs_succeeded
FN:51,CiEngineState::failed_jobs
FN:60,CiEngineState::pending_jobs
FN:82,CiEngine::new
FN:104,CiEngine::state
FN:109,CiEngine::start
FN:131,CiEngine::ready_jobs
FN:165,CiEngine::assign_job
FN:174,CiEngine::start_job
FN:183,CiEngine::succeed_job
FN:202,CiEngine::fail_job
FN:217,CiEngine::cancel
FN:232,CiEngine::get_job
FN:238,CiEngine::graph
FNF:16
FNDA:1,CiEngineState::new
FNDA:1,CiEngineState::all_jobs_finished
FNDA:0,CiEngineState::all_jobs_succeeded
FNDA:1,CiEngineState::failed_jobs
FNDA:0,CiEngineState::pending_jobs
FNDA:4,CiEngine::new
FNDA:4,CiEngine::state
FNDA:4,CiEngine::start
FNDA:4,CiEngine::ready_jobs
FNDA:4,CiEngine::assign_job
FNDA:4,CiEngine::start_job
FNDA:4,CiEngine::succeed_job
FNDA:0,CiEngine::fail_job
FNDA:0,CiEngine::cancel
FNDA:0,CiEngine::get_job
FNDA:0,CiEngine::graph
DA:24,1
DA:34,1
DA:41,1
DA:42,3
DA:46,0
DA:47,0
DA:51,1
DA:54,3
DA:55,1
DA:60,0
DA:63,0
DA:64,0
DA:65,0
DA:69,0
DA:82,4
DA:83,1
DA:86,1
DA:89,1
DA:90,2
DA:91,2
DA:94,2
DA:95,1
DA:97,1
DA:98,2
DA:99,1
DA:104,4
DA:105,3
DA:109,4
DA:110,2
DA:111,2
DA:112,1
DA:115,2
DA:116,3
DA:117,1
DA:121,2
DA:127,1
DA:131,4
DA:132,2
DA:133,1
DA:135,2
DA:136,2
DA:137,1
DA:142,1
DA:147,3
DA:150,1
DA:151,0
DA:152,0
DA:156,1
DA:157,1
DA:161,1
DA:165,4
DA:166,2
DA:167,3
DA:168,2
DA:170,1
DA:174,4
DA:175,2
DA:176,3
DA:177,2
DA:179,1
DA:183,4
DA:184,2
DA:185,2
DA:186,2
DA:189,1
DA:190,0
DA:191,0
DA:193,0
DA:195,0
DA:198,1
DA:202,0
DA:203,0
DA:204,0
DA:205,0
DA:208,0
DA:209,0
DA:210,0
DA:213,0
DA:217,0
DA:218,0
DA:219,0
DA:220,0
DA:222,0
DA:223,0
DA:224,0
DA:228,0
DA:232,0
DA:233,0
DA:234,0
DA:238,0
LF:90
LH:57
end_of_record
TN:
SF:/nas/Temp/repos/GitForge/crates/gitforce-ci/src/executor.rs
FN:16,PipelineExecutor::new
FN:23,PipelineExecutor::start
FN:29,PipelineExecutor::state
FN:35,PipelineExecutor::ready_jobs
FN:41,PipelineExecutor::graph
FN:47,PipelineExecutor::assign_job
FN:53,PipelineExecutor::start_job
FN:59,PipelineExecutor::succeed_job
FN:65,PipelineExecutor::fail_job
FN:71,PipelineExecutor::cancel
FNF:10
FNDA:0,PipelineExecutor::new
FNDA:0,PipelineExecutor::start
FNDA:0,PipelineExecutor::state
FNDA:0,PipelineExecutor::ready_jobs
FNDA:0,PipelineExecutor::graph
FNDA:0,PipelineExecutor::assign_job
FNDA:0,PipelineExecutor::start_job
FNDA:0,PipelineExecutor::succeed_job
FNDA:0,PipelineExecutor::fail_job
FNDA:0,PipelineExecutor::cancel
DA:16,0
DA:18,0
DA:23,0
DA:24,0
DA:25,0
DA:29,0
DA:30,0
DA:31,0
DA:35,0
DA:36,0
DA:37,0
DA:41,0
DA:42,0
DA:43,0
DA:47,0
DA:48,0
DA:49,0
DA:53,0
DA:54,0
DA:55,0
DA:59,0
DA:60,0
DA:61,0
DA:65,0
DA:66,0
DA:67,0
DA:71,0
DA:72,0
DA:73,0
LF:29
LH:0
end_of_record
TN:
SF:/nas/Temp/repos/GitForge/crates/gitforce-ci/src/pipeline.rs
FN:19,PipelineTriggerEvent::new
FN:35,PipelineTriggerEvent::with_ref
FN:40,PipelineTriggerEvent::with_actor
FN:57,TriggerType::as_str
FN:79,PipelineDefinition::parse
FN:84,PipelineDefinition::to_yaml
FN:105,JobDefinition::has_dependencies
FN:122,StepDefinition::get_env
FNF:8
FNDA:1,PipelineTriggerEvent::new
FNDA:0,PipelineTriggerEvent::with_ref
FNDA:0,PipelineTriggerEvent::with_actor
FNDA:1,TriggerType::as_str
FNDA:1,PipelineDefinition::parse
FNDA:0,PipelineDefinition::to_yaml
FNDA:0,JobDefinition::has_dependencies
FNDA:0,StepDefinition::get_env
DA:19,1
DA:35,0
DA:36,0
DA:37,0
DA:40,0
DA:41,0
DA:42,0
DA:57,1
DA:58,1
DA:59,1
DA:60,1
DA:61,0
DA:62,0
DA:79,1
DA:80,1
DA:84,0
DA:85,0
DA:105,0
DA:106,0
DA:122,0
DA:123,0
DA:128,0
LF:22
LH:7
end_of_record
TN:
SF:/nas/Temp/repos/GitForge/crates/gitforce-ci/src/state.rs
FN:17,JobStateMachine::new
FN:28,JobStateMachine::status
FN:33,JobStateMachine::runner_id
FN:38,JobStateMachine::exit_code
FN:43,JobStateMachine::error_message
FN:48,JobStateMachine::queue
FN:56,JobStateMachine::assign
FN:65,JobStateMachine::start
FN:73,JobStateMachine::succeed
FN:82,JobStateMachine::fail
FN:92,JobStateMachine::cancel
FN:100,JobStateMachine::timeout
FN:108,JobStateMachine::is_terminal
FN:113,JobStateMachine::summary
FN:123,JobStateMachine::ensure_valid_transition
FNF:15
FNDA:2,JobStateMachine::new
FNDA:1,JobStateMachine::status
FNDA:0,JobStateMachine::runner_id
FNDA:1,JobStateMachine::exit_code
FNDA:0,JobStateMachine::error_message
FNDA:1,JobStateMachine::queue
FNDA:1,JobStateMachine::assign
FNDA:1,JobStateMachine::start
FNDA:1,JobStateMachine::succeed
FNDA:0,JobStateMachine::fail
FNDA:0,JobStateMachine::cancel
FNDA:0,JobStateMachine::timeout
FNDA:1,JobStateMachine::is_terminal
FNDA:0,JobStateMachine::summary
FNDA:1,JobStateMachine::ensure_valid_transition
DA:17,2
DA:28,1
DA:29,1
DA:33,0
DA:34,0
DA:38,1
DA:39,1
DA:43,0
DA:44,0
DA:48,1
DA:49,1
DA:50,1
DA:51,2
DA:52,1
DA:56,1
DA:57,1
DA:58,1
DA:59,1
DA:60,2
DA:61,1
DA:65,1
DA:66,1
DA:67,1
DA:68,2
DA:69,1
DA:73,1
DA:74,1
DA:75,1
DA:76,1
DA:77,2
DA:78,1
DA:82,0
DA:83,0
DA:84,0
DA:85,0
DA:86,0
DA:87,0
DA:88,0
DA:92,0
DA:93,0
DA:94,0
DA:95,0
DA:96,0
DA:100,0
DA:101,0
DA:102,0
DA:103,0
DA:104,0
DA:108,1
DA:109,1
DA:113,0
DA:115,0
DA:116,0
DA:117,0
DA:118,0
DA:119,0
DA:123,1
DA:124,3
DA:126,1
DA:127,0
DA:130,1
DA:131,0
DA:132,0
DA:135,1
DA:136,0
DA:139,1
DA:140,0
DA:141,0
DA:142,0
DA:145,1
DA:148,2
DA:149,1
DA:155,1
LF:73
LH:39
end_of_record
TN:
SF:/nas/Temp/repos/GitForge/crates/gitforce-cli/src/client.rs
FNF:0
DA:32,0
DA:33,0
DA:34,0
DA:36,0
DA:37,0
DA:40,0
DA:41,0
DA:45,0
DA:46,0
DA:47,0
DA:49,0
DA:50,0
DA:53,0
DA:54,0
LF:14
LH:0
end_of_record
TN:
SF:/nas/Temp/repos/GitForge/crates/gitforce-common/src/error.rs
FN:58,Error::new
FN:67,Error::with_source
FN:79,Error::not_found
FN:84,Error::already_exists
FN:92,Error::invalid_input
FN:97,Error::internal
FN:102,Error::database
FN:107,Error::git
FN:112,Error::auth
FN:117,Error::forbidden
FN:122,Error::storage
FN:127,Error::sandbox
FN:132,Error::timeout
FN:137,Error::cancelled
FN:142,Error::event_system
FN:148,<impl Display for ErrorKind>::fmt
FNF:16
FNDA:6,Error::new
FNDA:1,Error::with_source
FNDA:1,Error::not_found
FNDA:0,Error::already_exists
FNDA:3,Error::invalid_input
FNDA:0,Error::internal
FNDA:0,Error::database
FNDA:1,Error::git
FNDA:0,Error::auth
FNDA:0,Error::forbidden
FNDA:1,Error::storage
FNDA:0,Error::sandbox
FNDA:0,Error::timeout
FNDA:0,Error::cancelled
FNDA:0,Error::event_system
FNDA:1,<impl Display for ErrorKind>::fmt
DA:58,6
DA:61,6
DA:67,1
DA:73,1
DA:74,1
DA:79,1
DA:80,2
DA:84,0
DA:86,0
DA:87,0
DA:92,3
DA:93,3
DA:97,0
DA:98,0
DA:102,0
DA:103,0
DA:107,1
DA:108,1
DA:112,0
DA:113,0
DA:117,0
DA:118,0
DA:122,1
DA:123,1
DA:127,0
DA:128,0
DA:132,0
DA:133,0
DA:137,0
DA:138,0
DA:142,0
DA:143,0
DA:148,1
DA:149,1
DA:150,0
DA:151,0
DA:152,0
DA:153,0
DA:154,1
DA:155,0
DA:156,0
DA:157,0
DA:158,0
DA:159,0
DA:160,0
DA:161,0
DA:162,0
DA:163,0
DA:164,0
LF:49
LH:16
end_of_record
TN:
SF:/nas/Temp/repos/GitForge/crates/gitforce-common/src/ids.rs
FN:15,RepoId::new
FN:21,<impl Default for RepoId>::default
FN:27,<impl Display for RepoId>::fmt
FN:33,<impl From for RepoId>::from
FN:50,PipelineId::new
FN:56,<impl Default for PipelineId>::default
FN:62,<impl Display for PipelineId>::fmt
FN:68,<impl From for PipelineId>::from
FN:85,PipelineRunId::new
FN:91,<impl Default for PipelineRunId>::default
FN:97,<impl Display for PipelineRunId>::fmt
FN:103,<impl From for PipelineRunId>::from
FN:120,JobId::new
FN:126,<impl Default for JobId>::default
FN:132,<impl Display for JobId>::fmt
FN:138,<impl From for JobId>::from
FN:155,RunnerId::new
FN:161,<impl Default for RunnerId>::default
FN:167,<impl Display for RunnerId>::fmt
FN:173,<impl From for RunnerId>::from
FN:190,StepId::new
FN:196,<impl Default for StepId>::default
FN:202,<impl Display for StepId>::fmt
FN:208,<impl From for StepId>::from
FN:225,UserId::new
FN:231,<impl Default for UserId>::default
FN:237,<impl Display for UserId>::fmt
FN:243,<impl From for UserId>::from
FN:249,<impl From for Uuid>::from
FN:269,JobStatus::is_terminal
FNF:30
FNDA:27,RepoId::new
FNDA:0,<impl Default for RepoId>::default
FNDA:8,<impl Display for RepoId>::fmt
FNDA:2,<impl From for RepoId>::from
FNDA:4,PipelineId::new
FNDA:0,<impl Default for PipelineId>::default
FNDA:3,<impl Display for PipelineId>::fmt
FNDA:1,<impl From for PipelineId>::from
FNDA:13,PipelineRunId::new
FNDA:0,<impl Default for PipelineRunId>::default
FNDA:2,<impl Display for PipelineRunId>::fmt
FNDA:1,<impl From for PipelineRunId>::from
FNDA:15,JobId::new
FNDA:0,<impl Default for JobId>::default
FNDA:2,<impl Display for JobId>::fmt
FNDA:1,<impl From for JobId>::from
FNDA:7,RunnerId::new
FNDA:0,<impl Default for RunnerId>::default
FNDA:1,<impl Display for RunnerId>::fmt
FNDA:1,<impl From for RunnerId>::from
FNDA:1,StepId::new
FNDA:0,<impl Default for StepId>::default
FNDA:0,<impl Display for StepId>::fmt
FNDA:0,<impl From for StepId>::from
FNDA:4,UserId::new
FNDA:0,<impl Default for UserId>::default
FNDA:2,<impl Display for UserId>::fmt
FNDA:1,<impl From for UserId>::from
FNDA:0,<impl From for Uuid>::from
FNDA:2,JobStatus::is_terminal
DA:15,27
DA:16,22
DA:21,0
DA:22,0
DA:27,8
DA:28,6
DA:33,2
DA:34,2
DA:39,1
DA:40,1
DA:50,4
DA:51,6
DA:56,0
DA:57,0
DA:62,3
DA:63,3
DA:68,1
DA:69,1
DA:74,0
DA:75,0
DA:85,13
DA:86,13
DA:91,0
DA:92,0
DA:97,2
DA:98,2
DA:103,1
DA:104,1
DA:109,0
DA:110,0
DA:120,15
DA:121,15
DA:126,0
DA:127,0
DA:132,2
DA:133,2
DA:138,1
DA:139,1
DA:144,0
DA:145,0
DA:155,7
DA:156,7
DA:161,0
DA:162,0
DA:167,1
DA:168,1
DA:173,1
DA:174,1
DA:179,0
DA:180,0
DA:190,1
DA:191,1
DA:196,0
DA:197,0
DA:202,0
DA:203,0
DA:208,0
DA:209,0
DA:214,0
DA:215,0
DA:225,4
DA:226,4
DA:231,0
DA:232,0
DA:237,2
DA:238,3
DA:243,1
DA:244,1
DA:249,0
DA:250,0
DA:269,2
DA:270,2
DA:271,2
LF:73
LH:43
end_of_record
TN:
SF:/nas/Temp/repos/GitForge/crates/gitforce-common/src/result.rs
FN:28,<impl ResultExt for std::result::Result<T,E>>::map_err_context
FN:35,<impl ResultExt for std::result::Result<T,E>>::context
FNF:2
FNDA:0,<impl ResultExt for std::result::Result<T,E>>::map_err_context
FNDA:0,<impl ResultExt for std::result::Result<T,E>>::context
DA:28,0
DA:35,0
LF:2
LH:0
end_of_record
TN:
SF:/nas/Temp/repos/GitForge/crates/gitforce-common/src/time.rs
FN:11,now
FN:16,unix_timestamp_ms
FN:21,unix_timestamp
FN:26,duration_ms
FN:31,is_older_than
FN:39,duration::seconds
FN:43,duration::minutes
FN:47,duration::hours
FN:51,duration::days
FNF:9
FNDA:1,now
FNDA:1,unix_timestamp_ms
FNDA:1,unix_timestamp
FNDA:1,duration_ms
FNDA:1,is_older_than
FNDA:1,duration::seconds
FNDA:1,duration::minutes
FNDA:1,duration::hours
FNDA:1,duration::days
DA:11,1
DA:12,1
DA:16,1
DA:17,1
DA:21,1
DA:22,1
DA:26,1
DA:27,1
DA:31,1
DA:32,1
DA:39,1
DA:40,1
DA:43,1
DA:44,1
DA:47,1
DA:48,2
DA:51,1
DA:52,2
LF:18
LH:18
end_of_record
TN:
SF:/nas/Temp/repos/GitForge/crates/gitforce-core/src/git_protocol/http.rs
FN:17,HttpGitHandler<S>::new
FN:32,<impl GitProtocolHandler for HttpGitHandler<S>>::upload_pack
FN:51,<impl GitProtocolHandler for HttpGitHandler<S>>::receive_pack
FN:66,parse_content_type
FN:75,parse_service
FNF:5
FNDA:0,HttpGitHandler<S>::new
FNDA:0,<impl GitProtocolHandler for HttpGitHandler<S>>::upload_pack
FNDA:0,<impl GitProtocolHandler for HttpGitHandler<S>>::receive_pack
FNDA:1,parse_content_type
FNDA:1,parse_service
DA:17,0
DA:19,0
DA:32,0
DA:34,0
DA:35,0
DA:36,0
DA:37,0
DA:42,0
DA:51,0
DA:53,0
DA:54,0
DA:55,0
DA:56,0
DA:61,0
DA:66,1
DA:67,3
DA:68,1
DA:70,1
DA:75,1
DA:76,1
DA:77,3
DA:78,2
DA:79,2
DA:80,1
DA:81,1
DA:83,0
LF:26
LH:11
end_of_record
TN:
SF:/nas/Temp/repos/GitForge/crates/gitforce-core/src/git_protocol/mod.rs
FN:33,FnHandler<F>::new
FN:44,<impl GitProtocolHandler for FnHandler<F>>::upload_pack
FN:48,<impl GitProtocolHandler for FnHandler<F>>::receive_pack
FNF:3
FNDA:0,FnHandler<F>::new
FNDA:10,<impl GitProtocolHandler for FnHandler<F>>::upload_pack
FNDA:5,<impl GitProtocolHandler for FnHandler<F>>::receive_pack
DA:33,0
DA:44,10
DA:45,4
DA:48,5
DA:49,2
LF:5
LH:4
end_of_record
TN:
SF:/nas/Temp/repos/GitForge/crates/gitforce-core/src/git_protocol/ssh.rs
FN:17,SshGitHandler<S>::new
FN:31,<impl GitProtocolHandler for SshGitHandler<S>>::upload_pack
FN:48,<impl GitProtocolHandler for SshGitHandler<S>>::receive_pack
FN:62,parse_ssh_command
FNF:4
FNDA:0,SshGitHandler<S>::new
FNDA:0,<impl GitProtocolHandler for SshGitHandler<S>>::upload_pack
FNDA:0,<impl GitProtocolHandler for SshGitHandler<S>>::receive_pack
FNDA:1,parse_ssh_command
DA:17,0
DA:19,0
DA:31,0
DA:33,0
DA:34,0
DA:35,0
DA:36,0
DA:40,0
DA:48,0
DA:50,0
DA:51,0
DA:52,0
DA:53,0
DA:57,0
DA:62,1
DA:63,1
DA:64,3
DA:65,2
DA:66,1
DA:67,1
DA:69,0
LF:21
LH:6
end_of_record
TN:
SF:/nas/Temp/repos/GitForge/crates/gitforce-core/src/hooks.rs
FN:29,HookPayload::new
FN:46,HookPayload::branch_name
FN:55,HookPayload::tag_name
FN:64,HookPayload::is_branch_push
FN:69,HookPayload::is_tag_push
FNF:5
FNDA:6,HookPayload::new
FNDA:1,HookPayload::branch_name
FNDA:1,HookPayload::tag_name
FNDA:3,HookPayload::is_branch_push
FNDA:2,HookPayload::is_tag_push
DA:29,6
DA:46,1
DA:47,1
DA:48,2
DA:50,0
DA:55,1
DA:56,1
DA:57,1
DA:59,0
DA:64,3
DA:65,3
DA:69,2
DA:70,2
DA:84,0
DA:85,0
DA:91,5
DA:92,3
DA:100,1
DA:103,5
DA:104,3
DA:112,1
DA:122,4
DA:124,4
DA:129,3
DA:130,2
DA:134,8
DA:135,5
DA:136,6
DA:138,1
DA:142,4
DA:143,3
DA:144,3
DA:146,1
DA:151,0
DA:152,0
LF:35
LH:29
end_of_record
TN:
SF:/nas/Temp/repos/GitForge/crates/gitforce-core/src/repo.rs
FN:50,<impl From for gitforce_common::Error>::from
FN:62,RepoService<S>::new
FN:70,RepoService<S>::create
FN:108,RepoService<S>::get
FN:121,RepoService<S>::delete
FN:136,RepoService<S>::list
FN:142,RepoService<S>::list_by_owner
FN:152,RepoService<S>::get_git_path
FN:161,RepoService<S>::list_refs
FNF:9
FNDA:0,<impl From for gitforce_common::Error>::from
FNDA:1,RepoService<S>::new
FNDA:1,RepoService<S>::create
FNDA:4,RepoService<S>::get
FNDA:5,RepoService<S>::delete
FNDA:0,RepoService<S>::list
FNDA:4,RepoService<S>::list_by_owner
FNDA:0,RepoService<S>::get_git_path
FNDA:0,RepoService<S>::list_refs
DA:50,0
DA:51,0
DA:52,0
DA:53,0
DA:54,0
DA:55,0
DA:62,1
DA:64,1
DA:65,2
DA:70,1
DA:76,3
DA:77,0
DA:80,3
DA:81,0
DA:84,1
DA:85,1
DA:88,3
DA:92,1
DA:94,2
DA:99,1
DA:100,2
DA:103,2
DA:104,1
DA:108,4
DA:110,2
DA:111,3
DA:112,2
DA:117,0
DA:121,5
DA:124,2
DA:125,2
DA:129,2
DA:131,2
DA:132,1
DA:136,0
DA:137,0
DA:138,0
DA:142,4
DA:143,2
DA:144,1
DA:146,3
DA:152,0
DA:153,0
DA:154,0
DA:155,0
DA:156,0
DA:161,0
DA:162,0
DA:163,0
DA:166,0
DA:167,0
DA:168,0
DA:169,0
DA:170,0
DA:172,0
DA:173,0
DA:175,0
DA:176,0
DA:177,0
DA:178,0
DA:179,0
DA:184,0
LF:62
LH:29
end_of_record
TN:
SF:/nas/Temp/repos/GitForge/crates/gitforce-core/src/storage.rs
FN:38,FileStorageBackend::new
FN:43,FileStorageBackend::root
FN:48,FileStorageBackend::ensure_root
FN:58,<impl StorageBackend for FileStorageBackend>::repo_path
FN:62,<impl StorageBackend for FileStorageBackend>::exists
FN:67,<impl StorageBackend for FileStorageBackend>::create
FN:82,<impl StorageBackend for FileStorageBackend>::delete
FN:95,<impl StorageBackend for FileStorageBackend>::init_bare
FN:114,<impl StorageBackend for FileStorageBackend>::open
FNF:9
FNDA:3,FileStorageBackend::new
FNDA:1,FileStorageBackend::root
FNDA:4,FileStorageBackend::ensure_root
FNDA:1,<impl StorageBackend for FileStorageBackend>::repo_path
FNDA:6,<impl StorageBackend for FileStorageBackend>::exists
FNDA:8,<impl StorageBackend for FileStorageBackend>::create
FNDA:6,<impl StorageBackend for FileStorageBackend>::delete
FNDA:8,<impl StorageBackend for FileStorageBackend>::init_bare
FNDA:6,<impl StorageBackend for FileStorageBackend>::open
DA:38,3
DA:39,3
DA:43,1
DA:44,1
DA:48,4
DA:49,3
DA:50,0
DA:52,1
DA:58,1
DA:59,2
DA:62,6
DA:63,1
DA:64,5
DA:67,8
DA:68,1
DA:71,3
DA:72,0
DA:76,1
DA:78,4
DA:79,2
DA:82,6
DA:83,1
DA:85,2
DA:86,2
DA:87,0
DA:89,1
DA:92,1
DA:95,8
DA:97,3
DA:98,0
DA:102,4
DA:103,0
DA:107,4
DA:108,2
DA:110,4
DA:111,2
DA:114,6
DA:115,1
DA:117,4
DA:118,2
DA:121,1
LF:41
LH:36
end_of_record
TN:
SF:/nas/Temp/repos/GitForge/crates/gitforce-db/src/connection.rs
FN:15,Pool::new
FN:36,Pool::memory
FN:41,Pool::pool
FN:46,Pool::migrate
FN:203,Pool::health_check
FNF:5
FNDA:12,Pool::new
FNDA:12,Pool::memory
FNDA:3,Pool::pool
FNDA:32,Pool::migrate
FNDA:4,Pool::health_check
DA:15,12
DA:17,5
DA:18,4
DA:19,0
DA:20,0
DA:23,0
DA:26,9
DA:28,2
DA:29,6
DA:30,3
DA:32,3
DA:36,12
DA:37,7
DA:41,3
DA:46,32
DA:59,3
DA:60,14
DA:61,4
DA:78,3
DA:79,17
DA:80,6
DA:96,1
DA:97,14
DA:98,3
DA:118,6
DA:119,16
DA:120,1
DA:138,4
DA:139,12
DA:140,1
DA:160,3
DA:161,11
DA:162,1
DA:179,5
DA:180,11
DA:181,1
DA:194,2
DA:195,11
DA:196,1
DA:198,6
DA:199,5
DA:203,4
DA:204,5
DA:205,1
DA:206,4
DA:207,1
DA:208,1
LF:47
LH:44
end_of_record
TN:
SF:/nas/Temp/repos/GitForge/crates/gitforce-db/src/models/artifact.rs
FN:21,Artifact::new
FNF:1
FNDA:3,Artifact::new
DA:21,3
DA:23,3
DA:28,3
LF:3
LH:3
end_of_record
TN:
SF:/nas/Temp/repos/GitForge/crates/gitforce-db/src/models/event.rs
FN:18,Event::new
FNF:1
FNDA:3,Event::new
DA:18,3
DA:20,3
DA:23,3
LF:3
LH:3
end_of_record
TN:
SF:/nas/Temp/repos/GitForge/crates/gitforce-db/src/models/job.rs
FN:21,JobStatus::as_str
FN:35,JobStatus::from_str
FN:50,JobStatus::is_terminal
FN:74,Job::new
FN:89,Job::queue
FN:94,Job::assign
FN:100,Job::start
FN:106,Job::finish
FN:116,Job::timeout
FN:122,Job::retry
FNF:10
FNDA:9,JobStatus::as_str
FNDA:1,JobStatus::from_str
FNDA:1,JobStatus::is_terminal
FNDA:7,Job::new
FNDA:1,Job::queue
FNDA:1,Job::assign
FNDA:2,Job::start
FNDA:2,Job::finish
FNDA:1,Job::timeout
FNDA:1,Job::retry
DA:21,9
DA:22,9
DA:23,9
DA:24,1
DA:25,1
DA:26,1
DA:27,1
DA:28,1
DA:29,1
DA:30,1
DA:35,1
DA:37,2
DA:38,2
DA:39,1
DA:40,2
DA:41,2
DA:42,2
DA:43,1
DA:44,1
DA:45,1
DA:50,1
DA:51,1
DA:52,1
DA:74,7
DA:76,7
DA:79,16
DA:84,8
DA:89,1
DA:90,2
DA:94,1
DA:95,2
DA:96,1
DA:100,2
DA:101,4
DA:102,2
DA:106,2
DA:107,8
DA:108,1
DA:110,2
DA:112,3
DA:116,1
DA:117,2
DA:118,1
DA:122,1
DA:123,1
DA:124,2
DA:125,1
DA:126,1
LF:48
LH:48
end_of_record
TN:
SF:/nas/Temp/repos/GitForge/crates/gitforce-db/src/models/pipeline.rs
FN:29,TriggerType::as_str
FN:50,PipelineStatus::as_str
FN:77,PipelineRun::new
FN:97,PipelineRun::start
FN:103,PipelineRun::finish
FNF:5
FNDA:1,TriggerType::as_str
FNDA:1,PipelineStatus::as_str
FNDA:4,PipelineRun::new
FNDA:3,PipelineRun::start
FNDA:2,PipelineRun::finish
DA:29,1
DA:30,1
DA:31,1
DA:32,1
DA:33,1
DA:34,1
DA:50,1
DA:51,1
DA:52,1
DA:53,1
DA:54,1
DA:55,1
DA:56,1
DA:77,4
DA:84,4
DA:87,4
DA:92,4
DA:97,3
DA:98,6
DA:99,3
DA:103,2
DA:104,6
DA:105,1
DA:107,1
DA:109,2
LF:25
LH:25
end_of_record
TN:
SF:/nas/Temp/repos/GitForge/crates/gitforce-db/src/models/repo.rs
FN:15,Visibility::as_str
FN:37,Repository::new
FN:51,Repository::is_public
FNF:3
FNDA:1,Visibility::as_str
FNDA:2,Repository::new
FNDA:2,Repository::is_public
DA:15,1
DA:16,4
DA:17,1
DA:18,3
DA:37,2
DA:38,3
DA:40,3
DA:43,6
DA:51,2
DA:52,1
LF:10
LH:10
end_of_record
TN:
SF:/nas/Temp/repos/GitForge/crates/gitforce-db/src/models/runner.rs
FN:16,RunnerType::as_str
FN:34,RunnerStatus::as_str
FN:57,Runner::new
FN:70,Runner::heartbeat
FN:75,Runner::set_busy
FN:80,Runner::set_online
FN:85,Runner::is_healthy
FNF:7
FNDA:4,RunnerType::as_str
FNDA:3,RunnerStatus::as_str
FNDA:2,Runner::new
FNDA:2,Runner::heartbeat
FNDA:2,Runner::set_busy
FNDA:1,Runner::set_online
FNDA:1,Runner::is_healthy
DA:16,4
DA:17,5
DA:18,5
DA:19,2
DA:20,1
DA:34,3
DA:35,6
DA:36,8
DA:37,1
DA:38,1
DA:57,2
DA:59,2
DA:61,6
DA:62,10
DA:63,14
DA:65,7
DA:70,2
DA:71,2
DA:75,2
DA:76,4
DA:80,1
DA:81,2
DA:85,1
DA:86,2
DA:87,1
DA:88,1
DA:90,1
LF:27
LH:27
end_of_record
TN:
SF:/nas/Temp/repos/GitForge/crates/gitforce-db/src/models/user.rs
FN:19,User::new
FN:40,Role::as_str
FNF:2
FNDA:1,User::new
FNDA:1,Role::as_str
DA:19,1
DA:21,1
DA:25,1
DA:40,1
DA:41,1
DA:42,1
DA:43,1
DA:44,1
DA:45,1
LF:9
LH:9
end_of_record
TN:
SF:/nas/Temp/repos/GitForge/crates/gitforce-db/src/queries.rs
FN:19,RepoQueries::create
FN:40,RepoQueries::get
FN:66,RepoQueries::list_by_owner
FN:94,RepoQueries::delete
FN:104,RepoQueries::list
FN:139,UserQueries::create
FN:158,UserQueries::get
FN:180,UserQueries::get_by_username
FN:202,UserQueries::list
FN:233,PipelineQueries::create
FN:253,PipelineQueries::get
FN:277,PipelineQueries::list_by_repo
FN:303,PipelineQueries::list
FN:336,PipelineRunQueries::create
FN:359,PipelineRunQueries::get
FN:389,PipelineRunQueries::update_status
FN:400,PipelineRunQueries::list_by_pipeline
FN:432,PipelineRunQueries::list
FN:471,JobQueries::create
FN:494,JobQueries::get
FN:525,JobQueries::update_status
FN:536,JobQueries::assign
FN:547,JobQueries::list_by_run
FN:580,JobQueries::list_pending
FN:620,RunnerQueries::create
FN:643,RunnerQueries::get
FN:669,RunnerQueries::heartbeat
FN:680,RunnerQueries::update_status
FN:691,RunnerQueries::list
FN:718,RunnerQueries::list_online
FN:753,EventQueries::create
FN:771,EventQueries::list_by_type
FN:798,EventQueries::list_recent
FNF:33
FNDA:8,RepoQueries::create
FNDA:4,RepoQueries::get
FNDA:4,RepoQueries::list_by_owner
FNDA:4,RepoQueries::delete
FNDA:4,RepoQueries::list
FNDA:10,UserQueries::create
FNDA:4,UserQueries::get
FNDA:4,UserQueries::get_by_username
FNDA:4,UserQueries::list
FNDA:12,PipelineQueries::create
FNDA:4,PipelineQueries::get
FNDA:4,PipelineQueries::list_by_repo
FNDA:4,PipelineQueries::list
FNDA:8,PipelineRunQueries::create
FNDA:4,PipelineRunQueries::get
FNDA:4,PipelineRunQueries::update_status
FNDA:4,PipelineRunQueries::list_by_pipeline
FNDA:4,PipelineRunQueries::list
FNDA:4,JobQueries::create
FNDA:4,JobQueries::get
FNDA:4,JobQueries::update_status
FNDA:4,JobQueries::assign
FNDA:4,JobQueries::list_by_run
FNDA:0,JobQueries::list_pending
FNDA:4,RunnerQueries::create
FNDA:4,RunnerQueries::get
FNDA:4,RunnerQueries::heartbeat
FNDA:4,RunnerQueries::update_status
FNDA:4,RunnerQueries::list
FNDA:0,RunnerQueries::list_online
FNDA:4,EventQueries::create
FNDA:4,EventQueries::list_by_type
FNDA:4,EventQueries::list_recent
DA:19,8
DA:26,4
DA:27,4
DA:28,4
DA:29,2
DA:30,2
DA:31,4
DA:32,4
DA:33,5
DA:34,6
DA:35,3
DA:36,4
DA:40,4
DA:41,8
DA:42,2
DA:43,2
DA:44,4
DA:45,1
DA:47,1
DA:48,2
DA:49,3
DA:50,1
DA:51,3
DA:52,1
DA:53,1
DA:54,3
DA:55,1
DA:56,1
DA:57,3
DA:58,1
DA:59,1
DA:61,1
DA:66,4
DA:67,8
DA:68,2
DA:69,2
DA:70,3
DA:71,1
DA:73,1
DA:75,3
DA:76,3
DA:77,1
DA:78,3
DA:79,1
DA:80,2
DA:81,3
DA:82,1
DA:83,1
DA:84,2
DA:85,1
DA:86,1
DA:90,1
DA:94,4
DA:95,8
DA:96,2
DA:97,2
DA:98,4
DA:99,1
DA:100,1
DA:104,4
DA:105,7
DA:106,2
DA:107,4
DA:108,1
DA:110,1
DA:112,3
DA:113,3
DA:114,1
DA:115,3
DA:116,1
DA:117,2
DA:118,3
DA:119,1
DA:120,1
DA:121,2
DA:122,1
DA:123,1
DA:127,1
DA:139,10
DA:146,5
DA:147,3
DA:148,2
DA:149,3
DA:150,5
DA:151,4
DA:152,8
DA:153,2
DA:154,2
DA:158,4
DA:159,8
DA:160,2
DA:161,2
DA:162,4
DA:163,1
DA:165,1
DA:166,2
DA:167,3
DA:168,1
DA:169,1
DA:170,1
DA:171,3
DA:172,1
DA:173,1
DA:175,0
DA:180,4
DA:181,6
DA:182,1
DA:183,2
DA:184,4
DA:185,1
DA:187,1
DA:188,2
DA:189,3
DA:190,1
DA:191,1
DA:192,1
DA:193,3
DA:194,1
DA:195,1
DA:197,1
DA:202,4
DA:203,7
DA:204,2
DA:205,4
DA:206,1
DA:208,1
DA:210,3
DA:211,3
DA:212,1
DA:213,2
DA:214,2
DA:215,3
DA:216,1
DA:217,1
DA:221,1
DA:233,12
DA:240,6
DA:241,6
DA:242,3
DA:243,3
DA:244,6
DA:245,6
DA:246,6
DA:247,12
DA:248,3
DA:249,3
DA:253,4
DA:254,8
DA:255,2
DA:256,2
DA:257,4
DA:258,1
DA:260,1
DA:261,2
DA:262,3
DA:263,2
DA:264,1
DA:265,1
DA:266,3
DA:267,1
DA:268,3
DA:269,1
DA:270,1
DA:272,0
DA:277,4
DA:278,8
DA:279,2
DA:280,2
DA:281,4
DA:282,1
DA:284,1
DA:286,3
DA:287,3
DA:288,2
DA:289,1
DA:290,2
DA:291,3
DA:292,1
DA:293,3
DA:294,1
DA:295,1
DA:299,1
DA:303,4
DA:304,7
DA:305,2
DA:306,4
DA:307,1
DA:309,1
DA:311,3
DA:312,3
DA:313,2
DA:314,1
DA:315,2
DA:316,3
DA:317,1
DA:318,3
DA:319,1
DA:320,1
DA:324,1
DA:336,8
DA:343,4
DA:344,4
DA:345,4
DA:346,2
DA:347,2
DA:348,2
DA:349,4
DA:350,4
DA:351,4
DA:352,4
DA:353,8
DA:354,2
DA:355,2
DA:359,4
DA:360,8
DA:361,2
DA:362,2
DA:363,4
DA:364,1
DA:366,1
DA:367,2
DA:368,3
DA:369,2
DA:370,2
DA:371,1
DA:372,1
DA:373,1
DA:374,1
DA:375,1
DA:376,1
DA:377,1
DA:378,1
DA:379,1
DA:380,3
DA:381,1
DA:382,1
DA:384,0
DA:389,4
DA:390,7
DA:391,1
DA:392,2
DA:393,2
DA:394,4
DA:395,1
DA:396,1
DA:400,4
DA:401,8
DA:402,2
DA:403,2
DA:404,4
DA:405,1
DA:407,1
DA:409,3
DA:410,3
DA:411,2
DA:412,2
DA:413,1
DA:414,2
DA:415,2
DA:416,1
DA:417,1
DA:418,1
DA:419,1
DA:420,1
DA:421,1
DA:422,2
DA:423,1
DA:424,1
DA:428,1
DA:432,4
DA:433,7
DA:434,2
DA:435,4
DA:436,1
DA:438,1
DA:440,3
DA:441,3
DA:442,2
DA:443,2
DA:444,1
DA:445,2
DA:446,2
DA:447,1
DA:448,1
DA:449,1
DA:450,1
DA:451,1
DA:452,1
DA:453,2
DA:454,1
DA:455,1
DA:459,1
DA:471,4
DA:478,2
DA:479,2
DA:480,1
DA:481,1
DA:482,2
DA:483,2
DA:484,2
DA:485,2
DA:486,2
DA:487,2
DA:488,4
DA:489,1
DA:490,1
DA:494,4
DA:495,8
DA:496,2
DA:497,2
DA:498,4
DA:499,1
DA:501,1
DA:502,2
DA:503,3
DA:504,2
DA:505,1
DA:506,1
DA:507,1
DA:508,1
DA:509,1
DA:510,1
DA:511,1
DA:512,1
DA:513,1
DA:514,1
DA:515,1
DA:516,3
DA:517,1
DA:518,1
DA:520,0
DA:525,4
DA:526,7
DA:527,1
DA:528,2
DA:529,2
DA:530,4
DA:531,1
DA:532,1
DA:536,4
DA:537,9
DA:538,2
DA:539,2
DA:540,2
DA:541,3
DA:542,1
DA:543,1
DA:547,4
DA:548,8
DA:549,2
DA:550,2
DA:551,4
DA:552,1
DA:554,1
DA:556,3
DA:557,3
DA:558,2
DA:559,1
DA:560,2
DA:561,1
DA:562,3
DA:563,1
DA:564,1
DA:565,1
DA:566,1
DA:567,1
DA:568,1
DA:569,1
DA:570,2
DA:571,1
DA:572,1
DA:576,1
DA:580,0
DA:581,0
DA:582,0
DA:583,0
DA:584,0
DA:586,0
DA:588,0
DA:589,0
DA:590,0
DA:591,0
DA:592,0
DA:593,0
DA:594,0
DA:595,0
DA:596,0
DA:597,0
DA:598,0
DA:599,0
DA:600,0
DA:601,0
DA:602,0
DA:603,0
DA:604,0
DA:608,0
DA:620,4
DA:627,2
DA:628,1
DA:629,1
DA:630,1
DA:631,1
DA:633,4
DA:634,2
DA:635,2
DA:636,2
DA:637,4
DA:638,1
DA:639,1
DA:643,4
DA:644,8
DA:645,2
DA:646,2
DA:647,4
DA:648,1
DA:650,1
DA:651,2
DA:652,3
DA:653,1
DA:654,1
DA:655,1
DA:656,1
DA:657,1
DA:658,3
DA:659,3
DA:660,3
DA:661,1
DA:662,1
DA:664,0
DA:669,4
DA:670,9
DA:671,2
DA:672,2
DA:673,2
DA:674,4
DA:675,1
DA:676,1
DA:680,4
DA:681,7
DA:682,1
DA:683,2
DA:684,2
DA:685,4
DA:686,1
DA:687,1
DA:691,4
DA:692,7
DA:693,2
DA:694,4
DA:695,1
DA:697,1
DA:699,3
DA:700,3
DA:701,1
DA:702,2
DA:703,2
DA:704,1
DA:705,1
DA:706,3
DA:707,3
DA:708,2
DA:709,1
DA:710,1
DA:714,1
DA:718,0
DA:719,0
DA:720,0
DA:721,0
DA:722,0
DA:724,0
DA:726,0
DA:727,0
DA:728,0
DA:729,0
DA:730,0
DA:731,0
DA:732,0
DA:733,0
DA:734,0
DA:735,0
DA:736,0
DA:737,0
DA:741,0
DA:753,4
DA:760,2
DA:761,2
DA:762,2
DA:763,2
DA:764,2
DA:765,4
DA:766,1
DA:767,1
DA:771,4
DA:775,1
DA:776,1
DA:777,2
DA:778,4
DA:779,1
DA:781,1
DA:783,3
DA:784,3
DA:785,1
DA:786,3
DA:787,1
DA:788,3
DA:789,1
DA:790,1
DA:794,1
DA:798,4
DA:802,1
DA:803,2
DA:804,4
DA:805,1
DA:807,1
DA:809,3
DA:810,3
DA:811,1
DA:812,3
DA:813,1
DA:814,3
DA:815,1
DA:816,1
DA:820,1
LF:523
LH:475
end_of_record
TN:
SF:/nas/Temp/repos/GitForge/crates/gitforce-events/src/bus.rs
FN:21,EventFilter::all
FN:26,EventFilter::for_types
FN:34,EventFilter::for_repo
FN:42,EventFilter::matches
FN:85,InMemoryEventBus::new
FN:91,InMemoryEventBus::subscriber_count
FN:97,<impl Default for InMemoryEventBus>::default
FN:104,<impl EventBus for InMemoryEventBus>::publish
FN:112,<impl EventBus for InMemoryEventBus>::subscribe
FN:131,<impl Stream for InMemoryEventStream>::poll_next
FN:165,<impl EventStream for InMemoryEventStream>::filter
FNF:11
FNDA:0,EventFilter::all
FNDA:1,EventFilter::for_types
FNDA:0,EventFilter::for_repo
FNDA:1,EventFilter::matches
FNDA:1,InMemoryEventBus::new
FNDA:0,InMemoryEventBus::subscriber_count
FNDA:0,<impl Default for InMemoryEventBus>::default
FNDA:5,<impl EventBus for InMemoryEventBus>::publish
FNDA:5,<impl EventBus for InMemoryEventBus>::subscribe
FNDA:1,<impl Stream for InMemoryEventStream>::poll_next
FNDA:0,<impl EventStream for InMemoryEventStream>::filter
DA:21,0
DA:22,0
DA:26,1
DA:28,1
DA:34,0
DA:37,0
DA:42,1
DA:44,1
DA:45,1
DA:46,0
DA:51,1
DA:52,0
DA:53,0
DA:57,1
DA:85,1
DA:86,1
DA:91,0
DA:97,0
DA:98,0
DA:104,5
DA:105,2
DA:106,1
DA:107,1
DA:109,1
DA:112,5
DA:113,2
DA:115,1
DA:117,1
DA:131,1
DA:138,1
DA:139,1
DA:140,2
DA:141,1
DA:147,0
DA:148,0
DA:149,0
DA:150,0
DA:152,0
DA:154,0
DA:165,0
LF:40
LH:23
end_of_record
TN:
SF:/nas/Temp/repos/GitForge/crates/gitforce-events/src/event.rs
FN:31,EventEnvelope::new
FN:50,EventEnvelope::with_correlation
FN:59,EventEnvelope::timestamp_datetime
FN:101,EventType::as_str
FN:124,<impl Display for EventType>::fmt
FNF:5
FNDA:4,EventEnvelope::new
FNDA:0,EventEnvelope::with_correlation
FNDA:0,EventEnvelope::timestamp_datetime
FNDA:1,EventType::as_str
FNDA:1,<impl Display for EventType>::fmt
DA:31,4
DA:38,3
DA:41,3
DA:50,0
DA:54,0
DA:55,0
DA:59,0
DA:60,0
DA:101,1
DA:102,1
DA:103,0
DA:104,0
DA:105,1
DA:106,0
DA:107,1
DA:108,0
DA:109,0
DA:110,1
DA:111,1
DA:112,1
DA:113,0
DA:114,0
DA:115,0
DA:116,0
DA:117,0
DA:118,0
DA:124,1
DA:125,1
LF:28
LH:12
end_of_record
TN:
SF:/nas/Temp/repos/GitForge/crates/gitforce-events/src/serializer.rs
FN:11,EventSerializer::serialize
FN:16,EventSerializer::serialize_to_string
FN:21,EventSerializer::deserialize
FN:26,EventSerializer::deserialize_from_str
FN:46,JsonEvent::from_envelope
FNF:5
FNDA:1,EventSerializer::serialize
FNDA:1,EventSerializer::serialize_to_string
FNDA:1,EventSerializer::deserialize
FNDA:1,EventSerializer::deserialize_from_str
FNDA:1,JsonEvent::from_envelope
DA:11,1
DA:12,1
DA:16,1
DA:17,1
DA:21,1
DA:22,1
DA:26,1
DA:27,1
DA:46,1
DA:48,1
DA:49,1
DA:50,1
DA:51,1
DA:52,1
DA:53,1
DA:54,1
DA:55,2
LF:17
LH:17
end_of_record
TN:
SF:/nas/Temp/repos/GitForge/crates/gitforce-runner/src/agent.rs
FN:30,<impl Default for RunnerConfig>::default
FN:69,RunnerAgent::new
FN:87,RunnerAgent::register
FN:126,RunnerAgent::run
FN:194,RunnerAgent::stop
FNF:5
FNDA:3,<impl Default for RunnerConfig>::default
FNDA:8,RunnerAgent::new
FNDA:4,RunnerAgent::register
FNDA:0,RunnerAgent::run
FNDA:0,RunnerAgent::stop
DA:30,3
DA:32,3
DA:33,3
DA:34,3
DA:69,8
DA:70,6
DA:71,4
DA:73,2
DA:75,6
DA:77,2
DA:78,2
DA:79,2
DA:80,2
DA:81,4
DA:82,4
DA:87,4
DA:89,1
DA:91,1
DA:95,2
DA:96,2
DA:102,2
DA:103,0
DA:104,0
DA:105,0
DA:107,0
DA:113,1
DA:114,3
DA:121,2
DA:122,1
DA:126,0
DA:127,0
DA:129,0
DA:131,0
DA:133,0
DA:134,0
DA:137,0
DA:138,0
DA:139,0
DA:140,0
DA:141,0
DA:142,0
DA:144,0
DA:145,0
DA:146,0
DA:147,0
DA:148,0
DA:154,0
DA:155,0
DA:156,0
DA:157,0
DA:158,0
DA:160,0
DA:161,0
DA:163,0
DA:164,0
DA:165,0
DA:166,0
DA:167,0
DA:168,0
DA:169,0
DA:178,0
DA:179,0
DA:186,0
DA:187,0
DA:190,0
DA:194,0
DA:195,0
DA:196,0
DA:197,0
LF:69
LH:25
end_of_record
TN:
SF:/nas/Temp/repos/GitForge/crates/gitforce-runner/src/executor.rs
FN:22,ExecutableJob::new
FN:33,ExecutableJob::with_steps
FN:38,ExecutableJob::with_env
FN:43,ExecutableJob::with_timeout
FN:59,JobStep::new
FN:87,JobExecutor::new
FN:96,JobExecutor::execute
FN:180,JobExecutor::cancel
FN:189,JobExecutor::active_count
FNF:9
FNDA:2,ExecutableJob::new
FNDA:1,ExecutableJob::with_steps
FNDA:1,ExecutableJob::with_env
FNDA:1,ExecutableJob::with_timeout
FNDA:2,JobStep::new
FNDA:4,JobExecutor::new
FNDA:0,JobExecutor::execute
FNDA:0,JobExecutor::cancel
FNDA:4,JobExecutor::active_count
DA:22,2
DA:26,1
DA:27,2
DA:33,1
DA:34,2
DA:35,1
DA:38,1
DA:39,2
DA:40,1
DA:43,1
DA:44,1
DA:45,1
DA:59,2
DA:61,1
DA:62,2
DA:87,4
DA:88,3
DA:89,1
DA:90,2
DA:91,2
DA:96,0
DA:97,0
DA:98,0
DA:101,0
DA:102,0
DA:103,0
DA:104,0
DA:105,0
DA:108,0
DA:109,0
DA:116,0
DA:117,0
DA:121,0
DA:122,0
DA:123,0
DA:125,0
DA:126,0
DA:129,0
DA:132,0
DA:134,0
DA:135,0
DA:136,0
DA:137,0
DA:138,0
DA:139,0
DA:140,0
DA:144,0
DA:145,0
DA:146,0
DA:147,0
DA:149,0
DA:150,0
DA:158,0
DA:159,0
DA:164,0
DA:165,0
DA:168,0
DA:175,0
DA:180,0
DA:181,0
DA:182,0
DA:183,0
DA:185,0
DA:189,4
DA:190,2
DA:191,2
LF:66
LH:23
end_of_record
TN:
SF:/nas/Temp/repos/GitForge/crates/gitforce-sandbox/src/docker.rs
FN:40,DockerSandbox::new
FN:68,DockerSandbox::with_limits
FN:76,DockerSandbox::is_available
FN:81,DockerSandbox::ensure_image
FN:137,<impl Sandbox for DockerSandbox>::create
FN:179,<impl Sandbox for DockerSandbox>::execute
FN:243,<impl Sandbox for DockerSandbox>::destroy
FNF:7
FNDA:8,DockerSandbox::new
FNDA:1,DockerSandbox::with_limits
FNDA:1,DockerSandbox::is_available
FNDA:0,DockerSandbox::ensure_image
FNDA:6,<impl Sandbox for DockerSandbox>::create
FNDA:6,<impl Sandbox for DockerSandbox>::execute
FNDA:5,<impl Sandbox for DockerSandbox>::destroy
DA:40,8
DA:41,4
DA:42,2
DA:44,6
DA:46,6
DA:47,2
DA:49,0
DA:50,0
DA:51,0
DA:55,0
DA:56,0
DA:57,0
DA:61,2
DA:62,2
DA:63,2
DA:68,1
DA:76,1
DA:77,1
DA:81,0
DA:82,0
DA:84,0
DA:91,0
DA:92,0
DA:94,0
DA:95,0
DA:97,0
DA:98,0
DA:99,0
DA:100,0
DA:102,0
DA:103,0
DA:106,0
DA:107,0
DA:108,0
DA:109,0
DA:111,0
DA:112,0
DA:118,0
DA:137,6
DA:138,1
DA:140,0
DA:142,0
DA:146,0
DA:147,0
DA:153,0
DA:157,0
DA:158,0
DA:161,0
DA:162,0
DA:164,0
DA:166,0
DA:167,0
DA:168,0
DA:172,1
DA:173,2
DA:174,1
DA:179,6
DA:180,1
DA:185,0
DA:189,0
DA:190,0
DA:193,0
DA:194,0
DA:196,0
DA:197,0
DA:198,0
DA:200,0
DA:201,0
DA:202,0
DA:203,0
DA:204,0
DA:206,0
DA:207,0
DA:210,0
DA:211,0
DA:218,0
DA:219,0
DA:220,0
DA:222,0
DA:223,0
DA:227,0
DA:228,0
DA:229,0
DA:230,0
DA:234,3
DA:235,1
DA:237,2
DA:238,1
DA:243,5
DA:244,1
DA:251,0
DA:252,0
DA:254,0
DA:256,1
LF:94
LH:26
end_of_record
TN:
SF:/nas/Temp/repos/GitForge/crates/gitforce-sandbox/src/limits.rs
FN:21,<impl Default for SandboxLimits>::default
FN:34,SandboxLimits::small
FN:44,SandboxLimits::medium
FN:54,SandboxLimits::large
FNF:4
FNDA:2,<impl Default for SandboxLimits>::default
FNDA:0,SandboxLimits::small
FNDA:0,SandboxLimits::medium
FNDA:0,SandboxLimits::large
DA:21,2
DA:34,0
DA:44,0
DA:54,0
LF:4
LH:1
end_of_record
TN:
SF:/nas/Temp/repos/GitForge/crates/gitforce-scheduler/src/assigner.rs
FN:52,<impl Default for SchedulerState>::default
FN:58,SchedulerState::new
FN:66,SchedulerState::add_runner
FN:70,SchedulerState::remove_runner
FN:74,SchedulerState::get_runner
FN:78,SchedulerState::list_online_runners
FN:95,Scheduler::new
FN:105,Scheduler::with_policy
FN:114,Scheduler::subscribe
FN:119,Scheduler::enqueue
FN:132,Scheduler::enqueue_with_priority
FN:146,Scheduler::cancel
FN:156,Scheduler::register_runner
FN:164,Scheduler::heartbeat
FN:173,Scheduler::runner_offline
FN:182,Scheduler::process_queue
FN:218,Scheduler::queue_len
FN:224,Scheduler::is_assigned
FN:231,<impl Default for Scheduler>::default
FNF:19
FNDA:0,<impl Default for SchedulerState>::default
FNDA:2,SchedulerState::new
FNDA:2,SchedulerState::add_runner
FNDA:1,SchedulerState::remove_runner
FNDA:1,SchedulerState::get_runner
FNDA:1,SchedulerState::list_online_runners
FNDA:7,Scheduler::new
FNDA:0,Scheduler::with_policy
FNDA:1,Scheduler::subscribe
FNDA:2,Scheduler::enqueue
FNDA:1,Scheduler::enqueue_with_priority
FNDA:4,Scheduler::cancel
FNDA:7,Scheduler::register_runner
FNDA:4,Scheduler::heartbeat
FNDA:4,Scheduler::runner_offline
FNDA:4,Scheduler::process_queue
FNDA:10,Scheduler::queue_len
FNDA:4,Scheduler::is_assigned
FNDA:0,<impl Default for Scheduler>::default
DA:52,0
DA:53,0
DA:58,2
DA:60,2
DA:61,3
DA:62,2
DA:66,2
DA:67,1
DA:70,1
DA:71,1
DA:74,1
DA:75,1
DA:78,1
DA:79,1
DA:81,3
DA:95,7
DA:96,3
DA:98,5
DA:99,8
DA:105,0
DA:107,0
DA:108,0
DA:109,0
DA:114,1
DA:115,1
DA:119,2
DA:125,2
DA:126,2
DA:127,3
DA:128,3
DA:132,1
DA:139,2
DA:140,1
DA:141,2
DA:142,2
DA:146,4
DA:147,2
DA:148,2
DA:149,2
DA:152,2
DA:156,7
DA:157,3
DA:158,1
DA:159,3
DA:160,3
DA:164,4
DA:165,2
DA:166,4
DA:167,2
DA:168,2
DA:173,4
DA:174,2
DA:175,4
DA:176,2
DA:177,2
DA:182,4
DA:183,2
DA:184,2
DA:187,1
DA:189,3
DA:190,1
DA:193,2
DA:195,1
DA:196,1
DA:198,2
DA:199,1
DA:200,2
DA:201,1
DA:205,0
DA:211,3
DA:212,1
DA:213,1
DA:218,10
DA:219,5
DA:220,6
DA:224,4
DA:225,2
DA:226,3
DA:231,0
DA:232,0
LF:80
LH:71
end_of_record
TN:
SF:/nas/Temp/repos/GitForge/crates/gitforce-scheduler/src/policy.rs
FNF:0
DA:28,0
DA:29,0
DA:35,8
DA:41,2
DA:43,6
DA:46,2
DA:47,2
DA:52,4
DA:54,8
DA:56,3
DA:70,0
DA:71,0
DA:77,5
DA:83,2
LF:14
LH:10
end_of_record
TN:
SF:/nas/Temp/repos/GitForge/crates/gitforce-scheduler/src/queue.rs
FN:17,<impl Ord for Priority>::cmp
FN:23,<impl PartialOrd for Priority>::partial_cmp
FN:39,QueuedJob::new
FN:49,QueuedJob::with_priority
FN:57,<impl PartialOrd for QueuedJob>::partial_cmp
FN:63,<impl Ord for QueuedJob>::cmp
FN:83,<impl Default for JobQueue>::default
FN:90,JobQueue::new
FN:98,JobQueue::enqueue
FN:105,JobQueue::dequeue
FN:112,JobQueue::peek
FN:117,JobQueue::remove
FN:125,JobQueue::contains
FN:130,JobQueue::len
FN:135,JobQueue::is_empty
FN:140,JobQueue::all
FNF:16
FNDA:1,<impl Ord for Priority>::cmp
FNDA:1,<impl PartialOrd for Priority>::partial_cmp
FNDA:1,QueuedJob::new
FNDA:1,QueuedJob::with_priority
FNDA:2,<impl PartialOrd for QueuedJob>::partial_cmp
FNDA:2,<impl Ord for QueuedJob>::cmp
FNDA:0,<impl Default for JobQueue>::default
FNDA:2,JobQueue::new
FNDA:1,JobQueue::enqueue
FNDA:2,JobQueue::dequeue
FNDA:1,JobQueue::peek
FNDA:1,JobQueue::remove
FNDA:0,JobQueue::contains
FNDA:3,JobQueue::len
FNDA:1,JobQueue::is_empty
FNDA:0,JobQueue::all
DA:17,1
DA:18,1
DA:23,1
DA:24,1
DA:39,1
DA:44,2
DA:45,5
DA:49,1
DA:50,1
DA:51,1
DA:57,2
DA:58,2
DA:63,2
DA:65,2
DA:66,2
DA:67,1
DA:71,1
DA:83,0
DA:84,0
DA:90,2
DA:92,2
DA:93,4
DA:98,1
DA:99,2
DA:100,2
DA:101,3
DA:105,2
DA:106,2
DA:107,2
DA:108,2
DA:112,1
DA:113,2
DA:117,1
DA:118,1
DA:121,1
DA:125,0
DA:126,0
DA:130,3
DA:131,3
DA:135,1
DA:136,1
DA:140,0
DA:141,0
LF:43
LH:37
end_of_record
TN:
SF:/nas/Temp/repos/GitForge/crates/gitforce-scheduler/src/server.rs
FN:43,create_state
FN:53,scheduler_routes
FN:63,register_runner
FN:90,runner_heartbeat
FN:112,get_pending_jobs
FN:124,assign_job
FN:155,complete_job
FNF:7
FNDA:0,create_state
FNDA:0,scheduler_routes
FNDA:0,register_runner
FNDA:0,runner_heartbeat
FNDA:0,get_pending_jobs
FNDA:0,assign_job
FNDA:0,complete_job
DA:43,0
DA:45,0
DA:53,0
DA:54,0
DA:55,0
DA:56,0
DA:57,0
DA:58,0
DA:59,0
DA:63,0
DA:67,0
DA:68,0
DA:69,0
DA:70,0
DA:71,0
DA:74,0
DA:76,0
DA:78,0
DA:80,0
DA:81,0
DA:90,0
DA:94,0
DA:95,0
DA:97,0
DA:104,0
DA:106,0
DA:112,0
DA:116,0
DA:120,0
DA:124,0
DA:129,0
DA:130,0
DA:132,0
DA:139,0
DA:141,0
DA:143,0
DA:145,0
DA:148,0
DA:150,0
DA:155,0
DA:160,0
DA:161,0
DA:163,0
DA:170,0
DA:171,0
DA:173,0
DA:175,0
LF:47
LH:0
end_of_record
TN:
SF:/nas/Temp/repos/GitForge/crates/gitforce-storage/src/artifact.rs
FN:17,ArtifactId::new
FN:23,<impl Default for ArtifactId>::default
FN:29,<impl Display for ArtifactId>::fmt
FN:35,<impl From for ArtifactId>::from
FN:55,Artifact::from_file
FNF:5
FNDA:3,ArtifactId::new
FNDA:1,<impl Default for ArtifactId>::default
FNDA:1,<impl Display for ArtifactId>::fmt
FNDA:0,<impl From for ArtifactId>::from
FNDA:0,Artifact::from_file
DA:17,3
DA:18,3
DA:23,1
DA:24,1
DA:29,1
DA:30,1
DA:35,0
DA:36,0
DA:55,0
DA:56,0
DA:57,0
DA:60,0
DA:61,0
DA:62,0
DA:64,0
DA:65,0
DA:66,0
DA:69,0
DA:73,0
DA:74,0
DA:77,0
DA:79,0
DA:80,0
DA:81,0
DA:82,0
DA:83,0
DA:84,0
DA:85,0
DA:86,0
DA:87,0
LF:30
LH:6
end_of_record
TN:
SF:/nas/Temp/repos/GitForge/crates/gitforce-storage/src/cache.rs
FN:19,CacheKey::new
FN:28,CacheKey::hash
FN:53,InMemoryCacheStore::new
FN:61,<impl Default for InMemoryCacheStore>::default
FN:68,<impl CacheStore for InMemoryCacheStore>::put
FN:86,<impl CacheStore for InMemoryCacheStore>::get
FN:100,<impl CacheStore for InMemoryCacheStore>::delete
FN:106,<impl CacheStore for InMemoryCacheStore>::list
FNF:8
FNDA:8,CacheKey::new
FNDA:2,CacheKey::hash
FNDA:5,InMemoryCacheStore::new
FNDA:0,<impl Default for InMemoryCacheStore>::default
FNDA:19,<impl CacheStore for InMemoryCacheStore>::put
FNDA:6,<impl CacheStore for InMemoryCacheStore>::get
FNDA:6,<impl CacheStore for InMemoryCacheStore>::delete
FNDA:13,<impl CacheStore for InMemoryCacheStore>::list
DA:19,8
DA:22,8
DA:23,8
DA:28,2
DA:29,2
DA:30,2
DA:31,2
DA:32,2
DA:33,4
DA:53,5
DA:55,5
DA:61,0
DA:62,0
DA:68,19
DA:69,8
DA:70,4
DA:73,4
DA:79,8
DA:80,6
DA:82,8
DA:83,4
DA:86,6
DA:87,2
DA:89,2
DA:91,4
DA:92,4
DA:93,4
DA:96,3
DA:97,1
DA:100,6
DA:101,2
DA:102,2
DA:103,1
DA:106,13
DA:107,6
DA:108,14
LF:36
LH:34
end_of_record
TN:
SF:/nas/Temp/repos/GitForge/crates/gitforce-storage/src/filesystem.rs
FN:21,FileStorage::new
FN:43,FileStorage::artifact_path
FN:48,FileStorage::artifact_meta_path
FN:53,FileStorage::cache_path
FN:60,<impl ArtifactStore for FileStorage>::put
FN:94,<impl ArtifactStore for FileStorage>::get
FN:109,<impl ArtifactStore for FileStorage>::delete
FN:129,<impl ArtifactStore for FileStorage>::get_metadata
FN:151,<impl CacheStore for FileStorage>::put
FN:166,<impl CacheStore for FileStorage>::get
FN:185,<impl CacheStore for FileStorage>::delete
FN:197,<impl CacheStore for FileStorage>::list
FNF:12
FNDA:5,FileStorage::new
FNDA:1,FileStorage::artifact_path
FNDA:1,FileStorage::artifact_meta_path
FNDA:0,FileStorage::cache_path
FNDA:6,<impl ArtifactStore for FileStorage>::put
FNDA:7,<impl ArtifactStore for FileStorage>::get
FNDA:7,<impl ArtifactStore for FileStorage>::delete
FNDA:7,<impl ArtifactStore for FileStorage>::get_metadata
FNDA:0,<impl CacheStore for FileStorage>::put
FNDA:0,<impl CacheStore for FileStorage>::get
FNDA:0,<impl CacheStore for FileStorage>::delete
FNDA:0,<impl CacheStore for FileStorage>::list
DA:21,5
DA:22,1
DA:23,2
DA:24,2
DA:27,3
DA:28,0
DA:31,2
DA:32,0
DA:35,1
DA:36,1
DA:37,1
DA:38,1
DA:43,1
DA:44,1
DA:48,1
DA:49,1
DA:53,0
DA:54,0
DA:60,6
DA:61,1
DA:62,1
DA:65,3
DA:66,0
DA:69,3
DA:70,0
DA:74,1
DA:75,0
DA:78,2
DA:79,0
DA:82,3
DA:83,0
DA:86,2
DA:91,1
DA:94,7
DA:95,1
DA:97,6
DA:98,2
DA:101,1
DA:102,4
DA:103,0
DA:106,1
DA:109,7
DA:110,1
DA:111,1
DA:113,3
DA:114,2
DA:115,0
DA:119,3
DA:120,2
DA:121,0
DA:125,3
DA:126,1
DA:129,7
DA:130,1
DA:132,3
DA:133,0
DA:136,1
DA:137,4
DA:138,0
DA:141,1
DA:142,0
DA:145,1
DA:151,0
DA:152,0
DA:154,0
DA:155,0
DA:158,0
DA:159,0
DA:162,0
DA:163,0
DA:166,0
DA:167,0
DA:169,0
DA:170,0
DA:173,0
DA:174,0
DA:177,0
DA:178,0
DA:179,0
DA:182,0
DA:185,0
DA:186,0
DA:188,0
DA:189,0
DA:190,0
DA:194,0
DA:197,0
DA:200,0
LF:88
LH:47
end_of_record
TN:
SF:/nas/Temp/repos/GitForge/services/api/src/main.rs
FN:10,main
FNF:1
FNDA:0,main
DA:10,0
DA:12,0
DA:14,0
DA:15,0
DA:19,0
DA:22,0
DA:23,0
DA:24,0
DA:27,0
DA:28,0
DA:31,0
DA:32,0
DA:33,0
DA:34,0
DA:37,0
DA:39,0
DA:42,0
DA:45,0
DA:47,0
DA:49,0
LF:20
LH:0
end_of_record
TN:
SF:/nas/Temp/repos/GitForge/services/ci/src/main.rs
FN:20,main
FN:73,run_event_consumer
FN:106,handle_push_event
FN:173,create_default_pipeline
FNF:4
FNDA:0,main
FNDA:0,run_event_consumer
FNDA:0,handle_push_event
FNDA:0,create_default_pipeline
DA:20,0
DA:22,0
DA:24,0
DA:25,0
DA:29,0
DA:32,0
DA:35,0
DA:38,0
DA:42,0
DA:43,0
DA:44,0
DA:47,0
DA:48,0
DA:49,0
DA:54,0
DA:55,0
DA:56,0
DA:58,0
DA:59,0
DA:63,0
DA:66,0
DA:68,0
DA:69,0
DA:73,0
DA:78,0
DA:81,0
DA:82,0
DA:85,0
DA:88,0
DA:89,0
DA:90,0
DA:91,0
DA:92,0
DA:96,0
DA:102,0
DA:106,0
DA:112,0
DA:113,0
DA:116,0
DA:117,0
DA:119,0
DA:129,0
DA:130,0
DA:132,0
DA:133,0
DA:138,0
DA:139,0
DA:140,0
DA:145,0
DA:146,0
DA:148,0
DA:151,0
DA:152,0
DA:154,0
DA:155,0
DA:156,0
DA:158,0
DA:160,0
DA:161,0
DA:162,0
DA:164,0
DA:165,0
DA:169,0
DA:173,0
DA:175,0
DA:176,0
DA:177,0
DA:178,0
DA:179,0
LF:69
LH:0
end_of_record
TN:
SF:/nas/Temp/repos/GitForge/services/git-server/src/main.rs
FN:11,main
FNF:1
FNDA:0,main
DA:11,0
DA:13,0
DA:15,0
DA:16,0
DA:20,0
DA:23,0
DA:24,0
DA:27,0
DA:30,0
DA:33,0
DA:40,0
DA:43,0
DA:45,0
DA:46,0
LF:14
LH:0
end_of_record
TN:
SF:/nas/Temp/repos/GitForge/services/runner/src/main.rs
FN:10,main
FNF:1
FNDA:0,main
DA:10,0
DA:12,0
DA:14,0
DA:15,0
DA:19,0
DA:22,0
DA:25,0
DA:28,0
DA:29,0
DA:32,0
DA:41,0
DA:44,0
DA:46,0
DA:47,0
DA:49,0
LF:15
LH:0
end_of_record
TN:
SF:/nas/Temp/repos/GitForge/template-parts/rust/src/models/types.rs
FNF:0
DA:29,0
DA:33,0
DA:62,0
LF:3
LH:0
end_of_record
TN:
SF:/nas/Temp/repos/GitForge/template-parts/rust/src/services/business.rs
FNF:0
DA:20,0
DA:22,0
LF:2
LH:0
end_of_record
