TN:
SF:/nas/Temp/repos/GitForge/tests/integration/src/api_route_tests.rs
FN:20,create_test_router
FN:32,test_auth_handler
FN:39,test_public_handler
FNF:3
FNDA:0,create_test_router
FNDA:0,test_auth_handler
FNDA:0,test_public_handler
DA:20,0
DA:21,0
DA:22,0
DA:24,0
DA:25,0
DA:26,0
DA:27,0
DA:28,0
DA:29,0
DA:32,0
DA:39,0
LF:11
LH:0
end_of_record
TN:
SF:/nas/Temp/repos/GitForge/tests/integration/src/ci_integration_tests.rs
FN:16,create_sequential_pipeline
FN:58,create_parallel_pipeline
FNF:2
FNDA:7,create_sequential_pipeline
FNDA:1,create_parallel_pipeline
DA:16,7
DA:18,1
DA:19,7
DA:20,8
DA:21,1
DA:22,15
DA:58,1
DA:60,1
DA:61,1
DA:62,2
DA:63,1
DA:64,3
LF:12
LH:12
end_of_record
TN:
SF:/nas/Temp/repos/GitForge/tests/integration/src/e2e_pipeline_tests.rs
FN:23,setup_complete_pipeline_db
FNF:1
FNDA:10,setup_complete_pipeline_db
DA:23,10
DA:26,4
DA:27,3
DA:28,1
DA:30,5
DA:34,4
DA:35,3
DA:36,3
DA:38,7
DA:42,1
DA:43,1
DA:44,1
DA:45,1
DA:46,3
DA:47,2
DA:49,5
DA:53,1
DA:54,2
DA:55,3
DA:56,1
DA:58,3
DA:61,4
DA:62,2
DA:63,3
DA:64,3
DA:67,6
DA:68,7
DA:71,3
LF:28
LH:28
end_of_record
TN:
SF:/nas/Temp/repos/GitForge/tests/integration/src/integration_test_helpers.rs
FN:11,create_test_user
FN:20,create_test_repo
FN:29,create_test_pipeline
FN:41,create_test_pipeline_run
FN:51,create_test_runner
FN:56,create_simple_pipeline_definition
FN:98,create_test_scheduler
FN:103,create_scheduler_test_app
FN:110,create_test_db_pool
FNF:9
FNDA:3,create_test_user
FNDA:3,create_test_repo
FNDA:2,create_test_pipeline
FNDA:1,create_test_pipeline_run
FNDA:1,create_test_runner
FNDA:0,create_simple_pipeline_definition
FNDA:0,create_test_scheduler
FNDA:0,create_scheduler_test_app
FNDA:12,create_test_db_pool
DA:11,3
DA:13,4
DA:14,7
DA:15,1
DA:20,3
DA:22,3
DA:24,6
DA:29,2
DA:31,2
DA:33,1
DA:34,2
DA:35,4
DA:36,2
DA:41,1
DA:43,3
DA:45,1
DA:46,2
DA:51,1
DA:52,2
DA:56,0
DA:58,0
DA:59,0
DA:60,0
DA:61,0
DA:62,0
DA:98,0
DA:99,0
DA:103,0
DA:104,0
DA:105,0
DA:106,0
DA:110,12
DA:111,12
DA:112,6
DA:113,3
LF:35
LH:23
end_of_record
